<?xml version="1.0" encoding="UTF-8"?>
<coverage generated="1753183396322" clover="3.2.0">
  <project timestamp="1753183396322" name="All files">
    <metrics statements="3310" coveredstatements="3175" conditionals="660" coveredconditionals="611" methods="118" coveredmethods="108" elements="4088" coveredelements="3894" complexity="0" loc="3310" ncloc="3310" packages="9" files="28" classes="28"/>
    <package name="todo-calendar-webapp">
      <metrics statements="17" coveredstatements="0" conditionals="2" coveredconditionals="0" methods="2" coveredmethods="0"/>
      <file name="postcss.config.js" path="C:\badkitten18\dev\todo-calendar-webapp\postcss.config.js">
        <metrics statements="6" coveredstatements="0" conditionals="1" coveredconditionals="0" methods="1" coveredmethods="0"/>
        <line num="1" count="0" type="cond" truecount="0" falsecount="1"/>
        <line num="2" count="0" type="stmt"/>
        <line num="3" count="0" type="stmt"/>
        <line num="4" count="0" type="stmt"/>
        <line num="5" count="0" type="stmt"/>
        <line num="6" count="0" type="stmt"/>
      </file>
      <file name="tailwind.config.js" path="C:\badkitten18\dev\todo-calendar-webapp\tailwind.config.js">
        <metrics statements="11" coveredstatements="0" conditionals="1" coveredconditionals="0" methods="1" coveredmethods="0"/>
        <line num="1" count="0" type="cond" truecount="0" falsecount="1"/>
        <line num="2" count="0" type="stmt"/>
        <line num="3" count="0" type="stmt"/>
        <line num="4" count="0" type="stmt"/>
        <line num="5" count="0" type="stmt"/>
        <line num="6" count="0" type="stmt"/>
        <line num="7" count="0" type="stmt"/>
        <line num="8" count="0" type="stmt"/>
        <line num="9" count="0" type="stmt"/>
        <line num="10" count="0" type="stmt"/>
        <line num="11" count="0" type="stmt"/>
      </file>
    </package>
    <package name="todo-calendar-webapp.src">
      <metrics statements="64" coveredstatements="41" conditionals="9" coveredconditionals="6" methods="4" coveredmethods="1"/>
      <file name="App.jsx" path="C:\badkitten18\dev\todo-calendar-webapp\src\App.jsx">
        <metrics statements="41" coveredstatements="41" conditionals="6" coveredconditionals="6" methods="1" coveredmethods="1"/>
        <line num="1" count="1" type="stmt"/>
        <line num="2" count="1" type="stmt"/>
        <line num="3" count="1" type="stmt"/>
        <line num="4" count="1" type="stmt"/>
        <line num="5" count="1" type="stmt"/>
        <line num="11" count="35" type="cond" truecount="1" falsecount="0"/>
        <line num="12" count="35" type="stmt"/>
        <line num="13" count="35" type="stmt"/>
        <line num="16" count="35" type="cond" truecount="1" falsecount="0"/>
        <line num="17" count="21" type="cond" truecount="1" falsecount="0"/>
        <line num="18" count="11" type="stmt"/>
        <line num="19" count="21" type="stmt"/>
        <line num="21" count="21" type="cond" truecount="1" falsecount="0"/>
        <line num="22" count="35" type="stmt"/>
        <line num="24" count="35" type="stmt"/>
        <line num="25" count="35" type="stmt"/>
        <line num="26" count="35" type="stmt"/>
        <line num="28" count="35" type="stmt"/>
        <line num="29" count="35" type="stmt"/>
        <line num="30" count="35" type="stmt"/>
        <line num="31" count="35" type="stmt"/>
        <line num="34" count="35" type="stmt"/>
        <line num="35" count="35" type="stmt"/>
        <line num="36" count="35" type="stmt"/>
        <line num="37" count="35" type="stmt"/>
        <line num="38" count="35" type="stmt"/>
        <line num="39" count="35" type="stmt"/>
        <line num="41" count="35" type="cond" truecount="1" falsecount="0"/>
        <line num="42" count="21" type="stmt"/>
        <line num="43" count="21" type="stmt"/>
        <line num="44" count="21" type="cond" truecount="1" falsecount="0"/>
        <line num="46" count="14" type="stmt"/>
        <line num="48" count="35" type="stmt"/>
        <line num="49" count="35" type="stmt"/>
        <line num="52" count="35" type="stmt"/>
        <line num="53" count="35" type="stmt"/>
        <line num="54" count="35" type="stmt"/>
        <line num="55" count="35" type="stmt"/>
        <line num="56" count="35" type="stmt"/>
        <line num="58" count="35" type="stmt"/>
        <line num="60" count="1" type="stmt"/>
      </file>
      <file name="main.jsx" path="C:\badkitten18\dev\todo-calendar-webapp\src\main.jsx">
        <metrics statements="9" coveredstatements="0" conditionals="1" coveredconditionals="0" methods="1" coveredmethods="0"/>
        <line num="1" count="0" type="cond" truecount="0" falsecount="1"/>
        <line num="2" count="0" type="stmt"/>
        <line num="3" count="0" type="stmt"/>
        <line num="4" count="0" type="stmt"/>
        <line num="6" count="0" type="stmt"/>
        <line num="7" count="0" type="stmt"/>
        <line num="8" count="0" type="stmt"/>
        <line num="9" count="0" type="stmt"/>
        <line num="10" count="0" type="stmt"/>
      </file>
      <file name="postcss.config.js" path="C:\badkitten18\dev\todo-calendar-webapp\src\postcss.config.js">
        <metrics statements="6" coveredstatements="0" conditionals="1" coveredconditionals="0" methods="1" coveredmethods="0"/>
        <line num="1" count="0" type="cond" truecount="0" falsecount="1"/>
        <line num="2" count="0" type="stmt"/>
        <line num="3" count="0" type="stmt"/>
        <line num="4" count="0" type="stmt"/>
        <line num="5" count="0" type="stmt"/>
        <line num="6" count="0" type="stmt"/>
      </file>
      <file name="tailwind.config.js" path="C:\badkitten18\dev\todo-calendar-webapp\src\tailwind.config.js">
        <metrics statements="8" coveredstatements="0" conditionals="1" coveredconditionals="0" methods="1" coveredmethods="0"/>
        <line num="1" count="0" type="cond" truecount="0" falsecount="1"/>
        <line num="2" count="0" type="stmt"/>
        <line num="3" count="0" type="stmt"/>
        <line num="4" count="0" type="stmt"/>
        <line num="5" count="0" type="stmt"/>
        <line num="6" count="0" type="stmt"/>
        <line num="7" count="0" type="stmt"/>
        <line num="8" count="0" type="stmt"/>
      </file>
    </package>
    <package name="todo-calendar-webapp.src.components">
      <metrics statements="36" coveredstatements="36" conditionals="8" coveredconditionals="8" methods="4" coveredmethods="4"/>
      <file name="ErrorBoundary.jsx" path="C:\badkitten18\dev\todo-calendar-webapp\src\components\ErrorBoundary.jsx">
        <metrics statements="36" coveredstatements="36" conditionals="8" coveredconditionals="8" methods="4" coveredmethods="4"/>
        <line num="1" count="1" type="stmt"/>
        <line num="6" count="1" type="stmt"/>
        <line num="7" count="1" type="cond" truecount="1" falsecount="0"/>
        <line num="8" count="12" type="stmt"/>
        <line num="9" count="12" type="stmt"/>
        <line num="10" count="12" type="stmt"/>
        <line num="12" count="1" type="cond" truecount="1" falsecount="0"/>
        <line num="14" count="6" type="stmt"/>
        <line num="15" count="6" type="stmt"/>
        <line num="17" count="1" type="cond" truecount="1" falsecount="0"/>
        <line num="19" count="3" type="stmt"/>
        <line num="20" count="3" type="stmt"/>
        <line num="21" count="3" type="stmt"/>
        <line num="23" count="1" type="cond" truecount="1" falsecount="0"/>
        <line num="24" count="24" type="cond" truecount="1" falsecount="0"/>
        <line num="26" count="9" type="cond" truecount="1" falsecount="0"/>
        <line num="27" count="6" type="stmt"/>
        <line num="28" count="6" type="stmt"/>
        <line num="29" count="6" type="stmt"/>
        <line num="31" count="6" type="stmt"/>
        <line num="32" count="6" type="stmt"/>
        <line num="33" count="6" type="stmt"/>
        <line num="34" count="6" type="stmt"/>
        <line num="35" count="6" type="stmt"/>
        <line num="36" count="6" type="stmt"/>
        <line num="37" count="6" type="stmt"/>
        <line num="38" count="6" type="stmt"/>
        <line num="39" count="6" type="cond" truecount="1" falsecount="0"/>
        <line num="40" count="6" type="stmt"/>
        <line num="41" count="6" type="stmt"/>
        <line num="43" count="6" type="stmt"/>
        <line num="45" count="9" type="cond" truecount="1" falsecount="0"/>
        <line num="48" count="15" type="stmt"/>
        <line num="49" count="24" type="stmt"/>
        <line num="50" count="1" type="stmt"/>
        <line num="52" count="1" type="stmt"/>
      </file>
    </package>
    <package name="todo-calendar-webapp.src.components.Calendar">
      <metrics statements="458" coveredstatements="455" conditionals="117" coveredconditionals="110" methods="16" coveredmethods="15"/>
      <file name="Calendar.jsx" path="C:\badkitten18\dev\todo-calendar-webapp\src\components\Calendar\Calendar.jsx">
        <metrics statements="164" coveredstatements="162" conditionals="32" coveredconditionals="29" methods="1" coveredmethods="1"/>
        <line num="1" count="1" type="stmt"/>
        <line num="2" count="1" type="stmt"/>
        <line num="3" count="1" type="stmt"/>
        <line num="4" count="1" type="stmt"/>
        <line num="5" count="1" type="stmt"/>
        <line num="6" count="1" type="stmt"/>
        <line num="7" count="1" type="stmt"/>
        <line num="16" count="1" type="cond" truecount="1" falsecount="0"/>
        <line num="17" count="140" type="stmt"/>
        <line num="18" count="140" type="stmt"/>
        <line num="19" count="140" type="stmt"/>
        <line num="20" count="140" type="stmt"/>
        <line num="22" count="140" type="stmt"/>
        <line num="23" count="140" type="stmt"/>
        <line num="24" count="140" type="stmt"/>
        <line num="25" count="140" type="stmt"/>
        <line num="26" count="140" type="stmt"/>
        <line num="27" count="140" type="stmt"/>
        <line num="28" count="140" type="stmt"/>
        <line num="29" count="140" type="stmt"/>
        <line num="32" count="140" type="stmt"/>
        <line num="33" count="140" type="stmt"/>
        <line num="34" count="140" type="stmt"/>
        <line num="35" count="140" type="stmt"/>
        <line num="36" count="140" type="stmt"/>
        <line num="37" count="140" type="stmt"/>
        <line num="38" count="140" type="stmt"/>
        <line num="39" count="140" type="stmt"/>
        <line num="40" count="140" type="stmt"/>
        <line num="43" count="140" type="stmt"/>
        <line num="44" count="140" type="stmt"/>
        <line num="45" count="140" type="stmt"/>
        <line num="46" count="140" type="stmt"/>
        <line num="47" count="140" type="stmt"/>
        <line num="48" count="140" type="stmt"/>
        <line num="49" count="140" type="stmt"/>
        <line num="52" count="140" type="cond" truecount="1" falsecount="0"/>
        <line num="53" count="70" type="cond" truecount="1" falsecount="0"/>
        <line num="54" count="48" type="stmt"/>
        <line num="55" count="48" type="stmt"/>
        <line num="56" count="48" type="stmt"/>
        <line num="57" count="48" type="stmt"/>
        <line num="58" count="48" type="stmt"/>
        <line num="59" count="48" type="stmt"/>
        <line num="60" count="48" type="stmt"/>
        <line num="61" count="140" type="stmt"/>
        <line num="64" count="140" type="cond" truecount="1" falsecount="0"/>
        <line num="65" count="22" type="stmt"/>
        <line num="66" count="22" type="stmt"/>
        <line num="69" count="22" type="cond" truecount="1" falsecount="0"/>
        <line num="70" count="1" type="stmt"/>
        <line num="71" count="1" type="stmt"/>
        <line num="72" count="140" type="stmt"/>
        <line num="75" count="140" type="cond" truecount="1" falsecount="0"/>
        <line num="76" count="3" type="stmt"/>
        <line num="77" count="140" type="stmt"/>
        <line num="80" count="140" type="cond" truecount="1" falsecount="0"/>
        <line num="81" count="11" type="stmt"/>
        <line num="82" count="11" type="stmt"/>
        <line num="83" count="11" type="stmt"/>
        <line num="84" count="11" type="stmt"/>
        <line num="85" count="11" type="stmt"/>
        <line num="86" count="11" type="stmt"/>
        <line num="88" count="11" type="stmt"/>
        <line num="89" count="11" type="stmt"/>
        <line num="92" count="11" type="cond" truecount="1" falsecount="1"/>
        <line num="93" count="0" type="stmt"/>
        <line num="94" count="0" type="stmt"/>
        <line num="96" count="11" type="stmt"/>
        <line num="97" count="11" type="cond" truecount="1" falsecount="0"/>
        <line num="99" count="6" type="stmt"/>
        <line num="100" count="6" type="stmt"/>
        <line num="101" count="6" type="cond" truecount="0" falsecount="1"/>
        <line num="102" count="6" type="cond" truecount="1" falsecount="0"/>
        <line num="103" count="5" type="stmt"/>
        <line num="104" count="11" type="cond" truecount="1" falsecount="0"/>
        <line num="105" count="1" type="stmt"/>
        <line num="106" count="1" type="stmt"/>
        <line num="107" count="11" type="cond" truecount="1" falsecount="0"/>
        <line num="108" count="1" type="stmt"/>
        <line num="109" count="1" type="stmt"/>
        <line num="110" count="11" type="cond" truecount="1" falsecount="0"/>
        <line num="111" count="2" type="stmt"/>
        <line num="112" count="2" type="stmt"/>
        <line num="113" count="11" type="cond" truecount="1" falsecount="0"/>
        <line num="114" count="1" type="stmt"/>
        <line num="115" count="1" type="stmt"/>
        <line num="116" count="1" type="stmt"/>
        <line num="117" count="1" type="stmt"/>
        <line num="118" count="1" type="stmt"/>
        <line num="119" count="1" type="stmt"/>
        <line num="120" count="1" type="stmt"/>
        <line num="121" count="1" type="stmt"/>
        <line num="122" count="1" type="stmt"/>
        <line num="123" count="11" type="cond" truecount="1" falsecount="0"/>
        <line num="125" count="9" type="stmt"/>
        <line num="126" count="9" type="stmt"/>
        <line num="127" count="9" type="stmt"/>
        <line num="128" count="9" type="stmt"/>
        <line num="129" count="9" type="stmt"/>
        <line num="130" count="9" type="stmt"/>
        <line num="131" count="9" type="stmt"/>
        <line num="133" count="9" type="stmt"/>
        <line num="134" count="11" type="cond" truecount="1" falsecount="0"/>
        <line num="135" count="2" type="stmt"/>
        <line num="137" count="2" type="stmt"/>
        <line num="138" count="2" type="stmt"/>
        <line num="139" count="2" type="cond" truecount="0" falsecount="1"/>
        <line num="140" count="2" type="stmt"/>
        <line num="141" count="2" type="stmt"/>
        <line num="142" count="2" type="stmt"/>
        <line num="146" count="2" type="stmt"/>
        <line num="147" count="140" type="stmt"/>
        <line num="150" count="140" type="cond" truecount="3" falsecount="0"/>
        <line num="152" count="140" type="stmt"/>
        <line num="153" count="140" type="stmt"/>
        <line num="155" count="140" type="stmt"/>
        <line num="157" count="140" type="stmt"/>
        <line num="158" count="140" type="stmt"/>
        <line num="159" count="140" type="stmt"/>
        <line num="160" count="140" type="stmt"/>
        <line num="161" count="140" type="stmt"/>
        <line num="162" count="140" type="stmt"/>
        <line num="163" count="140" type="cond" truecount="1" falsecount="0"/>
        <line num="164" count="140" type="stmt"/>
        <line num="167" count="140" type="stmt"/>
        <line num="168" count="140" type="stmt"/>
        <line num="169" count="140" type="stmt"/>
        <line num="170" count="140" type="stmt"/>
        <line num="171" count="140" type="stmt"/>
        <line num="172" count="140" type="stmt"/>
        <line num="173" count="140" type="cond" truecount="1" falsecount="0"/>
        <line num="174" count="140" type="stmt"/>
        <line num="175" count="140" type="stmt"/>
        <line num="178" count="140" type="stmt"/>
        <line num="179" count="140" type="stmt"/>
        <line num="180" count="140" type="stmt"/>
        <line num="181" count="140" type="stmt"/>
        <line num="182" count="140" type="stmt"/>
        <line num="183" count="140" type="stmt"/>
        <line num="184" count="140" type="cond" truecount="1" falsecount="0"/>
        <line num="185" count="140" type="stmt"/>
        <line num="186" count="140" type="stmt"/>
        <line num="187" count="140" type="stmt"/>
        <line num="190" count="140" type="stmt"/>
        <line num="191" count="140" type="cond" truecount="1" falsecount="0"/>
        <line num="192" count="90" type="stmt"/>
        <line num="193" count="90" type="stmt"/>
        <line num="194" count="90" type="stmt"/>
        <line num="195" count="90" type="stmt"/>
        <line num="196" count="90" type="stmt"/>
        <line num="197" count="140" type="cond" truecount="1" falsecount="0"/>
        <line num="198" count="9" type="stmt"/>
        <line num="199" count="9" type="cond" truecount="1" falsecount="0"/>
        <line num="200" count="9" type="cond" truecount="1" falsecount="0"/>
        <line num="201" count="9" type="cond" truecount="1" falsecount="0"/>
        <line num="202" count="9" type="cond" truecount="1" falsecount="0"/>
        <line num="203" count="9" type="stmt"/>
        <line num="205" count="140" type="cond" truecount="1" falsecount="0"/>
        <line num="206" count="2" type="stmt"/>
        <line num="208" count="140" type="stmt"/>
        <line num="209" count="140" type="stmt"/>
        <line num="211" count="140" type="stmt"/>
        <line num="213" count="1" type="stmt"/>
      </file>
      <file name="CalendarDay.jsx" path="C:\badkitten18\dev\todo-calendar-webapp\src\components\Calendar\CalendarDay.jsx">
        <metrics statements="85" coveredstatements="85" conditionals="46" coveredconditionals="43" methods="3" coveredmethods="3"/>
        <line num="1" count="1" type="stmt"/>
        <line num="2" count="1" type="stmt"/>
        <line num="14" count="1" type="cond" truecount="1" falsecount="0"/>
        <line num="15" count="31" type="stmt"/>
        <line num="16" count="31" type="stmt"/>
        <line num="17" count="31" type="stmt"/>
        <line num="18" count="31" type="stmt"/>
        <line num="19" count="31" type="stmt"/>
        <line num="20" count="31" type="stmt"/>
        <line num="21" count="31" type="stmt"/>
        <line num="22" count="31" type="cond" truecount="1" falsecount="0"/>
        <line num="23" count="1" type="stmt"/>
        <line num="24" count="1" type="cond" truecount="1" falsecount="0"/>
        <line num="26" count="30" type="stmt"/>
        <line num="27" count="30" type="stmt"/>
        <line num="28" count="30" type="stmt"/>
        <line num="29" count="31" type="cond" truecount="1" falsecount="0"/>
        <line num="30" count="31" type="cond" truecount="3" falsecount="0"/>
        <line num="31" count="31" type="cond" truecount="3" falsecount="0"/>
        <line num="34" count="31" type="cond" truecount="1" falsecount="0"/>
        <line num="35" count="5" type="cond" truecount="2" falsecount="0"/>
        <line num="36" count="3" type="stmt"/>
        <line num="37" count="3" type="stmt"/>
        <line num="38" count="5" type="stmt"/>
        <line num="41" count="31" type="cond" truecount="1" falsecount="0"/>
        <line num="42" count="3" type="cond" truecount="2" falsecount="0"/>
        <line num="43" count="2" type="stmt"/>
        <line num="44" count="2" type="stmt"/>
        <line num="45" count="2" type="stmt"/>
        <line num="46" count="3" type="stmt"/>
        <line num="49" count="31" type="stmt"/>
        <line num="57" count="31" type="cond" truecount="2" falsecount="0"/>
        <line num="58" count="31" type="stmt"/>
        <line num="61" count="31" type="stmt"/>
        <line num="63" count="31" type="cond" truecount="2" falsecount="0"/>
        <line num="66" count="31" type="cond" truecount="3" falsecount="0"/>
        <line num="69" count="31" type="cond" truecount="2" falsecount="0"/>
        <line num="72" count="31" type="cond" truecount="3" falsecount="0"/>
        <line num="75" count="31" type="cond" truecount="2" falsecount="1"/>
        <line num="76" count="31" type="stmt"/>
        <line num="78" count="31" type="stmt"/>
        <line num="80" count="31" type="stmt"/>
        <line num="81" count="31" type="stmt"/>
        <line num="82" count="31" type="stmt"/>
        <line num="83" count="31" type="stmt"/>
        <line num="84" count="31" type="stmt"/>
        <line num="85" count="31" type="cond" truecount="2" falsecount="0"/>
        <line num="86" count="31" type="stmt"/>
        <line num="87" count="31" type="stmt"/>
        <line num="88" count="31" type="stmt"/>
        <line num="89" count="31" type="stmt"/>
        <line num="90" count="31" type="stmt"/>
        <line num="91" count="31" type="stmt"/>
        <line num="92" count="31" type="cond" truecount="2" falsecount="1"/>
        <line num="93" count="31" type="stmt"/>
        <line num="94" count="31" type="stmt"/>
        <line num="97" count="31" type="stmt"/>
        <line num="98" count="31" type="stmt"/>
        <line num="99" count="31" type="stmt"/>
        <line num="102" count="31" type="cond" truecount="1" falsecount="0"/>
        <line num="103" count="5" type="stmt"/>
        <line num="105" count="5" type="cond" truecount="1" falsecount="0"/>
        <line num="106" count="4" type="stmt"/>
        <line num="107" count="4" type="stmt"/>
        <line num="108" count="4" type="cond" truecount="2" falsecount="0"/>
        <line num="109" count="4" type="stmt"/>
        <line num="113" count="5" type="cond" truecount="1" falsecount="0"/>
        <line num="114" count="4" type="stmt"/>
        <line num="115" count="4" type="stmt"/>
        <line num="116" count="4" type="cond" truecount="0" falsecount="1"/>
        <line num="117" count="4" type="stmt"/>
        <line num="121" count="5" type="cond" truecount="1" falsecount="0"/>
        <line num="122" count="3" type="stmt"/>
        <line num="123" count="3" type="stmt"/>
        <line num="124" count="3" type="stmt"/>
        <line num="125" count="3" type="stmt"/>
        <line num="127" count="5" type="stmt"/>
        <line num="131" count="31" type="cond" truecount="2" falsecount="0"/>
        <line num="132" count="2" type="stmt"/>
        <line num="136" count="31" type="cond" truecount="1" falsecount="0"/>
        <line num="137" count="3" type="stmt"/>
        <line num="141" count="31" type="stmt"/>
        <line num="142" count="31" type="stmt"/>
        <line num="144" count="31" type="stmt"/>
        <line num="146" count="1" type="stmt"/>
      </file>
      <file name="CalendarGrid.jsx" path="C:\badkitten18\dev\todo-calendar-webapp\src\components\Calendar\CalendarGrid.jsx">
        <metrics statements="85" coveredstatements="85" conditionals="20" coveredconditionals="20" methods="4" coveredmethods="4"/>
        <line num="1" count="1" type="stmt"/>
        <line num="2" count="1" type="stmt"/>
        <line num="3" count="1" type="stmt"/>
        <line num="4" count="1" type="stmt"/>
        <line num="15" count="1" type="cond" truecount="1" falsecount="0"/>
        <line num="16" count="25" type="stmt"/>
        <line num="17" count="25" type="stmt"/>
        <line num="18" count="25" type="stmt"/>
        <line num="19" count="25" type="stmt"/>
        <line num="20" count="25" type="stmt"/>
        <line num="21" count="25" type="stmt"/>
        <line num="22" count="25" type="cond" truecount="1" falsecount="0"/>
        <line num="23" count="2" type="stmt"/>
        <line num="24" count="2" type="cond" truecount="1" falsecount="0"/>
        <line num="27" count="23" type="stmt"/>
        <line num="28" count="23" type="stmt"/>
        <line num="31" count="23" type="cond" truecount="1" falsecount="0"/>
        <line num="32" count="924" type="stmt"/>
        <line num="33" count="924" type="stmt"/>
        <line num="36" count="23" type="cond" truecount="1" falsecount="0"/>
        <line num="37" count="924" type="cond" truecount="2" falsecount="0"/>
        <line num="38" count="840" type="stmt"/>
        <line num="39" count="924" type="stmt"/>
        <line num="42" count="23" type="stmt"/>
        <line num="43" count="25" type="cond" truecount="1" falsecount="0"/>
        <line num="44" count="132" type="stmt"/>
        <line num="45" count="132" type="cond" truecount="1" falsecount="0"/>
        <line num="48" count="23" type="cond" truecount="1" falsecount="0"/>
        <line num="49" count="18" type="stmt"/>
        <line num="50" count="18" type="stmt"/>
        <line num="51" count="18" type="stmt"/>
        <line num="52" count="18" type="stmt"/>
        <line num="53" count="18" type="stmt"/>
        <line num="54" count="18" type="stmt"/>
        <line num="56" count="23" type="stmt"/>
        <line num="57" count="23" type="stmt"/>
        <line num="59" count="23" type="stmt"/>
        <line num="62" count="25" type="cond" truecount="2" falsecount="0"/>
        <line num="64" count="25" type="cond" truecount="1" falsecount="0"/>
        <line num="65" count="3" type="stmt"/>
        <line num="67" count="3" type="stmt"/>
        <line num="71" count="25" type="cond" truecount="1" falsecount="0"/>
        <line num="72" count="154" type="stmt"/>
        <line num="73" count="154" type="stmt"/>
        <line num="74" count="154" type="stmt"/>
        <line num="76" count="154" type="stmt"/>
        <line num="77" count="154" type="stmt"/>
        <line num="78" count="154" type="stmt"/>
        <line num="79" count="25" type="stmt"/>
        <line num="80" count="25" type="stmt"/>
        <line num="83" count="25" type="stmt"/>
        <line num="84" count="25" type="cond" truecount="1" falsecount="0"/>
        <line num="85" count="132" type="stmt"/>
        <line num="86" count="132" type="stmt"/>
        <line num="87" count="132" type="cond" truecount="2" falsecount="0"/>
        <line num="90" count="132" type="cond" truecount="1" falsecount="0"/>
        <line num="91" count="18" type="stmt"/>
        <line num="92" count="18" type="stmt"/>
        <line num="93" count="18" type="stmt"/>
        <line num="97" count="132" type="cond" truecount="1" falsecount="0"/>
        <line num="98" count="924" type="stmt"/>
        <line num="99" count="924" type="stmt"/>
        <line num="100" count="924" type="stmt"/>
        <line num="101" count="924" type="stmt"/>
        <line num="102" count="924" type="stmt"/>
        <line num="103" count="924" type="stmt"/>
        <line num="104" count="924" type="stmt"/>
        <line num="105" count="924" type="stmt"/>
        <line num="106" count="132" type="stmt"/>
        <line num="107" count="132" type="stmt"/>
        <line num="108" count="25" type="stmt"/>
        <line num="109" count="25" type="stmt"/>
        <line num="110" count="25" type="stmt"/>
        <line num="115" count="25" type="stmt"/>
        <line num="116" count="25" type="stmt"/>
        <line num="117" count="25" type="cond" truecount="1" falsecount="0"/>
        <line num="118" count="21" type="stmt"/>
        <line num="119" count="21" type="stmt"/>
        <line num="120" count="21" type="stmt"/>
        <line num="121" count="21" type="stmt"/>
        <line num="122" count="21" type="stmt"/>
        <line num="123" count="25" type="stmt"/>
        <line num="124" count="25" type="stmt"/>
        <line num="126" count="25" type="stmt"/>
        <line num="128" count="1" type="stmt"/>
      </file>
      <file name="CalendarHeader.jsx" path="C:\badkitten18\dev\todo-calendar-webapp\src\components\Calendar\CalendarHeader.jsx">
        <metrics statements="124" coveredstatements="123" conditionals="19" coveredconditionals="18" methods="8" coveredmethods="7"/>
        <line num="1" count="1" type="stmt"/>
        <line num="2" count="1" type="stmt"/>
        <line num="3" count="1" type="stmt"/>
        <line num="15" count="1" type="cond" truecount="1" falsecount="0"/>
        <line num="16" count="25" type="stmt"/>
        <line num="17" count="25" type="stmt"/>
        <line num="18" count="25" type="stmt"/>
        <line num="19" count="25" type="stmt"/>
        <line num="20" count="25" type="stmt"/>
        <line num="21" count="25" type="stmt"/>
        <line num="22" count="25" type="stmt"/>
        <line num="23" count="25" type="cond" truecount="1" falsecount="0"/>
        <line num="24" count="2" type="stmt"/>
        <line num="25" count="2" type="cond" truecount="1" falsecount="0"/>
        <line num="28" count="23" type="cond" truecount="1" falsecount="0"/>
        <line num="29" count="2" type="stmt"/>
        <line num="30" count="2" type="stmt"/>
        <line num="31" count="2" type="stmt"/>
        <line num="32" count="2" type="stmt"/>
        <line num="34" count="23" type="cond" truecount="1" falsecount="0"/>
        <line num="35" count="2" type="stmt"/>
        <line num="36" count="2" type="stmt"/>
        <line num="37" count="2" type="stmt"/>
        <line num="38" count="2" type="stmt"/>
        <line num="40" count="23" type="cond" truecount="1" falsecount="0"/>
        <line num="41" count="1" type="stmt"/>
        <line num="42" count="1" type="stmt"/>
        <line num="43" count="1" type="stmt"/>
        <line num="44" count="1" type="stmt"/>
        <line num="47" count="23" type="cond" truecount="1" falsecount="0"/>
        <line num="48" count="2" type="cond" truecount="1" falsecount="0"/>
        <line num="49" count="2" type="stmt"/>
        <line num="50" count="2" type="stmt"/>
        <line num="51" count="2" type="stmt"/>
        <line num="52" count="2" type="stmt"/>
        <line num="55" count="25" type="cond" truecount="1" falsecount="0"/>
        <line num="56" count="25" type="cond" truecount="1" falsecount="0"/>
        <line num="59" count="25" type="stmt"/>
        <line num="62" count="25" type="stmt"/>
        <line num="63" count="25" type="cond" truecount="0" falsecount="1"/>
        <line num="64" count="0" type="stmt"/>
        <line num="66" count="25" type="stmt"/>
        <line num="67" count="25" type="stmt"/>
        <line num="69" count="25" type="stmt"/>
        <line num="70" count="25" type="stmt"/>
        <line num="71" count="25" type="stmt"/>
        <line num="72" count="25" type="stmt"/>
        <line num="73" count="25" type="stmt"/>
        <line num="74" count="25" type="cond" truecount="1" falsecount="0"/>
        <line num="75" count="25" type="stmt"/>
        <line num="76" count="25" type="stmt"/>
        <line num="77" count="25" type="stmt"/>
        <line num="79" count="25" type="stmt"/>
        <line num="80" count="25" type="stmt"/>
        <line num="81" count="25" type="stmt"/>
        <line num="82" count="25" type="stmt"/>
        <line num="83" count="25" type="stmt"/>
        <line num="84" count="25" type="stmt"/>
        <line num="86" count="25" type="stmt"/>
        <line num="87" count="25" type="stmt"/>
        <line num="88" count="25" type="stmt"/>
        <line num="89" count="25" type="stmt"/>
        <line num="90" count="25" type="stmt"/>
        <line num="91" count="25" type="stmt"/>
        <line num="92" count="25" type="stmt"/>
        <line num="93" count="25" type="stmt"/>
        <line num="94" count="25" type="stmt"/>
        <line num="97" count="25" type="stmt"/>
        <line num="98" count="25" type="stmt"/>
        <line num="99" count="25" type="stmt"/>
        <line num="100" count="25" type="stmt"/>
        <line num="101" count="25" type="stmt"/>
        <line num="104" count="25" type="stmt"/>
        <line num="106" count="25" type="cond" truecount="3" falsecount="0"/>
        <line num="107" count="5" type="stmt"/>
        <line num="108" count="5" type="stmt"/>
        <line num="109" count="5" type="stmt"/>
        <line num="110" count="5" type="stmt"/>
        <line num="111" count="5" type="stmt"/>
        <line num="112" count="5" type="stmt"/>
        <line num="113" count="5" type="stmt"/>
        <line num="114" count="5" type="stmt"/>
        <line num="115" count="5" type="stmt"/>
        <line num="117" count="5" type="stmt"/>
        <line num="121" count="25" type="stmt"/>
        <line num="122" count="25" type="stmt"/>
        <line num="123" count="25" type="stmt"/>
        <line num="124" count="25" type="stmt"/>
        <line num="125" count="25" type="cond" truecount="1" falsecount="0"/>
        <line num="126" count="25" type="stmt"/>
        <line num="127" count="25" type="stmt"/>
        <line num="128" count="25" type="stmt"/>
        <line num="130" count="25" type="stmt"/>
        <line num="131" count="25" type="stmt"/>
        <line num="132" count="25" type="stmt"/>
        <line num="133" count="25" type="stmt"/>
        <line num="134" count="25" type="stmt"/>
        <line num="135" count="25" type="stmt"/>
        <line num="137" count="25" type="stmt"/>
        <line num="138" count="25" type="stmt"/>
        <line num="139" count="25" type="stmt"/>
        <line num="140" count="25" type="stmt"/>
        <line num="141" count="25" type="stmt"/>
        <line num="142" count="25" type="stmt"/>
        <line num="143" count="25" type="stmt"/>
        <line num="144" count="25" type="stmt"/>
        <line num="145" count="25" type="stmt"/>
        <line num="148" count="25" type="cond" truecount="3" falsecount="0"/>
        <line num="149" count="5" type="stmt"/>
        <line num="150" count="5" type="stmt"/>
        <line num="151" count="5" type="stmt"/>
        <line num="152" count="5" type="stmt"/>
        <line num="153" count="5" type="stmt"/>
        <line num="154" count="5" type="stmt"/>
        <line num="155" count="5" type="stmt"/>
        <line num="156" count="5" type="stmt"/>
        <line num="158" count="5" type="stmt"/>
        <line num="159" count="5" type="stmt"/>
        <line num="163" count="25" type="stmt"/>
        <line num="164" count="25" type="stmt"/>
        <line num="165" count="25" type="stmt"/>
        <line num="166" count="25" type="stmt"/>
        <line num="168" count="25" type="stmt"/>
        <line num="170" count="1" type="stmt"/>
      </file>
    </package>
    <package name="todo-calendar-webapp.src.components.Todo">
      <metrics statements="768" coveredstatements="724" conditionals="149" coveredconditionals="137" methods="27" coveredmethods="26"/>
      <file name="TodoForm.jsx" path="C:\badkitten18\dev\todo-calendar-webapp\src\components\Todo\TodoForm.jsx">
        <metrics statements="191" coveredstatements="189" conditionals="55" coveredconditionals="51" methods="7" coveredmethods="7"/>
        <line num="1" count="1" type="stmt"/>
        <line num="2" count="1" type="stmt"/>
        <line num="3" count="1" type="stmt"/>
        <line num="4" count="1" type="stmt"/>
        <line num="5" count="1" type="stmt"/>
        <line num="16" count="1" type="cond" truecount="1" falsecount="0"/>
        <line num="17" count="146" type="stmt"/>
        <line num="18" count="146" type="stmt"/>
        <line num="19" count="146" type="stmt"/>
        <line num="20" count="146" type="stmt"/>
        <line num="21" count="146" type="stmt"/>
        <line num="22" count="146" type="stmt"/>
        <line num="23" count="146" type="stmt"/>
        <line num="24" count="146" type="stmt"/>
        <line num="25" count="146" type="stmt"/>
        <line num="26" count="146" type="stmt"/>
        <line num="27" count="146" type="stmt"/>
        <line num="28" count="146" type="stmt"/>
        <line num="29" count="146" type="stmt"/>
        <line num="32" count="146" type="stmt"/>
        <line num="35" count="146" type="cond" truecount="1" falsecount="0"/>
        <line num="36" count="17" type="cond" truecount="1" falsecount="0"/>
        <line num="37" count="2" type="stmt"/>
        <line num="38" count="2" type="cond" truecount="0" falsecount="1"/>
        <line num="39" count="2" type="cond" truecount="0" falsecount="1"/>
        <line num="40" count="2" type="stmt"/>
        <line num="41" count="17" type="cond" truecount="1" falsecount="0"/>
        <line num="42" count="15" type="stmt"/>
        <line num="43" count="15" type="stmt"/>
        <line num="44" count="15" type="stmt"/>
        <line num="45" count="15" type="stmt"/>
        <line num="46" count="15" type="stmt"/>
        <line num="47" count="17" type="stmt"/>
        <line num="48" count="17" type="stmt"/>
        <line num="49" count="17" type="stmt"/>
        <line num="50" count="146" type="stmt"/>
        <line num="53" count="146" type="stmt"/>
        <line num="54" count="146" type="stmt"/>
        <line num="55" count="146" type="stmt"/>
        <line num="56" count="146" type="stmt"/>
        <line num="57" count="146" type="stmt"/>
        <line num="58" count="146" type="stmt"/>
        <line num="59" count="146" type="stmt"/>
        <line num="60" count="146" type="stmt"/>
        <line num="61" count="146" type="stmt"/>
        <line num="62" count="146" type="stmt"/>
        <line num="63" count="146" type="stmt"/>
        <line num="64" count="146" type="stmt"/>
        <line num="67" count="146" type="cond" truecount="1" falsecount="0"/>
        <line num="68" count="5" type="stmt"/>
        <line num="69" count="5" type="stmt"/>
        <line num="70" count="5" type="stmt"/>
        <line num="71" count="5" type="stmt"/>
        <line num="74" count="146" type="cond" truecount="2" falsecount="0"/>
        <line num="75" count="92" type="stmt"/>
        <line num="76" count="92" type="cond" truecount="1" falsecount="0"/>
        <line num="77" count="92" type="stmt"/>
        <line num="78" count="92" type="stmt"/>
        <line num="79" count="92" type="stmt"/>
        <line num="82" count="92" type="cond" truecount="1" falsecount="0"/>
        <line num="83" count="3" type="cond" truecount="1" falsecount="0"/>
        <line num="84" count="3" type="stmt"/>
        <line num="85" count="3" type="stmt"/>
        <line num="86" count="3" type="stmt"/>
        <line num="87" count="3" type="stmt"/>
        <line num="90" count="92" type="cond" truecount="0" falsecount="1"/>
        <line num="91" count="0" type="stmt"/>
        <line num="92" count="0" type="stmt"/>
        <line num="93" count="92" type="stmt"/>
        <line num="96" count="146" type="cond" truecount="2" falsecount="0"/>
        <line num="97" count="14" type="cond" truecount="1" falsecount="0"/>
        <line num="98" count="14" type="stmt"/>
        <line num="99" count="14" type="stmt"/>
        <line num="100" count="14" type="stmt"/>
        <line num="103" count="14" type="cond" truecount="2" falsecount="0"/>
        <line num="104" count="4" type="cond" truecount="1" falsecount="0"/>
        <line num="105" count="4" type="stmt"/>
        <line num="106" count="4" type="stmt"/>
        <line num="107" count="4" type="stmt"/>
        <line num="108" count="14" type="cond" truecount="3" falsecount="0"/>
        <line num="109" count="2" type="cond" truecount="1" falsecount="0"/>
        <line num="110" count="2" type="stmt"/>
        <line num="111" count="2" type="stmt"/>
        <line num="112" count="2" type="stmt"/>
        <line num="113" count="10" type="cond" truecount="3" falsecount="0"/>
        <line num="114" count="1" type="cond" truecount="1" falsecount="0"/>
        <line num="115" count="1" type="stmt"/>
        <line num="116" count="1" type="stmt"/>
        <line num="117" count="1" type="stmt"/>
        <line num="118" count="1" type="stmt"/>
        <line num="119" count="14" type="stmt"/>
        <line num="122" count="146" type="cond" truecount="1" falsecount="0"/>
        <line num="123" count="5" type="stmt"/>
        <line num="126" count="5" type="stmt"/>
        <line num="127" count="5" type="stmt"/>
        <line num="128" count="5" type="stmt"/>
        <line num="129" count="5" type="stmt"/>
        <line num="132" count="5" type="stmt"/>
        <line num="135" count="5" type="cond" truecount="1" falsecount="0"/>
        <line num="136" count="1" type="stmt"/>
        <line num="137" count="1" type="cond" truecount="1" falsecount="0"/>
        <line num="139" count="4" type="stmt"/>
        <line num="140" count="4" type="stmt"/>
        <line num="141" count="4" type="stmt"/>
        <line num="142" count="4" type="stmt"/>
        <line num="143" count="4" type="stmt"/>
        <line num="144" count="4" type="cond" truecount="1" falsecount="0"/>
        <line num="145" count="5" type="cond" truecount="1" falsecount="0"/>
        <line num="147" count="1" type="stmt"/>
        <line num="151" count="1" type="stmt"/>
        <line num="152" count="1" type="stmt"/>
        <line num="153" count="5" type="stmt"/>
        <line num="156" count="146" type="cond" truecount="1" falsecount="0"/>
        <line num="157" count="2" type="stmt"/>
        <line num="158" count="2" type="stmt"/>
        <line num="159" count="2" type="stmt"/>
        <line num="160" count="2" type="stmt"/>
        <line num="163" count="146" type="cond" truecount="1" falsecount="0"/>
        <line num="164" count="91" type="cond" truecount="2" falsecount="1"/>
        <line num="165" count="1" type="stmt"/>
        <line num="166" count="91" type="cond" truecount="2" falsecount="0"/>
        <line num="167" count="1" type="stmt"/>
        <line num="168" count="1" type="stmt"/>
        <line num="169" count="91" type="stmt"/>
        <line num="171" count="146" type="stmt"/>
        <line num="172" count="146" type="cond" truecount="2" falsecount="0"/>
        <line num="173" count="146" type="cond" truecount="2" falsecount="0"/>
        <line num="175" count="146" type="stmt"/>
        <line num="176" count="146" type="stmt"/>
        <line num="177" count="146" type="stmt"/>
        <line num="178" count="146" type="stmt"/>
        <line num="179" count="146" type="stmt"/>
        <line num="180" count="146" type="stmt"/>
        <line num="181" count="146" type="stmt"/>
        <line num="182" count="146" type="stmt"/>
        <line num="183" count="146" type="stmt"/>
        <line num="184" count="146" type="stmt"/>
        <line num="186" count="146" type="stmt"/>
        <line num="188" count="146" type="stmt"/>
        <line num="190" count="146" type="stmt"/>
        <line num="191" count="146" type="stmt"/>
        <line num="192" count="146" type="stmt"/>
        <line num="193" count="146" type="stmt"/>
        <line num="194" count="146" type="stmt"/>
        <line num="195" count="146" type="stmt"/>
        <line num="196" count="146" type="stmt"/>
        <line num="197" count="146" type="cond" truecount="2" falsecount="0"/>
        <line num="198" count="146" type="stmt"/>
        <line num="199" count="146" type="stmt"/>
        <line num="200" count="146" type="stmt"/>
        <line num="201" count="146" type="stmt"/>
        <line num="202" count="146" type="cond" truecount="3" falsecount="0"/>
        <line num="203" count="146" type="stmt"/>
        <line num="206" count="146" type="stmt"/>
        <line num="207" count="146" type="stmt"/>
        <line num="208" count="146" type="stmt"/>
        <line num="209" count="146" type="stmt"/>
        <line num="210" count="146" type="stmt"/>
        <line num="211" count="146" type="stmt"/>
        <line num="212" count="146" type="cond" truecount="2" falsecount="0"/>
        <line num="213" count="146" type="stmt"/>
        <line num="214" count="146" type="stmt"/>
        <line num="215" count="146" type="stmt"/>
        <line num="216" count="146" type="stmt"/>
        <line num="217" count="146" type="cond" truecount="3" falsecount="0"/>
        <line num="218" count="146" type="stmt"/>
        <line num="221" count="146" type="cond" truecount="1" falsecount="0"/>
        <line num="222" count="1" type="stmt"/>
        <line num="226" count="146" type="stmt"/>
        <line num="227" count="146" type="stmt"/>
        <line num="228" count="146" type="stmt"/>
        <line num="229" count="146" type="stmt"/>
        <line num="230" count="146" type="stmt"/>
        <line num="231" count="146" type="stmt"/>
        <line num="232" count="146" type="stmt"/>
        <line num="234" count="146" type="stmt"/>
        <line num="235" count="146" type="stmt"/>
        <line num="236" count="146" type="stmt"/>
        <line num="237" count="146" type="stmt"/>
        <line num="238" count="146" type="stmt"/>
        <line num="239" count="146" type="cond" truecount="1" falsecount="0"/>
        <line num="241" count="146" type="stmt"/>
        <line num="242" count="146" type="stmt"/>
        <line num="243" count="146" type="stmt"/>
        <line num="246" count="146" type="stmt"/>
        <line num="247" count="146" type="stmt"/>
        <line num="248" count="146" type="stmt"/>
        <line num="249" count="146" type="stmt"/>
        <line num="250" count="146" type="stmt"/>
        <line num="252" count="146" type="stmt"/>
        <line num="254" count="1" type="stmt"/>
      </file>
      <file name="TodoItem.jsx" path="C:\badkitten18\dev\todo-calendar-webapp\src\components\Todo\TodoItem.jsx">
        <metrics statements="197" coveredstatements="197" conditionals="31" coveredconditionals="31" methods="8" coveredmethods="8"/>
        <line num="1" count="1" type="stmt"/>
        <line num="2" count="1" type="stmt"/>
        <line num="13" count="1" type="cond" truecount="1" falsecount="0"/>
        <line num="14" count="25" type="stmt"/>
        <line num="15" count="25" type="stmt"/>
        <line num="16" count="25" type="stmt"/>
        <line num="17" count="25" type="stmt"/>
        <line num="18" count="25" type="stmt"/>
        <line num="19" count="25" type="stmt"/>
        <line num="20" count="25" type="stmt"/>
        <line num="22" count="25" type="cond" truecount="1" falsecount="0"/>
        <line num="23" count="1" type="stmt"/>
        <line num="24" count="1" type="cond" truecount="1" falsecount="0"/>
        <line num="26" count="24" type="cond" truecount="1" falsecount="0"/>
        <line num="27" count="4" type="cond" truecount="1" falsecount="0"/>
        <line num="28" count="3" type="stmt"/>
        <line num="29" count="3" type="stmt"/>
        <line num="30" count="4" type="stmt"/>
        <line num="32" count="24" type="cond" truecount="1" falsecount="0"/>
        <line num="33" count="1" type="stmt"/>
        <line num="34" count="1" type="stmt"/>
        <line num="35" count="1" type="stmt"/>
        <line num="36" count="1" type="stmt"/>
        <line num="38" count="24" type="cond" truecount="1" falsecount="0"/>
        <line num="39" count="3" type="stmt"/>
        <line num="40" count="3" type="stmt"/>
        <line num="42" count="24" type="cond" truecount="1" falsecount="0"/>
        <line num="43" count="1" type="stmt"/>
        <line num="44" count="1" type="stmt"/>
        <line num="45" count="1" type="stmt"/>
        <line num="46" count="1" type="stmt"/>
        <line num="47" count="1" type="stmt"/>
        <line num="49" count="24" type="cond" truecount="1" falsecount="0"/>
        <line num="50" count="1" type="stmt"/>
        <line num="51" count="1" type="stmt"/>
        <line num="54" count="24" type="cond" truecount="1" falsecount="0"/>
        <line num="55" count="2" type="cond" truecount="1" falsecount="0"/>
        <line num="56" count="2" type="stmt"/>
        <line num="57" count="2" type="stmt"/>
        <line num="58" count="2" type="stmt"/>
        <line num="59" count="2" type="stmt"/>
        <line num="61" count="24" type="stmt"/>
        <line num="63" count="25" type="cond" truecount="2" falsecount="0"/>
        <line num="64" count="25" type="cond" truecount="2" falsecount="0"/>
        <line num="65" count="25" type="stmt"/>
        <line num="67" count="25" type="stmt"/>
        <line num="69" count="25" type="cond" truecount="2" falsecount="0"/>
        <line num="70" count="25" type="stmt"/>
        <line num="72" count="25" type="stmt"/>
        <line num="74" count="25" type="cond" truecount="2" falsecount="0"/>
        <line num="75" count="25" type="stmt"/>
        <line num="77" count="25" type="stmt"/>
        <line num="78" count="25" type="stmt"/>
        <line num="80" count="25" type="stmt"/>
        <line num="82" count="25" type="stmt"/>
        <line num="83" count="25" type="stmt"/>
        <line num="84" count="25" type="stmt"/>
        <line num="85" count="25" type="stmt"/>
        <line num="86" count="25" type="cond" truecount="1" falsecount="0"/>
        <line num="87" count="25" type="stmt"/>
        <line num="88" count="25" type="stmt"/>
        <line num="90" count="25" type="cond" truecount="1" falsecount="0"/>
        <line num="91" count="3" type="cond" truecount="1" falsecount="0"/>
        <line num="92" count="21" type="stmt"/>
        <line num="93" count="25" type="stmt"/>
        <line num="94" count="25" type="cond" truecount="2" falsecount="0"/>
        <line num="95" count="25" type="stmt"/>
        <line num="96" count="25" type="cond" truecount="2" falsecount="0"/>
        <line num="98" count="25" type="cond" truecount="1" falsecount="0"/>
        <line num="99" count="3" type="stmt"/>
        <line num="100" count="3" type="stmt"/>
        <line num="101" count="3" type="stmt"/>
        <line num="102" count="3" type="stmt"/>
        <line num="103" count="3" type="stmt"/>
        <line num="105" count="3" type="stmt"/>
        <line num="106" count="3" type="stmt"/>
        <line num="107" count="3" type="stmt"/>
        <line num="108" count="3" type="stmt"/>
        <line num="109" count="3" type="stmt"/>
        <line num="110" count="3" type="stmt"/>
        <line num="112" count="25" type="stmt"/>
        <line num="113" count="25" type="stmt"/>
        <line num="116" count="25" type="stmt"/>
        <line num="117" count="25" type="stmt"/>
        <line num="118" count="25" type="stmt"/>
        <line num="119" count="25" type="stmt"/>
        <line num="120" count="25" type="cond" truecount="1" falsecount="0"/>
        <line num="121" count="23" type="stmt"/>
        <line num="122" count="23" type="stmt"/>
        <line num="123" count="23" type="stmt"/>
        <line num="127" count="25" type="stmt"/>
        <line num="128" count="25" type="stmt"/>
        <line num="129" count="25" type="stmt"/>
        <line num="130" count="25" type="stmt"/>
        <line num="131" count="25" type="cond" truecount="1" falsecount="0"/>
        <line num="132" count="3" type="stmt"/>
        <line num="133" count="3" type="stmt"/>
        <line num="134" count="3" type="stmt"/>
        <line num="135" count="3" type="stmt"/>
        <line num="136" count="3" type="stmt"/>
        <line num="137" count="3" type="stmt"/>
        <line num="139" count="25" type="stmt"/>
        <line num="140" count="25" type="stmt"/>
        <line num="143" count="25" type="stmt"/>
        <line num="144" count="25" type="stmt"/>
        <line num="145" count="25" type="stmt"/>
        <line num="146" count="25" type="stmt"/>
        <line num="147" count="25" type="stmt"/>
        <line num="148" count="25" type="stmt"/>
        <line num="149" count="25" type="stmt"/>
        <line num="150" count="25" type="stmt"/>
        <line num="152" count="25" type="stmt"/>
        <line num="153" count="25" type="stmt"/>
        <line num="154" count="25" type="stmt"/>
        <line num="155" count="25" type="stmt"/>
        <line num="156" count="25" type="stmt"/>
        <line num="157" count="25" type="stmt"/>
        <line num="159" count="25" type="stmt"/>
        <line num="160" count="25" type="stmt"/>
        <line num="161" count="25" type="stmt"/>
        <line num="162" count="25" type="stmt"/>
        <line num="163" count="25" type="stmt"/>
        <line num="164" count="25" type="stmt"/>
        <line num="165" count="25" type="stmt"/>
        <line num="166" count="25" type="stmt"/>
        <line num="168" count="25" type="stmt"/>
        <line num="169" count="25" type="stmt"/>
        <line num="170" count="25" type="stmt"/>
        <line num="171" count="25" type="stmt"/>
        <line num="172" count="25" type="stmt"/>
        <line num="173" count="25" type="stmt"/>
        <line num="174" count="25" type="stmt"/>
        <line num="176" count="25" type="stmt"/>
        <line num="177" count="25" type="stmt"/>
        <line num="178" count="25" type="stmt"/>
        <line num="179" count="25" type="stmt"/>
        <line num="180" count="25" type="stmt"/>
        <line num="181" count="25" type="stmt"/>
        <line num="183" count="25" type="stmt"/>
        <line num="184" count="25" type="stmt"/>
        <line num="185" count="25" type="stmt"/>
        <line num="186" count="25" type="stmt"/>
        <line num="187" count="25" type="stmt"/>
        <line num="188" count="25" type="stmt"/>
        <line num="189" count="25" type="stmt"/>
        <line num="190" count="25" type="stmt"/>
        <line num="191" count="25" type="stmt"/>
        <line num="192" count="25" type="stmt"/>
        <line num="195" count="25" type="cond" truecount="1" falsecount="0"/>
        <line num="196" count="3" type="stmt"/>
        <line num="197" count="3" type="stmt"/>
        <line num="198" count="3" type="stmt"/>
        <line num="200" count="3" type="stmt"/>
        <line num="201" count="3" type="stmt"/>
        <line num="202" count="3" type="stmt"/>
        <line num="203" count="3" type="stmt"/>
        <line num="204" count="3" type="stmt"/>
        <line num="205" count="3" type="stmt"/>
        <line num="206" count="3" type="stmt"/>
        <line num="208" count="3" type="stmt"/>
        <line num="209" count="3" type="stmt"/>
        <line num="210" count="3" type="stmt"/>
        <line num="211" count="3" type="stmt"/>
        <line num="212" count="3" type="stmt"/>
        <line num="213" count="3" type="stmt"/>
        <line num="215" count="3" type="stmt"/>
        <line num="216" count="3" type="stmt"/>
        <line num="217" count="3" type="stmt"/>
        <line num="218" count="3" type="stmt"/>
        <line num="222" count="25" type="cond" truecount="1" falsecount="0"/>
        <line num="223" count="3" type="stmt"/>
        <line num="224" count="3" type="stmt"/>
        <line num="225" count="3" type="stmt"/>
        <line num="226" count="3" type="stmt"/>
        <line num="227" count="3" type="stmt"/>
        <line num="228" count="3" type="stmt"/>
        <line num="229" count="3" type="stmt"/>
        <line num="231" count="3" type="stmt"/>
        <line num="232" count="3" type="stmt"/>
        <line num="233" count="3" type="stmt"/>
        <line num="234" count="3" type="stmt"/>
        <line num="235" count="3" type="stmt"/>
        <line num="236" count="3" type="stmt"/>
        <line num="237" count="3" type="stmt"/>
        <line num="238" count="3" type="stmt"/>
        <line num="239" count="3" type="stmt"/>
        <line num="240" count="3" type="stmt"/>
        <line num="241" count="3" type="stmt"/>
        <line num="242" count="3" type="stmt"/>
        <line num="243" count="3" type="stmt"/>
        <line num="244" count="3" type="stmt"/>
        <line num="245" count="3" type="stmt"/>
        <line num="246" count="3" type="stmt"/>
        <line num="247" count="3" type="stmt"/>
        <line num="249" count="25" type="stmt"/>
        <line num="251" count="25" type="stmt"/>
        <line num="253" count="1" type="stmt"/>
      </file>
      <file name="TodoList.jsx" path="C:\badkitten18\dev\todo-calendar-webapp\src\components\Todo\TodoList.jsx">
        <metrics statements="129" coveredstatements="129" conditionals="20" coveredconditionals="20" methods="1" coveredmethods="1"/>
        <line num="1" count="1" type="stmt"/>
        <line num="2" count="1" type="stmt"/>
        <line num="3" count="1" type="stmt"/>
        <line num="16" count="1" type="cond" truecount="1" falsecount="0"/>
        <line num="17" count="22" type="stmt"/>
        <line num="18" count="22" type="stmt"/>
        <line num="19" count="22" type="stmt"/>
        <line num="20" count="22" type="stmt"/>
        <line num="21" count="22" type="stmt"/>
        <line num="22" count="22" type="stmt"/>
        <line num="23" count="22" type="stmt"/>
        <line num="24" count="22" type="stmt"/>
        <line num="26" count="22" type="cond" truecount="2" falsecount="0"/>
        <line num="27" count="4" type="stmt"/>
        <line num="28" count="4" type="stmt"/>
        <line num="29" count="4" type="stmt"/>
        <line num="30" count="4" type="stmt"/>
        <line num="31" count="4" type="stmt"/>
        <line num="32" count="4" type="stmt"/>
        <line num="33" count="4" type="stmt"/>
        <line num="34" count="4" type="stmt"/>
        <line num="35" count="4" type="stmt"/>
        <line num="37" count="4" type="stmt"/>
        <line num="38" count="4" type="stmt"/>
        <line num="39" count="4" type="stmt"/>
        <line num="40" count="4" type="stmt"/>
        <line num="41" count="4" type="stmt"/>
        <line num="42" count="4" type="stmt"/>
        <line num="43" count="4" type="stmt"/>
        <line num="44" count="4" type="stmt"/>
        <line num="45" count="4" type="stmt"/>
        <line num="47" count="4" type="stmt"/>
        <line num="48" count="4" type="stmt"/>
        <line num="49" count="4" type="cond" truecount="1" falsecount="0"/>
        <line num="50" count="3" type="cond" truecount="1" falsecount="0"/>
        <line num="51" count="1" type="stmt"/>
        <line num="53" count="4" type="stmt"/>
        <line num="54" count="4" type="stmt"/>
        <line num="56" count="4" type="stmt"/>
        <line num="57" count="4" type="stmt"/>
        <line num="59" count="4" type="cond" truecount="1" falsecount="0"/>
        <line num="62" count="18" type="cond" truecount="1" falsecount="0"/>
        <line num="64" count="64" type="cond" truecount="1" falsecount="0"/>
        <line num="65" count="45" type="cond" truecount="2" falsecount="0"/>
        <line num="66" count="45" type="cond" truecount="1" falsecount="0"/>
        <line num="68" count="19" type="stmt"/>
        <line num="69" count="19" type="stmt"/>
        <line num="70" count="64" type="cond" truecount="2" falsecount="0"/>
        <line num="71" count="18" type="stmt"/>
        <line num="74" count="18" type="stmt"/>
        <line num="75" count="18" type="cond" truecount="1" falsecount="0"/>
        <line num="76" count="18" type="stmt"/>
        <line num="78" count="18" type="stmt"/>
        <line num="79" count="18" type="stmt"/>
        <line num="81" count="18" type="cond" truecount="1" falsecount="0"/>
        <line num="82" count="17" type="stmt"/>
        <line num="83" count="17" type="stmt"/>
        <line num="84" count="17" type="stmt"/>
        <line num="85" count="17" type="stmt"/>
        <line num="86" count="17" type="stmt"/>
        <line num="87" count="17" type="stmt"/>
        <line num="88" count="17" type="stmt"/>
        <line num="89" count="17" type="stmt"/>
        <line num="90" count="17" type="stmt"/>
        <line num="91" count="17" type="cond" truecount="1" falsecount="0"/>
        <line num="92" count="16" type="stmt"/>
        <line num="93" count="16" type="stmt"/>
        <line num="94" count="16" type="stmt"/>
        <line num="95" count="16" type="stmt"/>
        <line num="97" count="17" type="cond" truecount="1" falsecount="0"/>
        <line num="98" count="15" type="stmt"/>
        <line num="99" count="15" type="stmt"/>
        <line num="100" count="15" type="stmt"/>
        <line num="101" count="15" type="stmt"/>
        <line num="103" count="17" type="stmt"/>
        <line num="104" count="17" type="stmt"/>
        <line num="108" count="22" type="cond" truecount="1" falsecount="0"/>
        <line num="109" count="18" type="stmt"/>
        <line num="110" count="18" type="stmt"/>
        <line num="111" count="18" type="stmt"/>
        <line num="112" count="18" type="stmt"/>
        <line num="113" count="18" type="stmt"/>
        <line num="114" count="18" type="stmt"/>
        <line num="115" count="18" type="stmt"/>
        <line num="116" count="18" type="stmt"/>
        <line num="117" count="18" type="stmt"/>
        <line num="118" count="18" type="stmt"/>
        <line num="119" count="18" type="stmt"/>
        <line num="120" count="18" type="stmt"/>
        <line num="124" count="22" type="stmt"/>
        <line num="125" count="22" type="cond" truecount="1" falsecount="0"/>
        <line num="126" count="52" type="stmt"/>
        <line num="127" count="52" type="stmt"/>
        <line num="128" count="52" type="stmt"/>
        <line num="129" count="52" type="stmt"/>
        <line num="130" count="52" type="stmt"/>
        <line num="131" count="52" type="stmt"/>
        <line num="132" count="52" type="stmt"/>
        <line num="133" count="52" type="stmt"/>
        <line num="134" count="22" type="stmt"/>
        <line num="135" count="22" type="stmt"/>
        <line num="138" count="22" type="cond" truecount="1" falsecount="0"/>
        <line num="139" count="2" type="stmt"/>
        <line num="140" count="2" type="stmt"/>
        <line num="141" count="2" type="stmt"/>
        <line num="142" count="2" type="stmt"/>
        <line num="143" count="2" type="stmt"/>
        <line num="144" count="2" type="stmt"/>
        <line num="145" count="2" type="stmt"/>
        <line num="147" count="2" type="stmt"/>
        <line num="148" count="2" type="stmt"/>
        <line num="149" count="2" type="stmt"/>
        <line num="150" count="2" type="stmt"/>
        <line num="151" count="2" type="stmt"/>
        <line num="152" count="2" type="stmt"/>
        <line num="153" count="2" type="stmt"/>
        <line num="154" count="2" type="stmt"/>
        <line num="155" count="2" type="stmt"/>
        <line num="156" count="2" type="stmt"/>
        <line num="157" count="2" type="stmt"/>
        <line num="158" count="2" type="stmt"/>
        <line num="159" count="2" type="stmt"/>
        <line num="160" count="2" type="stmt"/>
        <line num="161" count="2" type="stmt"/>
        <line num="162" count="2" type="stmt"/>
        <line num="163" count="2" type="stmt"/>
        <line num="167" count="22" type="stmt"/>
        <line num="169" count="22" type="stmt"/>
        <line num="171" count="1" type="stmt"/>
      </file>
      <file name="TodoModal.jsx" path="C:\badkitten18\dev\todo-calendar-webapp\src\components\Todo\TodoModal.jsx">
        <metrics statements="251" coveredstatements="209" conditionals="43" coveredconditionals="35" methods="11" coveredmethods="10"/>
        <line num="1" count="1" type="stmt"/>
        <line num="2" count="1" type="stmt"/>
        <line num="3" count="1" type="stmt"/>
        <line num="4" count="1" type="stmt"/>
        <line num="5" count="1" type="stmt"/>
        <line num="6" count="1" type="stmt"/>
        <line num="20" count="1" type="cond" truecount="1" falsecount="0"/>
        <line num="21" count="52" type="stmt"/>
        <line num="22" count="52" type="stmt"/>
        <line num="23" count="52" type="stmt"/>
        <line num="24" count="52" type="stmt"/>
        <line num="25" count="52" type="stmt"/>
        <line num="26" count="52" type="stmt"/>
        <line num="27" count="52" type="stmt"/>
        <line num="28" count="52" type="stmt"/>
        <line num="29" count="52" type="stmt"/>
        <line num="30" count="52" type="stmt"/>
        <line num="31" count="52" type="stmt"/>
        <line num="32" count="52" type="stmt"/>
        <line num="33" count="52" type="stmt"/>
        <line num="36" count="52" type="stmt"/>
        <line num="39" count="52" type="cond" truecount="1" falsecount="0"/>
        <line num="40" count="24" type="cond" truecount="1" falsecount="0"/>
        <line num="41" count="22" type="stmt"/>
        <line num="42" count="22" type="stmt"/>
        <line num="43" count="22" type="stmt"/>
        <line num="44" count="22" type="stmt"/>
        <line num="45" count="22" type="stmt"/>
        <line num="46" count="52" type="stmt"/>
        <line num="49" count="52" type="cond" truecount="1" falsecount="0"/>
        <line num="50" count="23" type="cond" truecount="0" falsecount="1"/>
        <line num="51" count="0" type="stmt"/>
        <line num="52" count="0" type="stmt"/>
        <line num="53" count="52" type="stmt"/>
        <line num="56" count="52" type="cond" truecount="1" falsecount="0"/>
        <line num="57" count="6" type="stmt"/>
        <line num="58" count="6" type="stmt"/>
        <line num="59" count="6" type="stmt"/>
        <line num="60" count="6" type="stmt"/>
        <line num="63" count="52" type="cond" truecount="1" falsecount="0"/>
        <line num="64" count="2" type="stmt"/>
        <line num="65" count="2" type="stmt"/>
        <line num="66" count="2" type="stmt"/>
        <line num="67" count="2" type="stmt"/>
        <line num="70" count="52" type="cond" truecount="1" falsecount="0"/>
        <line num="71" count="5" type="cond" truecount="0" falsecount="1"/>
        <line num="73" count="5" type="stmt"/>
        <line num="74" count="5" type="stmt"/>
        <line num="76" count="5" type="stmt"/>
        <line num="77" count="5" type="cond" truecount="1" falsecount="0"/>
        <line num="79" count="1" type="stmt"/>
        <line num="80" count="1" type="stmt"/>
        <line num="81" count="1" type="stmt"/>
        <line num="82" count="1" type="stmt"/>
        <line num="83" count="1" type="stmt"/>
        <line num="84" count="5" type="cond" truecount="1" falsecount="0"/>
        <line num="86" count="4" type="stmt"/>
        <line num="87" count="4" type="stmt"/>
        <line num="88" count="4" type="stmt"/>
        <line num="89" count="4" type="stmt"/>
        <line num="90" count="4" type="cond" truecount="1" falsecount="0"/>
        <line num="91" count="3" type="stmt"/>
        <line num="94" count="4" type="stmt"/>
        <line num="95" count="4" type="stmt"/>
        <line num="96" count="5" type="cond" truecount="1" falsecount="0"/>
        <line num="98" count="1" type="stmt"/>
        <line num="102" count="1" type="stmt"/>
        <line num="106" count="5" type="stmt"/>
        <line num="107" count="5" type="stmt"/>
        <line num="108" count="5" type="stmt"/>
        <line num="109" count="5" type="stmt"/>
        <line num="112" count="52" type="cond" truecount="1" falsecount="0"/>
        <line num="113" count="1" type="stmt"/>
        <line num="114" count="1" type="stmt"/>
        <line num="115" count="1" type="stmt"/>
        <line num="116" count="1" type="stmt"/>
        <line num="117" count="1" type="stmt"/>
        <line num="120" count="52" type="cond" truecount="1" falsecount="0"/>
        <line num="121" count="2" type="cond" truecount="1" falsecount="0"/>
        <line num="123" count="1" type="stmt"/>
        <line num="124" count="1" type="stmt"/>
        <line num="125" count="2" type="cond" truecount="0" falsecount="1"/>
        <line num="126" count="0" type="stmt"/>
        <line num="127" count="0" type="stmt"/>
        <line num="128" count="0" type="stmt"/>
        <line num="129" count="2" type="stmt"/>
        <line num="132" count="52" type="cond" truecount="1" falsecount="0"/>
        <line num="133" count="2" type="cond" truecount="1" falsecount="0"/>
        <line num="135" count="1" type="stmt"/>
        <line num="136" count="1" type="stmt"/>
        <line num="137" count="2" type="cond" truecount="0" falsecount="1"/>
        <line num="138" count="0" type="stmt"/>
        <line num="139" count="0" type="stmt"/>
        <line num="140" count="0" type="stmt"/>
        <line num="141" count="2" type="stmt"/>
        <line num="144" count="52" type="cond" truecount="1" falsecount="0"/>
        <line num="145" count="2" type="cond" truecount="0" falsecount="1"/>
        <line num="147" count="2" type="stmt"/>
        <line num="148" count="2" type="stmt"/>
        <line num="149" count="2" type="stmt"/>
        <line num="150" count="2" type="stmt"/>
        <line num="151" count="2" type="stmt"/>
        <line num="152" count="2" type="stmt"/>
        <line num="155" count="52" type="stmt"/>
        <line num="156" count="0" type="stmt"/>
        <line num="157" count="0" type="stmt"/>
        <line num="158" count="0" type="stmt"/>
        <line num="159" count="0" type="stmt"/>
        <line num="160" count="0" type="stmt"/>
        <line num="163" count="52" type="cond" truecount="1" falsecount="0"/>
        <line num="164" count="52" type="cond" truecount="1" falsecount="0"/>
        <line num="165" count="22" type="stmt"/>
        <line num="166" count="22" type="cond" truecount="1" falsecount="0"/>
        <line num="167" count="52" type="cond" truecount="2" falsecount="0"/>
        <line num="168" count="52" type="stmt"/>
        <line num="171" count="52" type="cond" truecount="1" falsecount="0"/>
        <line num="172" count="52" type="cond" truecount="1" falsecount="0"/>
        <line num="173" count="22" type="cond" truecount="2" falsecount="0"/>
        <line num="174" count="22" type="cond" truecount="1" falsecount="0"/>
        <line num="175" count="52" type="cond" truecount="2" falsecount="0"/>
        <line num="176" count="52" type="stmt"/>
        <line num="178" count="52" type="stmt"/>
        <line num="179" count="52" type="stmt"/>
        <line num="180" count="52" type="stmt"/>
        <line num="181" count="52" type="stmt"/>
        <line num="182" count="52" type="stmt"/>
        <line num="183" count="52" type="stmt"/>
        <line num="184" count="52" type="stmt"/>
        <line num="185" count="52" type="cond" truecount="1" falsecount="0"/>
        <line num="186" count="52" type="stmt"/>
        <line num="188" count="52" type="stmt"/>
        <line num="189" count="52" type="stmt"/>
        <line num="191" count="52" type="cond" truecount="1" falsecount="1"/>
        <line num="192" count="0" type="stmt"/>
        <line num="193" count="0" type="stmt"/>
        <line num="194" count="0" type="stmt"/>
        <line num="198" count="52" type="cond" truecount="0" falsecount="2"/>
        <line num="199" count="0" type="stmt"/>
        <line num="200" count="0" type="stmt"/>
        <line num="201" count="0" type="stmt"/>
        <line num="202" count="0" type="stmt"/>
        <line num="203" count="0" type="stmt"/>
        <line num="204" count="0" type="stmt"/>
        <line num="205" count="0" type="stmt"/>
        <line num="206" count="0" type="stmt"/>
        <line num="208" count="0" type="stmt"/>
        <line num="209" count="0" type="stmt"/>
        <line num="210" count="0" type="stmt"/>
        <line num="211" count="0" type="stmt"/>
        <line num="212" count="0" type="stmt"/>
        <line num="213" count="0" type="stmt"/>
        <line num="214" count="0" type="stmt"/>
        <line num="215" count="0" type="stmt"/>
        <line num="216" count="0" type="stmt"/>
        <line num="217" count="0" type="stmt"/>
        <line num="218" count="0" type="stmt"/>
        <line num="219" count="0" type="stmt"/>
        <line num="220" count="0" type="stmt"/>
        <line num="221" count="0" type="stmt"/>
        <line num="222" count="0" type="stmt"/>
        <line num="223" count="0" type="stmt"/>
        <line num="224" count="0" type="stmt"/>
        <line num="225" count="0" type="stmt"/>
        <line num="228" count="52" type="cond" truecount="1" falsecount="0"/>
        <line num="229" count="30" type="stmt"/>
        <line num="231" count="30" type="stmt"/>
        <line num="232" count="30" type="stmt"/>
        <line num="233" count="30" type="cond" truecount="1" falsecount="0"/>
        <line num="234" count="28" type="stmt"/>
        <line num="236" count="28" type="stmt"/>
        <line num="238" count="30" type="stmt"/>
        <line num="239" count="30" type="stmt"/>
        <line num="240" count="30" type="stmt"/>
        <line num="241" count="30" type="stmt"/>
        <line num="242" count="30" type="stmt"/>
        <line num="243" count="30" type="stmt"/>
        <line num="245" count="30" type="stmt"/>
        <line num="246" count="30" type="stmt"/>
        <line num="247" count="30" type="stmt"/>
        <line num="248" count="30" type="stmt"/>
        <line num="249" count="30" type="stmt"/>
        <line num="250" count="30" type="stmt"/>
        <line num="252" count="30" type="stmt"/>
        <line num="253" count="30" type="stmt"/>
        <line num="254" count="30" type="stmt"/>
        <line num="255" count="30" type="stmt"/>
        <line num="256" count="30" type="stmt"/>
        <line num="257" count="30" type="stmt"/>
        <line num="258" count="30" type="stmt"/>
        <line num="260" count="30" type="stmt"/>
        <line num="261" count="30" type="stmt"/>
        <line num="264" count="30" type="stmt"/>
        <line num="265" count="30" type="stmt"/>
        <line num="266" count="30" type="stmt"/>
        <line num="267" count="30" type="stmt"/>
        <line num="268" count="30" type="stmt"/>
        <line num="269" count="30" type="stmt"/>
        <line num="270" count="30" type="stmt"/>
        <line num="271" count="30" type="stmt"/>
        <line num="272" count="30" type="stmt"/>
        <line num="273" count="30" type="stmt"/>
        <line num="276" count="30" type="stmt"/>
        <line num="277" count="30" type="stmt"/>
        <line num="278" count="30" type="stmt"/>
        <line num="279" count="30" type="stmt"/>
        <line num="280" count="30" type="stmt"/>
        <line num="281" count="30" type="stmt"/>
        <line num="283" count="30" type="stmt"/>
        <line num="284" count="30" type="stmt"/>
        <line num="285" count="30" type="cond" truecount="1" falsecount="0"/>
        <line num="287" count="22" type="stmt"/>
        <line num="289" count="22" type="stmt"/>
        <line num="290" count="22" type="stmt"/>
        <line num="291" count="22" type="stmt"/>
        <line num="292" count="22" type="stmt"/>
        <line num="293" count="22" type="stmt"/>
        <line num="294" count="22" type="stmt"/>
        <line num="295" count="22" type="stmt"/>
        <line num="296" count="22" type="stmt"/>
        <line num="298" count="52" type="stmt"/>
        <line num="299" count="52" type="stmt"/>
        <line num="302" count="52" type="cond" truecount="1" falsecount="0"/>
        <line num="303" count="2" type="stmt"/>
        <line num="304" count="2" type="stmt"/>
        <line num="305" count="2" type="stmt"/>
        <line num="306" count="2" type="stmt"/>
        <line num="307" count="2" type="stmt"/>
        <line num="308" count="2" type="stmt"/>
        <line num="309" count="2" type="stmt"/>
        <line num="311" count="2" type="stmt"/>
        <line num="312" count="2" type="stmt"/>
        <line num="313" count="2" type="stmt"/>
        <line num="314" count="2" type="stmt"/>
        <line num="315" count="2" type="stmt"/>
        <line num="316" count="2" type="stmt"/>
        <line num="317" count="2" type="stmt"/>
        <line num="318" count="2" type="stmt"/>
        <line num="319" count="2" type="stmt"/>
        <line num="320" count="2" type="stmt"/>
        <line num="321" count="2" type="stmt"/>
        <line num="322" count="2" type="stmt"/>
        <line num="323" count="2" type="stmt"/>
        <line num="324" count="2" type="stmt"/>
        <line num="325" count="2" type="stmt"/>
        <line num="326" count="2" type="stmt"/>
        <line num="327" count="2" type="stmt"/>
        <line num="331" count="52" type="stmt"/>
        <line num="345" count="52" type="stmt"/>
        <line num="346" count="52" type="stmt"/>
        <line num="348" count="52" type="stmt"/>
        <line num="350" count="1" type="stmt"/>
      </file>
    </package>
    <package name="todo-calendar-webapp.src.components.UI">
      <metrics statements="458" coveredstatements="456" conditionals="96" coveredconditionals="92" methods="11" coveredmethods="11"/>
      <file name="Button.jsx" path="C:\badkitten18\dev\todo-calendar-webapp\src\components\UI\Button.jsx">
        <metrics statements="62" coveredstatements="62" conditionals="5" coveredconditionals="5" methods="2" coveredmethods="2"/>
        <line num="1" count="1" type="stmt"/>
        <line num="16" count="1" type="cond" truecount="1" falsecount="0"/>
        <line num="17" count="476" type="stmt"/>
        <line num="18" count="476" type="stmt"/>
        <line num="19" count="476" type="stmt"/>
        <line num="20" count="476" type="stmt"/>
        <line num="21" count="476" type="stmt"/>
        <line num="22" count="476" type="stmt"/>
        <line num="23" count="476" type="stmt"/>
        <line num="24" count="476" type="stmt"/>
        <line num="25" count="476" type="stmt"/>
        <line num="26" count="476" type="stmt"/>
        <line num="28" count="476" type="stmt"/>
        <line num="31" count="476" type="stmt"/>
        <line num="32" count="476" type="stmt"/>
        <line num="33" count="476" type="stmt"/>
        <line num="34" count="476" type="stmt"/>
        <line num="35" count="476" type="stmt"/>
        <line num="36" count="476" type="stmt"/>
        <line num="37" count="476" type="stmt"/>
        <line num="40" count="476" type="stmt"/>
        <line num="41" count="476" type="stmt"/>
        <line num="42" count="476" type="stmt"/>
        <line num="43" count="476" type="stmt"/>
        <line num="44" count="476" type="stmt"/>
        <line num="47" count="476" type="stmt"/>
        <line num="49" count="476" type="cond" truecount="1" falsecount="0"/>
        <line num="50" count="22" type="cond" truecount="1" falsecount="0"/>
        <line num="51" count="18" type="stmt"/>
        <line num="52" count="18" type="stmt"/>
        <line num="53" count="22" type="stmt"/>
        <line num="55" count="476" type="stmt"/>
        <line num="56" count="476" type="stmt"/>
        <line num="57" count="476" type="stmt"/>
        <line num="58" count="476" type="stmt"/>
        <line num="59" count="476" type="cond" truecount="1" falsecount="0"/>
        <line num="60" count="476" type="stmt"/>
        <line num="61" count="476" type="stmt"/>
        <line num="63" count="476" type="cond" truecount="1" falsecount="0"/>
        <line num="64" count="4" type="stmt"/>
        <line num="65" count="4" type="stmt"/>
        <line num="66" count="4" type="stmt"/>
        <line num="67" count="4" type="stmt"/>
        <line num="68" count="4" type="stmt"/>
        <line num="70" count="4" type="stmt"/>
        <line num="71" count="4" type="stmt"/>
        <line num="72" count="4" type="stmt"/>
        <line num="73" count="4" type="stmt"/>
        <line num="74" count="4" type="stmt"/>
        <line num="75" count="4" type="stmt"/>
        <line num="76" count="4" type="stmt"/>
        <line num="77" count="4" type="stmt"/>
        <line num="78" count="4" type="stmt"/>
        <line num="79" count="4" type="stmt"/>
        <line num="80" count="4" type="stmt"/>
        <line num="81" count="4" type="stmt"/>
        <line num="82" count="4" type="stmt"/>
        <line num="83" count="4" type="stmt"/>
        <line num="85" count="476" type="stmt"/>
        <line num="86" count="476" type="stmt"/>
        <line num="88" count="476" type="stmt"/>
        <line num="90" count="1" type="stmt"/>
[...]
        <line num="7" count="1" type="cond" truecount="1" falsecount="0"/>
        <line num="8" count="14" type="stmt"/>
        <line num="9" count="14" type="stmt"/>
        <line num="10" count="1" type="stmt"/>
        <line num="11" count="1" type="stmt"/>
        <line num="12" count="1" type="stmt"/>
        <line num="13" count="1" type="stmt"/>
        <line num="14" count="1" type="stmt"/>
        <line num="15" count="1" type="stmt"/>
        <line num="16" count="1" type="stmt"/>
        <line num="17" count="1" type="stmt"/>
        <line num="18" count="1" type="cond" truecount="1" falsecount="0"/>
        <line num="19" count="19" type="cond" truecount="3" falsecount="0"/>
        <line num="20" count="7" type="stmt"/>
        <line num="21" count="7" type="cond" truecount="1" falsecount="0"/>
        <line num="22" count="12" type="stmt"/>
        <line num="23" count="12" type="stmt"/>
        <line num="24" count="12" type="stmt"/>
        <line num="25" count="12" type="stmt"/>
        <line num="26" count="12" type="stmt"/>
        <line num="27" count="12" type="stmt"/>
        <line num="28" count="12" type="stmt"/>
        <line num="29" count="12" type="stmt"/>
        <line num="30" count="12" type="stmt"/>
        <line num="31" count="12" type="stmt"/>
        <line num="32" count="12" type="stmt"/>
        <line num="33" count="12" type="stmt"/>
        <line num="34" count="12" type="stmt"/>
        <line num="35" count="12" type="stmt"/>
        <line num="36" count="1" type="stmt"/>
        <line num="37" count="1" type="stmt"/>
        <line num="38" count="1" type="stmt"/>
        <line num="39" count="1" type="stmt"/>
        <line num="40" count="1" type="stmt"/>
        <line num="41" count="1" type="stmt"/>
        <line num="42" count="1" type="stmt"/>
        <line num="43" count="1" type="cond" truecount="1" falsecount="0"/>
        <line num="44" count="19" type="cond" truecount="2" falsecount="0"/>
        <line num="45" count="1" type="stmt"/>
        <line num="46" count="1" type="cond" truecount="1" falsecount="0"/>
        <line num="47" count="18" type="stmt"/>
        <line num="48" count="19" type="cond" truecount="1" falsecount="0"/>
        <line num="49" count="1" type="stmt"/>
        <line num="50" count="1" type="cond" truecount="1" falsecount="0"/>
        <line num="51" count="17" type="stmt"/>
        <line num="52" count="17" type="stmt"/>
        <line num="53" count="17" type="stmt"/>
        <line num="54" count="17" type="stmt"/>
        <line num="55" count="19" type="cond" truecount="1" falsecount="0"/>
        <line num="56" count="6" type="cond" truecount="2" falsecount="0"/>
        <line num="57" count="2" type="stmt"/>
        <line num="58" count="2" type="cond" truecount="1" falsecount="0"/>
        <line num="59" count="4" type="stmt"/>
        <line num="60" count="4" type="cond" truecount="1" falsecount="0"/>
        <line num="61" count="15" type="stmt"/>
        <line num="62" count="15" type="stmt"/>
        <line num="63" count="19" type="cond" truecount="1" falsecount="0"/>
        <line num="64" count="2" type="cond" truecount="0" falsecount="1"/>
        <line num="65" count="2" type="cond" truecount="1" falsecount="0"/>
        <line num="66" count="15" type="stmt"/>
        <line num="67" count="15" type="stmt"/>
        <line num="68" count="19" type="cond" truecount="1" falsecount="0"/>
        <line num="69" count="8" type="stmt"/>
        <line num="70" count="8" type="cond" truecount="1" falsecount="0"/>
        <line num="71" count="15" type="stmt"/>
        <line num="72" count="15" type="stmt"/>
        <line num="73" count="19" type="cond" truecount="1" falsecount="0"/>
        <line num="74" count="3" type="cond" truecount="1" falsecount="0"/>
        <line num="75" count="1" type="stmt"/>
        <line num="76" count="1" type="cond" truecount="1" falsecount="0"/>
        <line num="77" count="2" type="stmt"/>
        <line num="78" count="2" type="cond" truecount="1" falsecount="0"/>
        <line num="79" count="14" type="stmt"/>
        <line num="80" count="14" type="stmt"/>
        <line num="81" count="14" type="stmt"/>
        <line num="82" count="14" type="stmt"/>
        <line num="83" count="14" type="stmt"/>
        <line num="84" count="14" type="stmt"/>
        <line num="85" count="1" type="stmt"/>
        <line num="86" count="1" type="stmt"/>
        <line num="87" count="1" type="stmt"/>
        <line num="88" count="1" type="stmt"/>
        <line num="89" count="1" type="stmt"/>
        <line num="90" count="1" type="stmt"/>
        <line num="91" count="1" type="cond" truecount="1" falsecount="0"/>
        <line num="92" count="3" type="stmt"/>
        <line num="93" count="3" type="stmt"/>
        <line num="94" count="1" type="stmt"/>
        <line num="95" count="1" type="stmt"/>
        <line num="96" count="1" type="stmt"/>
        <line num="97" count="1" type="stmt"/>
        <line num="98" count="1" type="stmt"/>
        <line num="99" count="1" type="stmt"/>
        <line num="100" count="1" type="cond" truecount="1" falsecount="0"/>
        <line num="101" count="18" type="cond" truecount="2" falsecount="0"/>
        <line num="102" count="2" type="stmt"/>
        <line num="103" count="2" type="cond" truecount="1" falsecount="0"/>
        <line num="104" count="16" type="stmt"/>
        <line num="105" count="16" type="stmt"/>
        <line num="106" count="16" type="cond" truecount="1" falsecount="0"/>
        <line num="107" count="16" type="stmt"/>
        <line num="108" count="18" type="cond" truecount="1" falsecount="0"/>
        <line num="109" count="2" type="stmt"/>
        <line num="110" count="2" type="cond" truecount="1" falsecount="0"/>
        <line num="111" count="14" type="stmt"/>
        <line num="112" count="18" type="cond" truecount="0" falsecount="1"/>
        <line num="113" count="0" type="stmt"/>
        <line num="114" count="0" type="cond" truecount="1" falsecount="0"/>
        <line num="115" count="14" type="stmt"/>
        <line num="116" count="18" type="cond" truecount="0" falsecount="1"/>
        <line num="117" count="0" type="stmt"/>
        <line num="118" count="0" type="cond" truecount="1" falsecount="0"/>
        <line num="119" count="14" type="stmt"/>
        <line num="120" count="18" type="cond" truecount="1" falsecount="0"/>
        <line num="121" count="1" type="stmt"/>
        <line num="122" count="1" type="cond" truecount="1" falsecount="0"/>
        <line num="123" count="13" type="stmt"/>
        <line num="124" count="18" type="cond" truecount="1" falsecount="0"/>
        <line num="125" count="1" type="stmt"/>
        <line num="126" count="1" type="cond" truecount="1" falsecount="0"/>
        <line num="127" count="12" type="stmt"/>
        <line num="128" count="18" type="cond" truecount="0" falsecount="1"/>
        <line num="129" count="0" type="stmt"/>
        <line num="130" count="0" type="cond" truecount="1" falsecount="0"/>
        <line num="131" count="12" type="stmt"/>
        <line num="132" count="12" type="stmt"/>
        <line num="133" count="12" type="stmt"/>
        <line num="134" count="1" type="stmt"/>
        <line num="135" count="1" type="stmt"/>
        <line num="136" count="1" type="stmt"/>
        <line num="137" count="1" type="stmt"/>
        <line num="138" count="1" type="stmt"/>
        <line num="139" count="1" type="stmt"/>
        <line num="140" count="1" type="stmt"/>
        <line num="141" count="1" type="cond" truecount="1" falsecount="0"/>
        <line num="142" count="11" type="stmt"/>
        <line num="143" count="11" type="stmt"/>
        <line num="144" count="11" type="stmt"/>
        <line num="145" count="11" type="stmt"/>
        <line num="146" count="11" type="stmt"/>
        <line num="147" count="11" type="cond" truecount="1" falsecount="0"/>
        <line num="148" count="5" type="stmt"/>
        <line num="149" count="5" type="cond" truecount="1" falsecount="0"/>
        <line num="150" count="10" type="stmt"/>
        <line num="151" count="10" type="stmt"/>
        <line num="152" count="10" type="cond" truecount="1" falsecount="0"/>
        <line num="153" count="11" type="cond" truecount="1" falsecount="0"/>
        <line num="154" count="1" type="stmt"/>
        <line num="155" count="1" type="cond" truecount="1" falsecount="0"/>
        <line num="156" count="9" type="stmt"/>
        <line num="157" count="9" type="stmt"/>
        <line num="158" count="9" type="stmt"/>
        <line num="159" count="9" type="stmt"/>
        <line num="160" count="9" type="stmt"/>
        <line num="161" count="1" type="stmt"/>
        <line num="162" count="1" type="stmt"/>
        <line num="163" count="1" type="stmt"/>
        <line num="164" count="1" type="stmt"/>
        <line num="165" count="1" type="stmt"/>
        <line num="166" count="1" type="stmt"/>
        <line num="167" count="1" type="stmt"/>
        <line num="168" count="1" type="stmt"/>
        <line num="169" count="1" type="cond" truecount="1" falsecount="0"/>
        <line num="170" count="9" type="stmt"/>
        <line num="171" count="9" type="stmt"/>
        <line num="172" count="9" type="stmt"/>
        <line num="173" count="9" type="stmt"/>
        <line num="174" count="9" type="stmt"/>
        <line num="175" count="9" type="stmt"/>
        <line num="176" count="9" type="cond" truecount="1" falsecount="0"/>
        <line num="177" count="12" type="cond" truecount="1" falsecount="0"/>
        <line num="178" count="12" type="cond" truecount="1" falsecount="0"/>
        <line num="179" count="6" type="stmt"/>
        <line num="180" count="6" type="stmt"/>
        <line num="181" count="6" type="stmt"/>
        <line num="182" count="6" type="stmt"/>
        <line num="183" count="6" type="stmt"/>
        <line num="184" count="6" type="stmt"/>
        <line num="185" count="6" type="cond" truecount="1" falsecount="0"/>
        <line num="186" count="6" type="stmt"/>
        <line num="187" count="6" type="stmt"/>
        <line num="188" count="6" type="stmt"/>
        <line num="189" count="6" type="stmt"/>
        <line num="190" count="6" type="stmt"/>
        <line num="191" count="6" type="stmt"/>
        <line num="192" count="6" type="stmt"/>
        <line num="193" count="6" type="stmt"/>
        <line num="194" count="12" type="stmt"/>
        <line num="195" count="9" type="stmt"/>
        <line num="196" count="9" type="cond" truecount="1" falsecount="0"/>
        <line num="197" count="3" type="stmt"/>
        <line num="198" count="3" type="cond" truecount="1" falsecount="0"/>
        <line num="199" count="6" type="stmt"/>
        <line num="200" count="6" type="stmt"/>
        <line num="201" count="6" type="stmt"/>
        <line num="202" count="6" type="stmt"/>
        <line num="203" count="6" type="stmt"/>
        <line num="204" count="6" type="stmt"/>
        <line num="205" count="6" type="stmt"/>
        <line num="206" count="6" type="stmt"/>
        <line num="207" count="6" type="stmt"/>
        <line num="208" count="6" type="stmt"/>
        <line num="209" count="1" type="stmt"/>
        <line num="210" count="1" type="stmt"/>
        <line num="211" count="1" type="stmt"/>
        <line num="212" count="1" type="stmt"/>
        <line num="213" count="1" type="stmt"/>
        <line num="214" count="1" type="stmt"/>
        <line num="215" count="1" type="stmt"/>
        <line num="216" count="1" type="cond" truecount="1" falsecount="0"/>
        <line num="217" count="6" type="stmt"/>
        <line num="218" count="6" type="stmt"/>
        <line num="219" count="6" type="stmt"/>
        <line num="220" count="6" type="cond" truecount="1" falsecount="0"/>
        <line num="221" count="8" type="cond" truecount="1" falsecount="0"/>
        <line num="222" count="8" type="cond" truecount="1" falsecount="0"/>
        <line num="223" count="4" type="stmt"/>
        <line num="224" count="4" type="cond" truecount="1" falsecount="0"/>
        <line num="225" count="4" type="stmt"/>
        <line num="226" count="4" type="stmt"/>
        <line num="227" count="4" type="stmt"/>
        <line num="228" count="4" type="stmt"/>
        <line num="229" count="4" type="stmt"/>
        <line num="230" count="4" type="stmt"/>
        <line num="231" count="4" type="stmt"/>
        <line num="232" count="4" type="stmt"/>
        <line num="233" count="8" type="stmt"/>
        <line num="234" count="6" type="stmt"/>
        <line num="235" count="6" type="cond" truecount="2" falsecount="0"/>
        <line num="236" count="2" type="stmt"/>
        <line num="237" count="2" type="cond" truecount="1" falsecount="0"/>
        <line num="238" count="4" type="stmt"/>
        <line num="239" count="4" type="stmt"/>
        <line num="240" count="4" type="stmt"/>
        <line num="241" count="1" type="stmt"/>
        <line num="242" count="1" type="stmt"/>
        <line num="243" count="1" type="stmt"/>
        <line num="244" count="1" type="stmt"/>
        <line num="245" count="1" type="stmt"/>
        <line num="246" count="1" type="stmt"/>
        <line num="247" count="1" type="stmt"/>
        <line num="248" count="1" type="cond" truecount="1" falsecount="0"/>
        <line num="249" count="13" type="cond" truecount="2" falsecount="0"/>
        <line num="250" count="13" type="cond" truecount="1" falsecount="0"/>
        <line num="251" count="13" type="stmt"/>
        <line num="252" count="1" type="stmt"/>
        <line num="253" count="1" type="stmt"/>
        <line num="254" count="1" type="stmt"/>
        <line num="255" count="1" type="stmt"/>
        <line num="256" count="1" type="stmt"/>
        <line num="257" count="1" type="stmt"/>
        <line num="258" count="1" type="cond" truecount="1" falsecount="0"/>
        <line num="259" count="13" type="stmt"/>
        <line num="260" count="13" type="cond" truecount="1" falsecount="0"/>
        <line num="261" count="22" type="stmt"/>
        <line num="262" count="22" type="stmt"/>
        <line num="263" count="13" type="stmt"/>
        <line num="264" count="13" type="stmt"/>
        <line num="265" count="1" type="stmt"/>
        <line num="266" count="1" type="stmt"/>
        <line num="267" count="1" type="stmt"/>
        <line num="268" count="1" type="stmt"/>
        <line num="269" count="1" type="stmt"/>
        <line num="270" count="1" type="stmt"/>
        <line num="271" count="1" type="cond" truecount="1" falsecount="0"/>
        <line num="272" count="3" type="stmt"/>
        <line num="273" count="3" type="cond" truecount="1" falsecount="0"/>
        <line num="274" count="3" type="cond" truecount="1" falsecount="0"/>
        <line num="275" count="3" type="stmt"/>
        <line num="276" count="3" type="stmt"/>
        <line num="277" count="3" type="stmt"/>
        <line num="278" count="3" type="stmt"/>
        <line num="279" count="3" type="stmt"/>
        <line num="280" count="3" type="cond" truecount="2" falsecount="0"/>
        <line num="281" count="3" type="stmt"/>
        <line num="282" count="3" type="stmt"/>
        <line num="283" count="1" type="stmt"/>
        <line num="284" count="1" type="stmt"/>
        <line num="285" count="1" type="stmt"/>
        <line num="286" count="1" type="stmt"/>
        <line num="287" count="1" type="stmt"/>
        <line num="288" count="1" type="stmt"/>
        <line num="289" count="1" type="stmt"/>
        <line num="290" count="1" type="cond" truecount="1" falsecount="0"/>
        <line num="291" count="4" type="stmt"/>
        <line num="292" count="4" type="stmt"/>
        <line num="293" count="4" type="cond" truecount="1" falsecount="0"/>
        <line num="294" count="8" type="cond" truecount="1" falsecount="0"/>
        <line num="295" count="8" type="cond" truecount="1" falsecount="0"/>
        <line num="296" count="4" type="stmt"/>
        <line num="297" count="4" type="stmt"/>
        <line num="298" count="8" type="stmt"/>
        <line num="299" count="4" type="stmt"/>
        <line num="300" count="4" type="stmt"/>
        <line num="301" count="4" type="stmt"/>
        <line num="302" count="1" type="stmt"/>
        <line num="303" count="1" type="stmt"/>
        <line num="304" count="1" type="stmt"/>
        <line num="305" count="1" type="stmt"/>
        <line num="306" count="1" type="stmt"/>
        <line num="307" count="1" type="stmt"/>
        <line num="308" count="1" type="stmt"/>
        <line num="309" count="1" type="cond" truecount="1" falsecount="0"/>
        <line num="310" count="8" type="cond" truecount="2" falsecount="0"/>
        <line num="311" count="3" type="stmt"/>
        <line num="312" count="3" type="cond" truecount="1" falsecount="0"/>
        <line num="313" count="5" type="stmt"/>
        <line num="314" count="5" type="stmt"/>
        <line num="315" count="5" type="stmt"/>
        <line num="316" count="5" type="stmt"/>
        <line num="317" count="8" type="cond" truecount="1" falsecount="0"/>
        <line num="318" count="10" type="cond" truecount="1" falsecount="0"/>
        <line num="319" count="10" type="cond" truecount="1" falsecount="0"/>
        <line num="320" count="7" type="stmt"/>
        <line num="321" count="10" type="stmt"/>
        <line num="322" count="10" type="stmt"/>
        <line num="323" count="10" type="cond" truecount="1" falsecount="0"/>
        <line num="324" count="4" type="stmt"/>
        <line num="325" count="10" type="stmt"/>
        <line num="326" count="10" type="cond" truecount="1" falsecount="0"/>
        <line num="327" count="5" type="stmt"/>
        <line num="328" count="5" type="stmt"/>
        <line num="329" count="5" type="stmt"/>
        <line num="330" count="1" type="stmt"/>
        <line num="331" count="1" type="stmt"/>
        <line num="332" count="1" type="stmt"/>
        <line num="333" count="1" type="stmt"/>
        <line num="334" count="1" type="stmt"/>
        <line num="335" count="1" type="stmt"/>
        <line num="336" count="1" type="stmt"/>
        <line num="337" count="1" type="stmt"/>
        <line num="338" count="1" type="cond" truecount="1" falsecount="0"/>
        <line num="339" count="5" type="stmt"/>
        <line num="340" count="5" type="stmt"/>
        <line num="341" count="5" type="cond" truecount="1" falsecount="0"/>
        <line num="342" count="6" type="stmt"/>
        <line num="343" count="6" type="stmt"/>
        <line num="344" count="6" type="cond" truecount="1" falsecount="0"/>
        <line num="345" count="4" type="stmt"/>
        <line num="346" count="4" type="stmt"/>
        <line num="347" count="4" type="stmt"/>
        <line num="348" count="4" type="cond" truecount="1" falsecount="0"/>
        <line num="349" count="1" type="stmt"/>
        <line num="350" count="1" type="stmt"/>
        <line num="351" count="4" type="cond" truecount="1" falsecount="0"/>
        <line num="352" count="1" type="cond" truecount="0" falsecount="2"/>
        <line num="353" count="1" type="stmt"/>
        <line num="354" count="4" type="cond" truecount="1" falsecount="0"/>
        <line num="355" count="4" type="cond" truecount="1" falsecount="0"/>
        <line num="356" count="2" type="stmt"/>
        <line num="357" count="2" type="stmt"/>
        <line num="358" count="4" type="stmt"/>
        <line num="359" count="4" type="stmt"/>
        <line num="360" count="4" type="cond" truecount="2" falsecount="0"/>
        <line num="361" count="6" type="stmt"/>
        <line num="362" count="6" type="stmt"/>
        <line num="363" count="6" type="stmt"/>
        <line num="364" count="6" type="stmt"/>
        <line num="365" count="5" type="stmt"/>
        <line num="366" count="5" type="stmt"/>
        <line num="367" count="5" type="stmt"/>
      </file>
    </package>
  </project>
</coverage>
