{"C:\\badkitten18\\dev\\todo-calendar-webapp\\postcss.config.js": {"path":"C:\\badkitten18\\dev\\todo-calendar-webapp\\postcss.config.js","all":true,"statementMap":{"0":{"start":{"line":1,"column":0},"end":{"line":1,"column":16}},"1":{"start":{"line":2,"column":0},"end":{"line":2,"column":12}},"2":{"start":{"line":3,"column":0},"end":{"line":3,"column":31}},"3":{"start":{"line":4,"column":0},"end":{"line":4,"column":21}},"4":{"start":{"line":5,"column":0},"end":{"line":5,"column":4}},"5":{"start":{"line":6,"column":0},"end":{"line":6,"column":1}}},"s":{"0":0,"1":0,"2":0,"3":0,"4":0,"5":0},"branchMap":{"0":{"type":"branch","line":1,"loc":{"start":{"line":1,"column":95},"end":{"line":6,"column":1}},"locations":[{"start":{"line":1,"column":95},"end":{"line":6,"column":1}}]}},"b":{"0":[0]},"fnMap":{"0":{"name":"(empty-report)","decl":{"start":{"line":1,"column":95},"end":{"line":6,"column":1}},"loc":{"start":{"line":1,"column":95},"end":{"line":6,"column":1}},"line":1}},"f":{"0":0}}
,"C:\\badkitten18\\dev\\todo-calendar-webapp\\tailwind.config.js": {"path":"C:\\badkitten18\\dev\\todo-calendar-webapp\\tailwind.config.js","all":true,"statementMap":{"0":{"start":{"line":1,"column":0},"end":{"line":1,"column":43}},"1":{"start":{"line":2,"column":0},"end":{"line":2,"column":16}},"2":{"start":{"line":3,"column":0},"end":{"line":3,"column":12}},"3":{"start":{"line":4,"column":0},"end":{"line":4,"column":19}},"4":{"start":{"line":5,"column":0},"end":{"line":5,"column":33}},"5":{"start":{"line":6,"column":0},"end":{"line":6,"column":4}},"6":{"start":{"line":7,"column":0},"end":{"line":7,"column":10}},"7":{"start":{"line":8,"column":0},"end":{"line":8,"column":15}},"8":{"start":{"line":9,"column":0},"end":{"line":9,"column":4}},"9":{"start":{"line":10,"column":0},"end":{"line":10,"column":14}},"10":{"start":{"line":11,"column":0},"end":{"line":11,"column":1}}},"s":{"0":0,"1":0,"2":0,"3":0,"4":0,"5":0,"6":0,"7":0,"8":0,"9":0,"10":0},"branchMap":{"0":{"type":"branch","line":1,"loc":{"start":{"line":1,"column":191},"end":{"line":11,"column":1}},"locations":[{"start":{"line":1,"column":191},"end":{"line":11,"column":1}}]}},"b":{"0":[0]},"fnMap":{"0":{"name":"(empty-report)","decl":{"start":{"line":1,"column":191},"end":{"line":11,"column":1}},"loc":{"start":{"line":1,"column":191},"end":{"line":11,"column":1}},"line":1}},"f":{"0":0}}
,"C:\\badkitten18\\dev\\todo-calendar-webapp\\src\\App.jsx": {"path":"C:\\badkitten18\\dev\\todo-calendar-webapp\\src\\App.jsx","all":false,"statementMap":{"0":{"start":{"line":1,"column":0},"end":{"line":1,"column":51}},"1":{"start":{"line":2,"column":0},"end":{"line":2,"column":54}},"2":{"start":{"line":3,"column":0},"end":{"line":3,"column":59}},"3":{"start":{"line":4,"column":0},"end":{"line":4,"column":56}},"4":{"start":{"line":5,"column":0},"end":{"line":5,"column":19}},"10":{"start":{"line":11,"column":0},"end":{"line":11,"column":16}},"11":{"start":{"line":12,"column":0},"end":{"line":12,"column":59}},"12":{"start":{"line":13,"column":0},"end":{"line":13,"column":51}},"15":{"start":{"line":16,"column":0},"end":{"line":16,"column":19}},"16":{"start":{"line":17,"column":0},"end":{"line":17,"column":36}},"17":{"start":{"line":18,"column":0},"end":{"line":18,"column":26}},"18":{"start":{"line":19,"column":0},"end":{"line":19,"column":12}},"20":{"start":{"line":21,"column":0},"end":{"line":21,"column":37}},"21":{"start":{"line":22,"column":0},"end":{"line":22,"column":9}},"23":{"start":{"line":24,"column":0},"end":{"line":24,"column":10}},"24":{"start":{"line":25,"column":0},"end":{"line":25,"column":19}},"25":{"start":{"line":26,"column":0},"end":{"line":26,"column":79}},"27":{"start":{"line":28,"column":0},"end":{"line":28,"column":33}},"28":{"start":{"line":29,"column":0},"end":{"line":29,"column":89}},"29":{"start":{"line":30,"column":0},"end":{"line":30,"column":98}},"30":{"start":{"line":31,"column":0},"end":{"line":31,"column":17}},"33":{"start":{"line":34,"column":0},"end":{"line":34,"column":44}},"34":{"start":{"line":35,"column":0},"end":{"line":35,"column":35}},"35":{"start":{"line":36,"column":0},"end":{"line":36,"column":89}},"36":{"start":{"line":37,"column":0},"end":{"line":37,"column":77}},"37":{"start":{"line":38,"column":0},"end":{"line":38,"column":93}},"38":{"start":{"line":39,"column":0},"end":{"line":39,"column":18}},"40":{"start":{"line":41,"column":0},"end":{"line":41,"column":26}},"41":{"start":{"line":42,"column":0},"end":{"line":42,"column":69}},"42":{"start":{"line":43,"column":0},"end":{"line":43,"column":113}},"43":{"start":{"line":44,"column":0},"end":{"line":44,"column":20}},"45":{"start":{"line":46,"column":0},"end":{"line":46,"column":49}},"47":{"start":{"line":48,"column":0},"end":{"line":48,"column":26}},"48":{"start":{"line":49,"column":0},"end":{"line":49,"column":15}},"51":{"start":{"line":52,"column":0},"end":{"line":52,"column":67}},"52":{"start":{"line":53,"column":0},"end":{"line":53,"column":50}},"53":{"start":{"line":54,"column":0},"end":{"line":54,"column":17}},"54":{"start":{"line":55,"column":0},"end":{"line":55,"column":12}},"55":{"start":{"line":56,"column":0},"end":{"line":56,"column":20}},"57":{"start":{"line":58,"column":0},"end":{"line":58,"column":1}},"59":{"start":{"line":60,"column":0},"end":{"line":60,"column":19}}},"s":{"0":1,"1":1,"2":1,"3":1,"4":1,"10":35,"11":35,"12":35,"15":35,"16":21,"17":11,"18":21,"20":21,"21":35,"23":35,"24":35,"25":35,"27":35,"28":35,"29":35,"30":35,"33":35,"34":35,"35":35,"36":35,"37":35,"38":35,"40":35,"41":21,"42":21,"43":21,"45":14,"47":35,"48":35,"51":35,"52":35,"53":35,"54":35,"55":35,"57":35,"59":1},"branchMap":{"0":{"type":"branch","line":11,"loc":{"start":{"line":11,"column":0},"end":{"line":58,"column":1}},"locations":[{"start":{"line":11,"column":0},"end":{"line":58,"column":1}}]},"1":{"type":"branch","line":41,"loc":{"start":{"line":41,"column":13},"end":{"line":44,"column":20}},"locations":[{"start":{"line":41,"column":13},"end":{"line":44,"column":20}}]},"2":{"type":"branch","line":44,"loc":{"start":{"line":44,"column":14},"end":{"line":46,"column":49}},"locations":[{"start":{"line":44,"column":14},"end":{"line":46,"column":49}}]},"3":{"type":"branch","line":16,"loc":{"start":{"line":16,"column":12},"end":{"line":22,"column":5}},"locations":[{"start":{"line":16,"column":12},"end":{"line":22,"column":5}}]},"4":{"type":"branch","line":17,"loc":{"start":{"line":17,"column":29},"end":{"line":19,"column":7}},"locations":[{"start":{"line":17,"column":29},"end":{"line":19,"column":7}}]},"5":{"type":"branch","line":21,"loc":{"start":{"line":21,"column":11},"end":{"line":21,"column":37}},"locations":[{"start":{"line":21,"column":11},"end":{"line":21,"column":37}}]}},"b":{"0":[35],"1":[21],"2":[14],"3":[21],"4":[11],"5":[21]},"fnMap":{"0":{"name":"App","decl":{"start":{"line":11,"column":0},"end":{"line":58,"column":1}},"loc":{"start":{"line":11,"column":0},"end":{"line":58,"column":1}},"line":11}},"f":{"0":35}}
,"C:\\badkitten18\\dev\\todo-calendar-webapp\\src\\main.jsx": {"path":"C:\\badkitten18\\dev\\todo-calendar-webapp\\src\\main.jsx","all":true,"statementMap":{"0":{"start":{"line":1,"column":0},"end":{"line":1,"column":34}},"1":{"start":{"line":2,"column":0},"end":{"line":2,"column":45}},"2":{"start":{"line":3,"column":0},"end":{"line":3,"column":20}},"3":{"start":{"line":4,"column":0},"end":{"line":4,"column":27}},"5":{"start":{"line":6,"column":0},"end":{"line":6,"column":51}},"6":{"start":{"line":7,"column":0},"end":{"line":7,"column":14}},"7":{"start":{"line":8,"column":0},"end":{"line":8,"column":11}},"8":{"start":{"line":9,"column":0},"end":{"line":9,"column":16}},"9":{"start":{"line":10,"column":0},"end":{"line":10,"column":1}}},"s":{"0":0,"1":0,"2":0,"3":0,"5":0,"6":0,"7":0,"8":0,"9":0},"branchMap":{"0":{"type":"branch","line":1,"loc":{"start":{"line":1,"column":209},"end":{"line":10,"column":-155}},"locations":[{"start":{"line":1,"column":209},"end":{"line":10,"column":-155}}]}},"b":{"0":[0]},"fnMap":{"0":{"name":"(empty-report)","decl":{"start":{"line":1,"column":209},"end":{"line":10,"column":-155}},"loc":{"start":{"line":1,"column":209},"end":{"line":10,"column":-155}},"line":1}},"f":{"0":0}}
,"C:\\badkitten18\\dev\\todo-calendar-webapp\\src\\postcss.config.js": {"path":"C:\\badkitten18\\dev\\todo-calendar-webapp\\src\\postcss.config.js","all":true,"statementMap":{"0":{"start":{"line":1,"column":0},"end":{"line":1,"column":18}},"1":{"start":{"line":2,"column":0},"end":{"line":2,"column":12}},"2":{"start":{"line":3,"column":0},"end":{"line":3,"column":20}},"3":{"start":{"line":4,"column":0},"end":{"line":4,"column":21}},"4":{"start":{"line":5,"column":0},"end":{"line":5,"column":4}},"5":{"start":{"line":6,"column":0},"end":{"line":6,"column":1}}},"s":{"0":0,"1":0,"2":0,"3":0,"4":0,"5":0},"branchMap":{"0":{"type":"branch","line":1,"loc":{"start":{"line":1,"column":86},"end":{"line":6,"column":1}},"locations":[{"start":{"line":1,"column":86},"end":{"line":6,"column":1}}]}},"b":{"0":[0]},"fnMap":{"0":{"name":"(empty-report)","decl":{"start":{"line":1,"column":86},"end":{"line":6,"column":1}},"loc":{"start":{"line":1,"column":86},"end":{"line":6,"column":1}},"line":1}},"f":{"0":0}}
,"C:\\badkitten18\\dev\\todo-calendar-webapp\\src\\tailwind.config.js": {"path":"C:\\badkitten18\\dev\\todo-calendar-webapp\\src\\tailwind.config.js","all":true,"statementMap":{"0":{"start":{"line":1,"column":0},"end":{"line":1,"column":43}},"1":{"start":{"line":2,"column":0},"end":{"line":2,"column":18}},"2":{"start":{"line":3,"column":0},"end":{"line":3,"column":14}},"3":{"start":{"line":4,"column":0},"end":{"line":4,"column":10}},"4":{"start":{"line":5,"column":0},"end":{"line":5,"column":15}},"5":{"start":{"line":6,"column":0},"end":{"line":6,"column":4}},"6":{"start":{"line":7,"column":0},"end":{"line":7,"column":14}},"7":{"start":{"line":8,"column":0},"end":{"line":8,"column":1}}},"s":{"0":0,"1":0,"2":0,"3":0,"4":0,"5":0,"6":0,"7":0},"branchMap":{"0":{"type":"branch","line":1,"loc":{"start":{"line":1,"column":133},"end":{"line":8,"column":1}},"locations":[{"start":{"line":1,"column":133},"end":{"line":8,"column":1}}]}},"b":{"0":[0]},"fnMap":{"0":{"name":"(empty-report)","decl":{"start":{"line":1,"column":133},"end":{"line":8,"column":1}},"loc":{"start":{"line":1,"column":133},"end":{"line":8,"column":1}},"line":1}},"f":{"0":0}}
,"C:\\badkitten18\\dev\\todo-calendar-webapp\\src\\components\\ErrorBoundary.jsx": {"path":"C:\\badkitten18\\dev\\todo-calendar-webapp\\src\\components\\ErrorBoundary.jsx","all":false,"statementMap":{"0":{"start":{"line":1,"column":0},"end":{"line":1,"column":41}},"5":{"start":{"line":6,"column":0},"end":{"line":6,"column":46}},"6":{"start":{"line":7,"column":0},"end":{"line":7,"column":22}},"7":{"start":{"line":8,"column":0},"end":{"line":8,"column":17}},"8":{"start":{"line":9,"column":0},"end":{"line":9,"column":67}},"9":{"start":{"line":10,"column":0},"end":{"line":10,"column":3}},"11":{"start":{"line":12,"column":0},"end":{"line":12,"column":42}},"13":{"start":{"line":14,"column":0},"end":{"line":14,"column":37}},"14":{"start":{"line":15,"column":0},"end":{"line":15,"column":3}},"16":{"start":{"line":17,"column":0},"end":{"line":17,"column":39}},"18":{"start":{"line":19,"column":0},"end":{"line":19,"column":70}},"19":{"start":{"line":20,"column":0},"end":{"line":20,"column":33}},"20":{"start":{"line":21,"column":0},"end":{"line":21,"column":3}},"22":{"start":{"line":23,"column":0},"end":{"line":23,"column":12}},"23":{"start":{"line":24,"column":0},"end":{"line":24,"column":30}},"25":{"start":{"line":26,"column":0},"end":{"line":26,"column":37}},"26":{"start":{"line":27,"column":0},"end":{"line":27,"column":87}},"27":{"start":{"line":28,"column":0},"end":{"line":28,"column":86}},"28":{"start":{"line":29,"column":0},"end":{"line":29,"column":43}},"30":{"start":{"line":31,"column":0},"end":{"line":31,"column":14}},"31":{"start":{"line":32,"column":0},"end":{"line":32,"column":53}},"32":{"start":{"line":33,"column":0},"end":{"line":33,"column":69}},"33":{"start":{"line":34,"column":0},"end":{"line":34,"column":85}},"34":{"start":{"line":35,"column":0},"end":{"line":35,"column":56}},"35":{"start":{"line":36,"column":0},"end":{"line":36,"column":65}},"36":{"start":{"line":37,"column":0},"end":{"line":37,"column":20}},"37":{"start":{"line":38,"column":0},"end":{"line":38,"column":36}},"38":{"start":{"line":39,"column":0},"end":{"line":39,"column":77}},"39":{"start":{"line":40,"column":0},"end":{"line":40,"column":20}},"40":{"start":{"line":41,"column":0},"end":{"line":41,"column":22}},"42":{"start":{"line":43,"column":0},"end":{"line":43,"column":14}},"44":{"start":{"line":45,"column":0},"end":{"line":45,"column":5}},"47":{"start":{"line":48,"column":0},"end":{"line":48,"column":31}},"48":{"start":{"line":49,"column":0},"end":{"line":49,"column":3}},"49":{"start":{"line":50,"column":0},"end":{"line":50,"column":1}},"51":{"start":{"line":52,"column":0},"end":{"line":52,"column":29}}},"s":{"0":1,"5":1,"6":1,"7":12,"8":12,"9":12,"11":1,"13":6,"14":6,"16":1,"18":3,"19":3,"20":3,"22":1,"23":24,"25":9,"26":6,"27":6,"28":6,"30":6,"31":6,"32":6,"33":6,"34":6,"35":6,"36":6,"37":6,"38":6,"39":6,"40":6,"42":6,"44":9,"47":15,"48":24,"49":1,"51":1},"branchMap":{"0":{"type":"branch","line":7,"loc":{"start":{"line":7,"column":2},"end":{"line":10,"column":3}},"locations":[{"start":{"line":7,"column":2},"end":{"line":10,"column":3}}]},"1":{"type":"branch","line":12,"loc":{"start":{"line":12,"column":9},"end":{"line":15,"column":3}},"locations":[{"start":{"line":12,"column":9},"end":{"line":15,"column":3}}]},"2":{"type":"branch","line":17,"loc":{"start":{"line":17,"column":2},"end":{"line":21,"column":3}},"locations":[{"start":{"line":17,"column":2},"end":{"line":21,"column":3}}]},"3":{"type":"branch","line":23,"loc":{"start":{"line":23,"column":2},"end":{"line":49,"column":3}},"locations":[{"start":{"line":23,"column":2},"end":{"line":49,"column":3}}]},"4":{"type":"branch","line":24,"loc":{"start":{"line":24,"column":29},"end":{"line":45,"column":5}},"locations":[{"start":{"line":24,"column":29},"end":{"line":45,"column":5}}]},"5":{"type":"branch","line":26,"loc":{"start":{"line":26,"column":24},"end":{"line":43,"column":14}},"locations":[{"start":{"line":26,"column":24},"end":{"line":43,"column":14}}]},"6":{"type":"branch","line":39,"loc":{"start":{"line":39,"column":28},"end":{"line":39,"column":77}},"locations":[{"start":{"line":39,"column":28},"end":{"line":39,"column":77}}]},"7":{"type":"branch","line":45,"loc":{"start":{"line":45,"column":4},"end":{"line":48,"column":31}},"locations":[{"start":{"line":45,"column":4},"end":{"line":48,"column":31}}]}},"b":{"0":[12],"1":[6],"2":[3],"3":[24],"4":[9],"5":[6],"6":[2],"7":[15]},"fnMap":{"0":{"name":"ErrorBoundary","decl":{"start":{"line":7,"column":2},"end":{"line":10,"column":3}},"loc":{"start":{"line":7,"column":2},"end":{"line":10,"column":3}},"line":7},"1":{"name":"getDerivedStateFromError","decl":{"start":{"line":12,"column":9},"end":{"line":15,"column":3}},"loc":{"start":{"line":12,"column":9},"end":{"line":15,"column":3}},"line":12},"2":{"name":"componentDidCatch","decl":{"start":{"line":17,"column":2},"end":{"line":21,"column":3}},"loc":{"start":{"line":17,"column":2},"end":{"line":21,"column":3}},"line":17},"3":{"name":"render","decl":{"start":{"line":23,"column":2},"end":{"line":49,"column":3}},"loc":{"start":{"line":23,"column":2},"end":{"line":49,"column":3}},"line":23}},"f":{"0":12,"1":6,"2":3,"3":24}}
,"C:\\badkitten18\\dev\\todo-calendar-webapp\\src\\components\\Calendar\\Calendar.jsx": {"path":"C:\\badkitten18\\dev\\todo-calendar-webapp\\src\\components\\Calendar\\Calendar.jsx","all":false,"statementMap":{"0":{"start":{"line":1,"column":0},"end":{"line":1,"column":64}},"1":{"start":{"line":2,"column":0},"end":{"line":2,"column":46}},"2":{"start":{"line":3,"column":0},"end":{"line":3,"column":42}},"3":{"start":{"line":4,"column":0},"end":{"line":4,"column":42}},"4":{"start":{"line":5,"column":0},"end":{"line":5,"column":54}},"5":{"start":{"line":6,"column":0},"end":{"line":6,"column":48}},"6":{"start":{"line":7,"column":0},"end":{"line":7,"column":54}},"15":{"start":{"line":16,"column":0},"end":{"line":16,"column":20}},"16":{"start":{"line":17,"column":0},"end":{"line":17,"column":17}},"17":{"start":{"line":18,"column":0},"end":{"line":18,"column":26}},"18":{"start":{"line":19,"column":0},"end":{"line":19,"column":14}},"19":{"start":{"line":20,"column":0},"end":{"line":20,"column":7}},"21":{"start":{"line":22,"column":0},"end":{"line":22,"column":9}},"22":{"start":{"line":23,"column":0},"end":{"line":23,"column":16}},"23":{"start":{"line":24,"column":0},"end":{"line":24,"column":17}},"24":{"start":{"line":25,"column":0},"end":{"line":25,"column":18}},"25":{"start":{"line":26,"column":0},"end":{"line":26,"column":18}},"26":{"start":{"line":27,"column":0},"end":{"line":27,"column":15}},"27":{"start":{"line":28,"column":0},"end":{"line":28,"column":13}},"28":{"start":{"line":29,"column":0},"end":{"line":29,"column":20}},"31":{"start":{"line":32,"column":0},"end":{"line":32,"column":9}},"32":{"start":{"line":33,"column":0},"end":{"line":33,"column":10}},"33":{"start":{"line":34,"column":0},"end":{"line":34,"column":12}},"34":{"start":{"line":35,"column":0},"end":{"line":35,"column":15}},"35":{"start":{"line":36,"column":0},"end":{"line":36,"column":15}},"36":{"start":{"line":37,"column":0},"end":{"line":37,"column":23}},"37":{"start":{"line":38,"column":0},"end":{"line":38,"column":14}},"38":{"start":{"line":39,"column":0},"end":{"line":39,"column":9}},"39":{"start":{"line":40,"column":0},"end":{"line":40,"column":17}},"42":{"start":{"line":43,"column":0},"end":{"line":43,"column":60}},"43":{"start":{"line":44,"column":0},"end":{"line":44,"column":58}},"44":{"start":{"line":45,"column":0},"end":{"line":45,"column":19}},"45":{"start":{"line":46,"column":0},"end":{"line":46,"column":16}},"46":{"start":{"line":47,"column":0},"end":{"line":47,"column":19}},"47":{"start":{"line":48,"column":0},"end":{"line":48,"column":16}},"48":{"start":{"line":49,"column":0},"end":{"line":49,"column":5}},"51":{"start":{"line":52,"column":0},"end":{"line":52,"column":19}},"52":{"start":{"line":53,"column":0},"end":{"line":53,"column":25}},"53":{"start":{"line":54,"column":0},"end":{"line":54,"column":26}},"54":{"start":{"line":55,"column":0},"end":{"line":55,"column":23}},"55":{"start":{"line":56,"column":0},"end":{"line":56,"column":20}},"56":{"start":{"line":57,"column":0},"end":{"line":57,"column":23}},"57":{"start":{"line":58,"column":0},"end":{"line":58,"column":20}},"58":{"start":{"line":59,"column":0},"end":{"line":59,"column":9}},"59":{"start":{"line":60,"column":0},"end":{"line":60,"column":5}},"60":{"start":{"line":61,"column":0},"end":{"line":61,"column":22}},"63":{"start":{"line":64,"column":0},"end":{"line":64,"column":49}},"64":{"start":{"line":65,"column":0},"end":{"line":65,"column":21}},"65":{"start":{"line":66,"column":0},"end":{"line":66,"column":27}},"68":{"start":{"line":69,"column":0},"end":{"line":69,"column":23}},"69":{"start":{"line":70,"column":0},"end":{"line":70,"column":25}},"70":{"start":{"line":71,"column":0},"end":{"line":71,"column":5}},"71":{"start":{"line":72,"column":0},"end":{"line":72,"column":33}},"74":{"start":{"line":75,"column":0},"end":{"line":75,"column":46}},"75":{"start":{"line":76,"column":0},"end":{"line":76,"column":28}},"76":{"start":{"line":77,"column":0},"end":{"line":77,"column":9}},"79":{"start":{"line":80,"column":0},"end":{"line":80,"column":76}},"80":{"start":{"line":81,"column":0},"end":{"line":81,"column":24}},"81":{"start":{"line":82,"column":0},"end":{"line":82,"column":20}},"82":{"start":{"line":83,"column":0},"end":{"line":83,"column":18}},"83":{"start":{"line":84,"column":0},"end":{"line":84,"column":21}},"84":{"start":{"line":85,"column":0},"end":{"line":85,"column":12}},"85":{"start":{"line":86,"column":0},"end":{"line":86,"column":7}},"87":{"start":{"line":88,"column":0},"end":{"line":88,"column":9}},"88":{"start":{"line":89,"column":0},"end":{"line":89,"column":17}},"91":{"start":{"line":92,"column":0},"end":{"line":92,"column":46}},"92":{"start":{"line":93,"column":0},"end":{"line":93,"column":60}},"93":{"start":{"line":94,"column":0},"end":{"line":94,"column":7}},"95":{"start":{"line":96,"column":0},"end":{"line":96,"column":23}},"96":{"start":{"line":97,"column":0},"end":{"line":97,"column":19}},"98":{"start":{"line":99,"column":0},"end":{"line":99,"column":34}},"99":{"start":{"line":100,"column":0},"end":{"line":100,"column":24}},"100":{"start":{"line":101,"column":0},"end":{"line":101,"column":70}},"101":{"start":{"line":102,"column":0},"end":{"line":102,"column":13}},"102":{"start":{"line":103,"column":0},"end":{"line":103,"column":16}},"103":{"start":{"line":104,"column":0},"end":{"line":104,"column":22}},"104":{"start":{"line":105,"column":0},"end":{"line":105,"column":54}},"105":{"start":{"line":106,"column":0},"end":{"line":106,"column":16}},"106":{"start":{"line":107,"column":0},"end":{"line":107,"column":22}},"107":{"start":{"line":108,"column":0},"end":{"line":108,"column":44}},"108":{"start":{"line":109,"column":0},"end":{"line":109,"column":16}},"109":{"start":{"line":110,"column":0},"end":{"line":110,"column":22}},"110":{"start":{"line":111,"column":0},"end":{"line":111,"column":52}},"111":{"start":{"line":112,"column":0},"end":{"line":112,"column":16}},"112":{"start":{"line":113,"column":0},"end":{"line":113,"column":16}},"113":{"start":{"line":114,"column":0},"end":{"line":114,"column":68}},"114":{"start":{"line":115,"column":0},"end":{"line":115,"column":56}},"115":{"start":{"line":116,"column":0},"end":{"line":116,"column":30}},"116":{"start":{"line":117,"column":0},"end":{"line":117,"column":27}},"117":{"start":{"line":118,"column":0},"end":{"line":118,"column":33}},"118":{"start":{"line":119,"column":0},"end":{"line":119,"column":27}},"119":{"start":{"line":120,"column":0},"end":{"line":120,"column":18}},"120":{"start":{"line":121,"column":0},"end":{"line":121,"column":13}},"121":{"start":{"line":122,"column":0},"end":{"line":122,"column":22}},"122":{"start":{"line":123,"column":0},"end":{"line":123,"column":7}},"124":{"start":{"line":125,"column":0},"end":{"line":125,"column":26}},"125":{"start":{"line":126,"column":0},"end":{"line":126,"column":23}},"126":{"start":{"line":127,"column":0},"end":{"line":127,"column":20}},"127":{"start":{"line":128,"column":0},"end":{"line":128,"column":22}},"128":{"start":{"line":129,"column":0},"end":{"line":129,"column":15}},"129":{"start":{"line":130,"column":0},"end":{"line":130,"column":14}},"130":{"start":{"line":131,"column":0},"end":{"line":131,"column":9}},"132":{"start":{"line":133,"column":0},"end":{"line":133,"column":20}},"133":{"start":{"line":134,"column":0},"end":{"line":134,"column":21}},"134":{"start":{"line":135,"column":0},"end":{"line":135,"column":56}},"136":{"start":{"line":137,"column":0},"end":{"line":137,"column":26}},"137":{"start":{"line":138,"column":0},"end":{"line":138,"column":23}},"138":{"start":{"line":139,"column":0},"end":{"line":139,"column":59}},"139":{"start":{"line":140,"column":0},"end":{"line":140,"column":23}},"140":{"start":{"line":141,"column":0},"end":{"line":141,"column":14}},"141":{"start":{"line":142,"column":0},"end":{"line":142,"column":9}},"145":{"start":{"line":146,"column":0},"end":{"line":146,"column":5}},"146":{"start":{"line":147,"column":0},"end":{"line":147,"column":74}},"149":{"start":{"line":150,"column":0},"end":{"line":150,"column":91}},"151":{"start":{"line":152,"column":0},"end":{"line":152,"column":10}},"152":{"start":{"line":153,"column":0},"end":{"line":153,"column":61}},"154":{"start":{"line":155,"column":0},"end":{"line":155,"column":69}},"156":{"start":{"line":157,"column":0},"end":{"line":157,"column":23}},"157":{"start":{"line":158,"column":0},"end":{"line":158,"column":35}},"158":{"start":{"line":159,"column":0},"end":{"line":159,"column":37}},"159":{"start":{"line":160,"column":0},"end":{"line":160,"column":37}},"160":{"start":{"line":161,"column":0},"end":{"line":161,"column":34}},"161":{"start":{"line":162,"column":0},"end":{"line":162,"column":26}},"162":{"start":{"line":163,"column":0},"end":{"line":163,"column":57}},"163":{"start":{"line":164,"column":0},"end":{"line":164,"column":10}},"166":{"start":{"line":167,"column":0},"end":{"line":167,"column":21}},"167":{"start":{"line":168,"column":0},"end":{"line":168,"column":35}},"168":{"start":{"line":169,"column":0},"end":{"line":169,"column":23}},"169":{"start":{"line":170,"column":0},"end":{"line":170,"column":39}},"170":{"start":{"line":171,"column":0},"end":{"line":171,"column":37}},"171":{"start":{"line":172,"column":0},"end":{"line":172,"column":43}},"172":{"start":{"line":173,"column":0},"end":{"line":173,"column":57}},"173":{"start":{"line":174,"column":0},"end":{"line":174,"column":10}},"174":{"start":{"line":175,"column":0},"end":{"line":175,"column":12}},"177":{"start":{"line":178,"column":0},"end":{"line":178,"column":16}},"178":{"start":{"line":179,"column":0},"end":{"line":179,"column":30}},"179":{"start":{"line":180,"column":0},"end":{"line":180,"column":34}},"180":{"start":{"line":181,"column":0},"end":{"line":181,"column":35}},"181":{"start":{"line":182,"column":0},"end":{"line":182,"column":33}},"182":{"start":{"line":183,"column":0},"end":{"line":183,"column":39}},"183":{"start":{"line":184,"column":0},"end":{"line":184,"column":56}},"184":{"start":{"line":185,"column":0},"end":{"line":185,"column":46}},"185":{"start":{"line":186,"column":0},"end":{"line":186,"column":41}},"186":{"start":{"line":187,"column":0},"end":{"line":187,"column":8}},"189":{"start":{"line":190,"column":0},"end":{"line":190,"column":78}},"190":{"start":{"line":191,"column":0},"end":{"line":191,"column":86}},"191":{"start":{"line":192,"column":0},"end":{"line":192,"column":27}},"192":{"start":{"line":193,"column":0},"end":{"line":193,"column":25}},"193":{"start":{"line":194,"column":0},"end":{"line":194,"column":26}},"194":{"start":{"line":195,"column":0},"end":{"line":195,"column":26}},"195":{"start":{"line":196,"column":0},"end":{"line":196,"column":13}},"196":{"start":{"line":197,"column":0},"end":{"line":197,"column":37}},"197":{"start":{"line":198,"column":0},"end":{"line":198,"column":16}},"198":{"start":{"line":199,"column":0},"end":{"line":199,"column":76}},"199":{"start":{"line":200,"column":0},"end":{"line":200,"column":81}},"200":{"start":{"line":201,"column":0},"end":{"line":201,"column":81}},"201":{"start":{"line":202,"column":0},"end":{"line":202,"column":88}},"202":{"start":{"line":203,"column":0},"end":{"line":203,"column":17}},"204":{"start":{"line":205,"column":0},"end":{"line":205,"column":35}},"205":{"start":{"line":206,"column":0},"end":{"line":206,"column":53}},"207":{"start":{"line":208,"column":0},"end":{"line":208,"column":12}},"208":{"start":{"line":209,"column":0},"end":{"line":209,"column":10}},"210":{"start":{"line":211,"column":0},"end":{"line":211,"column":2}},"212":{"start":{"line":213,"column":0},"end":{"line":213,"column":24}}},"s":{"0":1,"1":1,"2":1,"3":1,"4":1,"5":1,"6":1,"15":1,"16":140,"17":140,"18":140,"19":140,"21":140,"22":140,"23":140,"24":140,"25":140,"26":140,"27":140,"28":140,"31":140,"32":140,"33":140,"34":140,"35":140,"36":140,"37":140,"38":140,"39":140,"42":140,"43":140,"44":140,"45":140,"46":140,"47":140,"48":140,"51":140,"52":70,"53":48,"54":48,"55":48,"56":48,"57":48,"58":48,"59":48,"60":140,"63":140,"64":22,"65":22,"68":22,"69":1,"70":1,"71":140,"74":140,"75":3,"76":140,"79":140,"80":11,"81":11,"82":11,"83":11,"84":11,"85":11,"87":11,"88":11,"91":11,"92":0,"93":0,"95":11,"96":11,"98":6,"99":6,"100":6,"101":6,"102":5,"103":11,"104":1,"105":1,"106":11,"107":1,"108":1,"109":11,"110":2,"111":2,"112":11,"113":1,"114":1,"115":1,"116":1,"117":1,"118":1,"119":1,"120":1,"121":1,"122":11,"124":9,"125":9,"126":9,"127":9,"128":9,"129":9,"130":9,"132":9,"133":11,"134":2,"136":2,"137":2,"138":2,"139":2,"140":2,"141":2,"145":2,"146":140,"149":140,"151":140,"152":140,"154":140,"156":140,"157":140,"158":140,"159":140,"160":140,"161":140,"162":140,"163":140,"166":140,"167":140,"168":140,"169":140,"170":140,"171":140,"172":140,"173":140,"174":140,"177":140,"178":140,"179":140,"180":140,"181":140,"182":140,"183":140,"184":140,"185":140,"186":140,"189":140,"190":140,"191":90,"192":90,"193":90,"194":90,"195":90,"196":140,"197":9,"198":9,"199":9,"200":9,"201":9,"202":9,"204":140,"205":2,"207":140,"208":140,"210":140,"212":1},"branchMap":{"0":{"type":"branch","line":16,"loc":{"start":{"line":16,"column":17},"end":{"line":211,"column":2}},"locations":[{"start":{"line":16,"column":17},"end":{"line":211,"column":2}}]},"1":{"type":"branch","line":150,"loc":{"start":{"line":150,"column":28},"end":{"line":150,"column":88}},"locations":[{"start":{"line":150,"column":28},"end":{"line":150,"column":88}}]},"2":{"type":"branch","line":150,"loc":{"start":{"line":150,"column":77},"end":{"line":150,"column":88}},"locations":[{"start":{"line":150,"column":77},"end":{"line":150,"column":88}}]},"3":{"type":"branch","line":150,"loc":{"start":{"line":150,"column":83},"end":{"line":150,"column":91}},"locations":[{"start":{"line":150,"column":83},"end":{"line":150,"column":91}}]},"4":{"type":"branch","line":163,"loc":{"start":{"line":163,"column":20},"end":{"line":163,"column":57}},"locations":[{"start":{"line":163,"column":20},"end":{"line":163,"column":57}}]},"5":{"type":"branch","line":173,"loc":{"start":{"line":173,"column":20},"end":{"line":173,"column":57}},"locations":[{"start":{"line":173,"column":20},"end":{"line":173,"column":57}}]},"6":{"type":"branch","line":184,"loc":{"start":{"line":184,"column":19},"end":{"line":184,"column":56}},"locations":[{"start":{"line":184,"column":19},"end":{"line":184,"column":56}}]},"7":{"type":"branch","line":191,"loc":{"start":{"line":191,"column":9},"end":{"line":196,"column":13}},"locations":[{"start":{"line":191,"column":9},"end":{"line":196,"column":13}}]},"8":{"type":"branch","line":197,"loc":{"start":{"line":197,"column":25},"end":{"line":203,"column":17}},"locations":[{"start":{"line":197,"column":25},"end":{"line":203,"column":17}}]},"9":{"type":"branch","line":199,"loc":{"start":{"line":199,"column":40},"end":{"line":199,"column":76}},"locations":[{"start":{"line":199,"column":40},"end":{"line":199,"column":76}}]},"10":{"type":"branch","line":200,"loc":{"start":{"line":200,"column":40},"end":{"line":200,"column":81}},"locations":[{"start":{"line":200,"column":40},"end":{"line":200,"column":81}}]},"11":{"type":"branch","line":201,"loc":{"start":{"line":201,"column":40},"end":{"line":201,"column":81}},"locations":[{"start":{"line":201,"column":40},"end":{"line":201,"column":81}}]},"12":{"type":"branch","line":202,"loc":{"start":{"line":202,"column":40},"end":{"line":202,"column":88}},"locations":[{"start":{"line":202,"column":40},"end":{"line":202,"column":88}}]},"13":{"type":"branch","line":205,"loc":{"start":{"line":205,"column":25},"end":{"line":206,"column":53}},"locations":[{"start":{"line":205,"column":25},"end":{"line":206,"column":53}}]},"14":{"type":"branch","line":52,"loc":{"start":{"line":52,"column":12},"end":{"line":61,"column":5}},"locations":[{"start":{"line":52,"column":12},"end":{"line":61,"column":5}}]},"15":{"type":"branch","line":53,"loc":{"start":{"line":53,"column":24},"end":{"line":60,"column":5}},"locations":[{"start":{"line":53,"column":24},"end":{"line":60,"column":5}}]},"16":{"type":"branch","line":64,"loc":{"start":{"line":64,"column":38},"end":{"line":72,"column":5}},"locations":[{"start":{"line":64,"column":38},"end":{"line":72,"column":5}}]},"17":{"type":"branch","line":69,"loc":{"start":{"line":69,"column":22},"end":{"line":71,"column":5}},"locations":[{"start":{"line":69,"column":22},"end":{"line":71,"column":5}}]},"18":{"type":"branch","line":75,"loc":{"start":{"line":75,"column":39},"end":{"line":77,"column":5}},"locations":[{"start":{"line":75,"column":39},"end":{"line":77,"column":5}}]},"19":{"type":"branch","line":80,"loc":{"start":{"line":80,"column":39},"end":{"line":147,"column":5}},"locations":[{"start":{"line":80,"column":39},"end":{"line":147,"column":5}}]},"20":{"type":"branch","line":92,"loc":{"start":{"line":92,"column":21},"end":{"line":92,"column":45}},"locations":[{"start":{"line":92,"column":21},"end":{"line":92,"column":45}}]},"21":{"type":"branch","line":92,"loc":{"start":{"line":92,"column":45},"end":{"line":94,"column":7}},"locations":[{"start":{"line":92,"column":45},"end":{"line":94,"column":7}}]},"22":{"type":"branch","line":97,"loc":{"start":{"line":97,"column":8},"end":{"line":103,"column":16}},"locations":[{"start":{"line":97,"column":8},"end":{"line":103,"column":16}}]},"23":{"type":"branch","line":101,"loc":{"start":{"line":101,"column":62},"end":{"line":101,"column":70}},"locations":[{"start":{"line":101,"column":62},"end":{"line":101,"column":70}}]},"24":{"type":"branch","line":102,"loc":{"start":{"line":102,"column":11},"end":{"line":103,"column":16}},"locations":[{"start":{"line":102,"column":11},"end":{"line":103,"column":16}}]},"25":{"type":"branch","line":104,"loc":{"start":{"line":104,"column":8},"end":{"line":106,"column":16}},"locations":[{"start":{"line":104,"column":8},"end":{"line":106,"column":16}}]},"26":{"type":"branch","line":107,"loc":{"start":{"line":107,"column":8},"end":{"line":109,"column":16}},"locations":[{"start":{"line":107,"column":8},"end":{"line":109,"column":16}}]},"27":{"type":"branch","line":110,"loc":{"start":{"line":110,"column":8},"end":{"line":112,"column":16}},"locations":[{"start":{"line":110,"column":8},"end":{"line":112,"column":16}}]},"28":{"type":"branch","line":113,"loc":{"start":{"line":113,"column":8},"end":{"line":122,"column":22}},"locations":[{"start":{"line":113,"column":8},"end":{"line":122,"column":22}}]},"29":{"type":"branch","line":123,"loc":{"start":{"line":123,"column":6},"end":{"line":134,"column":13}},"locations":[{"start":{"line":123,"column":6},"end":{"line":134,"column":13}}]},"30":{"type":"branch","line":134,"loc":{"start":{"line":134,"column":4},"end":{"line":146,"column":5}},"locations":[{"start":{"line":134,"column":4},"end":{"line":146,"column":5}}]},"31":{"type":"branch","line":139,"loc":{"start":{"line":139,"column":21},"end":{"line":139,"column":59}},"locations":[{"start":{"line":139,"column":21},"end":{"line":139,"column":59}}]}},"b":{"0":[140],"1":[90],"2":[3],"3":[50],"4":[138],"5":[138],"6":[138],"7":[90],"8":[9],"9":[5],"10":[1],"11":[1],"12":[2],"13":[2],"14":[70],"15":[48],"16":[22],"17":[1],"18":[3],"19":[11],"20":[6],"21":[0],"22":[6],"23":[0],"24":[5],"25":[1],"26":[1],"27":[2],"28":[1],"29":[9],"30":[2],"31":[0]},"fnMap":{"0":{"name":"Calendar","decl":{"start":{"line":16,"column":17},"end":{"line":211,"column":2}},"loc":{"start":{"line":16,"column":17},"end":{"line":211,"column":2}},"line":16}},"f":{"0":140}}
,"C:\\badkitten18\\dev\\todo-calendar-webapp\\src\\components\\Calendar\\CalendarDay.jsx": {"path":"C:\\badkitten18\\dev\\todo-calendar-webapp\\src\\components\\Calendar\\CalendarDay.jsx","all":false,"statementMap":{"0":{"start":{"line":1,"column":0},"end":{"line":1,"column":26}},"1":{"start":{"line":2,"column":0},"end":{"line":2,"column":90}},"13":{"start":{"line":14,"column":0},"end":{"line":14,"column":22}},"14":{"start":{"line":15,"column":0},"end":{"line":15,"column":7}},"15":{"start":{"line":16,"column":0},"end":{"line":16,"column":13}},"16":{"start":{"line":17,"column":0},"end":{"line":17,"column":21}},"17":{"start":{"line":18,"column":0},"end":{"line":18,"column":15}},"18":{"start":{"line":19,"column":0},"end":{"line":19,"column":10}},"19":{"start":{"line":20,"column":0},"end":{"line":20,"column":18}},"20":{"start":{"line":21,"column":0},"end":{"line":21,"column":7}},"21":{"start":{"line":22,"column":0},"end":{"line":22,"column":14}},"22":{"start":{"line":23,"column":0},"end":{"line":23,"column":16}},"23":{"start":{"line":24,"column":0},"end":{"line":24,"column":3}},"25":{"start":{"line":26,"column":0},"end":{"line":26,"column":35}},"26":{"start":{"line":27,"column":0},"end":{"line":27,"column":37}},"27":{"start":{"line":28,"column":0},"end":{"line":28,"column":62}},"28":{"start":{"line":29,"column":0},"end":{"line":29,"column":45}},"29":{"start":{"line":30,"column":0},"end":{"line":30,"column":75}},"30":{"start":{"line":31,"column":0},"end":{"line":31,"column":74}},"33":{"start":{"line":34,"column":0},"end":{"line":34,"column":29}},"34":{"start":{"line":35,"column":0},"end":{"line":35,"column":31}},"35":{"start":{"line":36,"column":0},"end":{"line":36,"column":20}},"36":{"start":{"line":37,"column":0},"end":{"line":37,"column":5}},"37":{"start":{"line":38,"column":0},"end":{"line":38,"column":4}},"40":{"start":{"line":41,"column":0},"end":{"line":41,"column":32}},"41":{"start":{"line":42,"column":0},"end":{"line":42,"column":60}},"42":{"start":{"line":43,"column":0},"end":{"line":43,"column":25}},"43":{"start":{"line":44,"column":0},"end":{"line":44,"column":20}},"44":{"start":{"line":45,"column":0},"end":{"line":45,"column":5}},"45":{"start":{"line":46,"column":0},"end":{"line":46,"column":4}},"48":{"start":{"line":49,"column":0},"end":{"line":49,"column":23}},"56":{"start":{"line":57,"column":0},"end":{"line":57,"column":70}},"57":{"start":{"line":58,"column":0},"end":{"line":58,"column":11}},"60":{"start":{"line":61,"column":0},"end":{"line":61,"column":24}},"62":{"start":{"line":63,"column":0},"end":{"line":63,"column":77}},"65":{"start":{"line":66,"column":0},"end":{"line":66,"column":85}},"68":{"start":{"line":69,"column":0},"end":{"line":69,"column":68}},"71":{"start":{"line":72,"column":0},"end":{"line":72,"column":61}},"74":{"start":{"line":75,"column":0},"end":{"line":75,"column":51}},"75":{"start":{"line":76,"column":0},"end":{"line":76,"column":30}},"77":{"start":{"line":78,"column":0},"end":{"line":78,"column":56}},"79":{"start":{"line":80,"column":0},"end":{"line":80,"column":10}},"80":{"start":{"line":81,"column":0},"end":{"line":81,"column":8}},"81":{"start":{"line":82,"column":0},"end":{"line":82,"column":30}},"82":{"start":{"line":83,"column":0},"end":{"line":83,"column":27}},"83":{"start":{"line":84,"column":0},"end":{"line":84,"column":31}},"84":{"start":{"line":85,"column":0},"end":{"line":85,"column":34}},"85":{"start":{"line":86,"column":0},"end":{"line":86,"column":19}},"86":{"start":{"line":87,"column":0},"end":{"line":87,"column":56}},"87":{"start":{"line":88,"column":0},"end":{"line":88,"column":25}},"88":{"start":{"line":89,"column":0},"end":{"line":89,"column":23}},"89":{"start":{"line":90,"column":0},"end":{"line":90,"column":24}},"90":{"start":{"line":91,"column":0},"end":{"line":91,"column":24}},"91":{"start":{"line":92,"column":0},"end":{"line":92,"column":86}},"92":{"start":{"line":93,"column":0},"end":{"line":93,"column":31}},"93":{"start":{"line":94,"column":0},"end":{"line":94,"column":37}},"96":{"start":{"line":97,"column":0},"end":{"line":97,"column":67}},"97":{"start":{"line":98,"column":0},"end":{"line":98,"column":19}},"98":{"start":{"line":99,"column":0},"end":{"line":99,"column":12}},"101":{"start":{"line":102,"column":0},"end":{"line":102,"column":20}},"102":{"start":{"line":103,"column":0},"end":{"line":103,"column":94}},"104":{"start":{"line":105,"column":0},"end":{"line":105,"column":41}},"105":{"start":{"line":106,"column":0},"end":{"line":106,"column":17}},"106":{"start":{"line":107,"column":0},"end":{"line":107,"column":77}},"107":{"start":{"line":108,"column":0},"end":{"line":108,"column":104}},"108":{"start":{"line":109,"column":0},"end":{"line":109,"column":14}},"112":{"start":{"line":113,"column":0},"end":{"line":113,"column":39}},"113":{"start":{"line":114,"column":0},"end":{"line":114,"column":17}},"114":{"start":{"line":115,"column":0},"end":{"line":115,"column":78}},"115":{"start":{"line":116,"column":0},"end":{"line":116,"column":98}},"116":{"start":{"line":117,"column":0},"end":{"line":117,"column":14}},"120":{"start":{"line":121,"column":0},"end":{"line":121,"column":32}},"121":{"start":{"line":122,"column":0},"end":{"line":122,"column":17}},"122":{"start":{"line":123,"column":0},"end":{"line":123,"column":76}},"123":{"start":{"line":124,"column":0},"end":{"line":124,"column":51}},"124":{"start":{"line":125,"column":0},"end":{"line":125,"column":14}},"126":{"start":{"line":127,"column":0},"end":{"line":127,"column":14}},"130":{"start":{"line":131,"column":0},"end":{"line":131,"column":44}},"131":{"start":{"line":132,"column":0},"end":{"line":132,"column":83}},"135":{"start":{"line":136,"column":0},"end":{"line":136,"column":22}},"136":{"start":{"line":137,"column":0},"end":{"line":137,"column":97}},"140":{"start":{"line":141,"column":0},"end":{"line":141,"column":52}},"141":{"start":{"line":142,"column":0},"end":{"line":142,"column":10}},"143":{"start":{"line":144,"column":0},"end":{"line":144,"column":2}},"145":{"start":{"line":146,"column":0},"end":{"line":146,"column":27}}},"s":{"0":1,"1":1,"13":1,"14":31,"15":31,"16":31,"17":31,"18":31,"19":31,"20":31,"21":31,"22":1,"23":1,"25":30,"26":30,"27":30,"28":31,"29":31,"30":31,"33":31,"34":5,"35":3,"36":3,"37":5,"40":31,"41":3,"42":2,"43":2,"44":2,"45":3,"48":31,"56":31,"57":31,"60":31,"62":31,"65":31,"68":31,"71":31,"74":31,"75":31,"77":31,"79":31,"80":31,"81":31,"82":31,"83":31,"84":31,"85":31,"86":31,"87":31,"88":31,"89":31,"90":31,"91":31,"92":31,"93":31,"96":31,"97":31,"98":31,"101":31,"102":5,"104":5,"105":4,"106":4,"107":4,"108":4,"112":5,"113":4,"114":4,"115":4,"116":4,"120":5,"121":3,"122":3,"123":3,"124":3,"126":5,"130":31,"131":2,"135":31,"136":3,"140":31,"141":31,"143":31,"145":1},"branchMap":{"0":{"type":"branch","line":14,"loc":{"start":{"line":14,"column":20},"end":{"line":144,"column":2}},"locations":[{"start":{"line":14,"column":20},"end":{"line":144,"column":2}}]},"1":{"type":"branch","line":22,"loc":{"start":{"line":22,"column":13},"end":{"line":24,"column":3}},"locations":[{"start":{"line":22,"column":13},"end":{"line":24,"column":3}}]},"2":{"type":"branch","line":24,"loc":{"start":{"line":24,"column":2},"end":{"line":29,"column":28}},"locations":[{"start":{"line":24,"column":2},"end":{"line":29,"column":28}}]},"3":{"type":"branch","line":29,"loc":{"start":{"line":29,"column":19},"end":{"line":29,"column":45}},"locations":[{"start":{"line":29,"column":19},"end":{"line":29,"column":45}}]},"4":{"type":"branch","line":30,"loc":{"start":{"line":30,"column":25},"end":{"line":30,"column":72}},"locations":[{"start":{"line":30,"column":25},"end":{"line":30,"column":72}}]},"5":{"type":"branch","line":30,"loc":{"start":{"line":30,"column":68},"end":{"line":30,"column":75}},"locations":[{"start":{"line":30,"column":68},"end":{"line":30,"column":75}}]},"6":{"type":"branch","line":31,"loc":{"start":{"line":31,"column":23},"end":{"line":31,"column":71}},"locations":[{"start":{"line":31,"column":23},"end":{"line":31,"column":71}}]},"7":{"type":"branch","line":31,"loc":{"start":{"line":31,"column":67},"end":{"line":31,"column":74}},"locations":[{"start":{"line":31,"column":67},"end":{"line":31,"column":74}}]},"8":{"type":"branch","line":57,"loc":{"start":{"line":57,"column":6},"end":{"line":57,"column":51}},"locations":[{"start":{"line":57,"column":6},"end":{"line":57,"column":51}}]},"9":{"type":"branch","line":57,"loc":{"start":{"line":57,"column":17},"end":{"line":57,"column":69}},"locations":[{"start":{"line":57,"column":17},"end":{"line":57,"column":69}}]},"10":{"type":"branch","line":63,"loc":{"start":{"line":63,"column":4},"end":{"line":63,"column":50}},"locations":[{"start":{"line":63,"column":4},"end":{"line":63,"column":50}}]},"11":{"type":"branch","line":63,"loc":{"start":{"line":63,"column":23},"end":{"line":63,"column":77}},"locations":[{"start":{"line":63,"column":23},"end":{"line":63,"column":77}}]},"12":{"type":"branch","line":66,"loc":{"start":{"line":66,"column":4},"end":{"line":66,"column":39}},"locations":[{"start":{"line":66,"column":4},"end":{"line":66,"column":39}}]},"13":{"type":"branch","line":66,"loc":{"start":{"line":66,"column":20},"end":{"line":66,"column":82}},"locations":[{"start":{"line":66,"column":20},"end":{"line":66,"column":82}}]},"14":{"type":"branch","line":66,"loc":{"start":{"line":66,"column":39},"end":{"line":66,"column":85}},"locations":[{"start":{"line":66,"column":39},"end":{"line":66,"column":85}}]},"15":{"type":"branch","line":69,"loc":{"start":{"line":69,"column":4},"end":{"line":69,"column":65}},"locations":[{"start":{"line":69,"column":4},"end":{"line":69,"column":65}}]},"16":{"type":"branch","line":69,"loc":{"start":{"line":69,"column":17},"end":{"line":69,"column":68}},"locations":[{"start":{"line":69,"column":17},"end":{"line":69,"column":68}}]},"17":{"type":"branch","line":72,"loc":{"start":{"line":72,"column":4},"end":{"line":72,"column":36}},"locations":[{"start":{"line":72,"column":4},"end":{"line":72,"column":36}}]},"18":{"type":"branch","line":72,"loc":{"start":{"line":72,"column":25},"end":{"line":72,"column":58}},"locations":[{"start":{"line":72,"column":25},"end":{"line":72,"column":58}}]},"19":{"type":"branch","line":72,"loc":{"start":{"line":72,"column":36},"end":{"line":72,"column":61}},"locations":[{"start":{"line":72,"column":36},"end":{"line":72,"column":61}}]},"20":{"type":"branch","line":75,"loc":{"start":{"line":75,"column":4},"end":{"line":75,"column":33}},"locations":[{"start":{"line":75,"column":4},"end":{"line":75,"column":33}}]},"21":{"type":"branch","line":75,"loc":{"start":{"line":75,"column":18},"end":{"line":75,"column":49}},"locations":[{"start":{"line":75,"column":18},"end":{"line":75,"column":49}}]},"22":{"type":"branch","line":75,"loc":{"start":{"line":75,"column":33},"end":{"line":75,"column":51}},"locations":[{"start":{"line":75,"column":33},"end":{"line":75,"column":51}}]},"23":{"type":"branch","line":85,"loc":{"start":{"line":85,"column":16},"end":{"line":85,"column":32}},"locations":[{"start":{"line":85,"column":16},"end":{"line":85,"column":32}}]},"24":{"type":"branch","line":85,"loc":{"start":{"line":85,"column":27},"end":{"line":85,"column":34}},"locations":[{"start":{"line":85,"column":27},"end":{"line":85,"column":34}}]},"25":{"type":"branch","line":92,"loc":{"start":{"line":92,"column":11},"end":{"line":92,"column":81}},"locations":[{"start":{"line":92,"column":11},"end":{"line":92,"column":81}}]},"26":{"type":"branch","line":92,"loc":{"start":{"line":92,"column":64},"end":{"line":92,"column":73}},"locations":[{"start":{"line":92,"column":64},"end":{"line":92,"column":73}}]},"27":{"type":"branch","line":92,"loc":{"start":{"line":92,"column":76},"end":{"line":92,"column":83}},"locations":[{"start":{"line":92,"column":76},"end":{"line":92,"column":83}}]},"28":{"type":"branch","line":102,"loc":{"start":{"line":102,"column":7},"end":{"line":127,"column":14}},"locations":[{"start":{"line":102,"column":7},"end":{"line":127,"column":14}}]},"29":{"type":"branch","line":105,"loc":{"start":{"line":105,"column":35},"end":{"line":109,"column":14}},"locations":[{"start":{"line":105,"column":35},"end":{"line":109,"column":14}}]},"30":{"type":"branch","line":108,"loc":{"start":{"line":108,"column":89},"end":{"line":108,"column":98}},"locations":[{"start":{"line":108,"column":89},"end":{"line":108,"column":98}}]},"31":{"type":"branch","line":108,"loc":{"start":{"line":108,"column":93},"end":{"line":108,"column":101}},"locations":[{"start":{"line":108,"column":93},"end":{"line":108,"column":101}}]},"32":{"type":"branch","line":113,"loc":{"start":{"line":113,"column":33},"end":{"line":117,"column":14}},"locations":[{"start":{"line":113,"column":33},"end":{"line":117,"column":14}}]},"33":{"type":"branch","line":116,"loc":{"start":{"line":116,"column":83},"end":{"line":116,"column":92}},"locations":[{"start":{"line":116,"column":83},"end":{"line":116,"column":92}}]},"34":{"type":"branch","line":121,"loc":{"start":{"line":121,"column":26},"end":{"line":125,"column":14}},"locations":[{"start":{"line":121,"column":26},"end":{"line":125,"column":14}}]},"35":{"type":"branch","line":131,"loc":{"start":{"line":131,"column":7},"end":{"line":131,"column":44}},"locations":[{"start":{"line":131,"column":7},"end":{"line":131,"column":44}}]},"36":{"type":"branch","line":131,"loc":{"start":{"line":131,"column":23},"end":{"line":132,"column":83}},"locations":[{"start":{"line":131,"column":23},"end":{"line":132,"column":83}}]},"37":{"type":"branch","line":136,"loc":{"start":{"line":136,"column":7},"end":{"line":137,"column":97}},"locations":[{"start":{"line":136,"column":7},"end":{"line":137,"column":97}}]},"38":{"type":"branch","line":30,"loc":{"start":{"line":30,"column":46},"end":{"line":30,"column":68}},"locations":[{"start":{"line":30,"column":46},"end":{"line":30,"column":68}}]},"39":{"type":"branch","line":31,"loc":{"start":{"line":31,"column":44},"end":{"line":31,"column":67}},"locations":[{"start":{"line":31,"column":44},"end":{"line":31,"column":67}}]},"40":{"type":"branch","line":34,"loc":{"start":{"line":34,"column":22},"end":{"line":38,"column":4}},"locations":[{"start":{"line":34,"column":22},"end":{"line":38,"column":4}}]},"41":{"type":"branch","line":35,"loc":{"start":{"line":35,"column":9},"end":{"line":35,"column":30}},"locations":[{"start":{"line":35,"column":9},"end":{"line":35,"column":30}}]},"42":{"type":"branch","line":35,"loc":{"start":{"line":35,"column":30},"end":{"line":37,"column":5}},"locations":[{"start":{"line":35,"column":30},"end":{"line":37,"column":5}}]},"43":{"type":"branch","line":41,"loc":{"start":{"line":41,"column":24},"end":{"line":46,"column":4}},"locations":[{"start":{"line":41,"column":24},"end":{"line":46,"column":4}}]},"44":{"type":"branch","line":42,"loc":{"start":{"line":42,"column":19},"end":{"line":42,"column":48}},"locations":[{"start":{"line":42,"column":19},"end":{"line":42,"column":48}}]},"45":{"type":"branch","line":42,"loc":{"start":{"line":42,"column":59},"end":{"line":45,"column":5}},"locations":[{"start":{"line":42,"column":59},"end":{"line":45,"column":5}}]}},"b":{"0":[31],"1":[1],"2":[30],"3":[29],"4":[29],"5":[1],"6":[29],"7":[1],"8":[4],"9":[26],"10":[28],"11":[2],"12":[3],"13":[2],"14":[28],"15":[3],"16":[27],"17":[28],"18":[24],"19":[6],"20":[3],"21":[0],"22":[30],"23":[4],"24":[26],"25":[5],"26":[0],"27":[25],"28":[5],"29":[4],"30":[3],"31":[1],"32":[4],"33":[0],"34":[3],"35":[3],"36":[2],"37":[3],"38":[13],"39":[13],"40":[5],"41":[4],"42":[3],"43":[3],"44":[1],"45":[2]},"fnMap":{"0":{"name":"CalendarDay","decl":{"start":{"line":14,"column":20},"end":{"line":144,"column":2}},"loc":{"start":{"line":14,"column":20},"end":{"line":144,"column":2}},"line":14},"1":{"name":"handleClick","decl":{"start":{"line":34,"column":22},"end":{"line":38,"column":4}},"loc":{"start":{"line":34,"column":22},"end":{"line":38,"column":4}},"line":34},"2":{"name":"handleKeyDown","decl":{"start":{"line":41,"column":24},"end":{"line":46,"column":4}},"loc":{"start":{"line":41,"column":24},"end":{"line":46,"column":4}},"line":41}},"f":{"0":31,"1":5,"2":3}}
,"C:\\badkitten18\\dev\\todo-calendar-webapp\\src\\components\\Calendar\\CalendarGrid.jsx": {"path":"C:\\badkitten18\\dev\\todo-calendar-webapp\\src\\components\\Calendar\\CalendarGrid.jsx","all":false,"statementMap":{"0":{"start":{"line":1,"column":0},"end":{"line":1,"column":26}},"1":{"start":{"line":2,"column":0},"end":{"line":2,"column":40}},"2":{"start":{"line":3,"column":0},"end":{"line":3,"column":69}},"3":{"start":{"line":4,"column":0},"end":{"line":4,"column":56}},"14":{"start":{"line":15,"column":0},"end":{"line":15,"column":23}},"15":{"start":{"line":16,"column":0},"end":{"line":16,"column":14}},"16":{"start":{"line":17,"column":0},"end":{"line":17,"column":13}},"17":{"start":{"line":18,"column":0},"end":{"line":18,"column":14}},"18":{"start":{"line":19,"column":0},"end":{"line":19,"column":15}},"19":{"start":{"line":20,"column":0},"end":{"line":20,"column":25}},"20":{"start":{"line":21,"column":0},"end":{"line":21,"column":7}},"21":{"start":{"line":22,"column":0},"end":{"line":22,"column":21}},"22":{"start":{"line":23,"column":0},"end":{"line":23,"column":16}},"23":{"start":{"line":24,"column":0},"end":{"line":24,"column":3}},"26":{"start":{"line":27,"column":0},"end":{"line":27,"column":52}},"27":{"start":{"line":28,"column":0},"end":{"line":28,"column":66}},"30":{"start":{"line":31,"column":0},"end":{"line":31,"column":36}},"31":{"start":{"line":32,"column":0},"end":{"line":32,"column":40}},"32":{"start":{"line":33,"column":0},"end":{"line":33,"column":4}},"35":{"start":{"line":36,"column":0},"end":{"line":36,"column":36}},"36":{"start":{"line":37,"column":0},"end":{"line":37,"column":36}},"37":{"start":{"line":38,"column":0},"end":{"line":38,"column":63}},"38":{"start":{"line":39,"column":0},"end":{"line":39,"column":4}},"41":{"start":{"line":42,"column":0},"end":{"line":42,"column":19}},"42":{"start":{"line":43,"column":0},"end":{"line":43,"column":52}},"43":{"start":{"line":44,"column":0},"end":{"line":44,"column":45}},"44":{"start":{"line":45,"column":0},"end":{"line":45,"column":3}},"47":{"start":{"line":48,"column":0},"end":{"line":48,"column":35}},"48":{"start":{"line":49,"column":0},"end":{"line":49,"column":86}},"49":{"start":{"line":50,"column":0},"end":{"line":50,"column":38}},"50":{"start":{"line":51,"column":0},"end":{"line":51,"column":46}},"51":{"start":{"line":52,"column":0},"end":{"line":52,"column":67}},"52":{"start":{"line":53,"column":0},"end":{"line":53,"column":61}},"53":{"start":{"line":54,"column":0},"end":{"line":54,"column":4}},"55":{"start":{"line":56,"column":0},"end":{"line":56,"column":10}},"56":{"start":{"line":57,"column":0},"end":{"line":57,"column":28}},"58":{"start":{"line":59,"column":0},"end":{"line":59,"column":92}},"61":{"start":{"line":62,"column":0},"end":{"line":62,"column":119}},"63":{"start":{"line":64,"column":0},"end":{"line":64,"column":31}},"64":{"start":{"line":65,"column":0},"end":{"line":65,"column":104}},"66":{"start":{"line":67,"column":0},"end":{"line":67,"column":18}},"70":{"start":{"line":71,"column":0},"end":{"line":71,"column":38}},"71":{"start":{"line":72,"column":0},"end":{"line":72,"column":16}},"72":{"start":{"line":73,"column":0},"end":{"line":73,"column":27}},"73":{"start":{"line":74,"column":0},"end":{"line":74,"column":110}},"75":{"start":{"line":76,"column":0},"end":{"line":76,"column":65}},"76":{"start":{"line":77,"column":0},"end":{"line":77,"column":68}},"77":{"start":{"line":78,"column":0},"end":{"line":78,"column":18}},"78":{"start":{"line":79,"column":0},"end":{"line":79,"column":13}},"79":{"start":{"line":80,"column":0},"end":{"line":80,"column":14}},"82":{"start":{"line":83,"column":0},"end":{"line":83,"column":50}},"83":{"start":{"line":84,"column":0},"end":{"line":84,"column":43}},"84":{"start":{"line":85,"column":0},"end":{"line":85,"column":16}},"85":{"start":{"line":86,"column":0},"end":{"line":86,"column":29}},"86":{"start":{"line":87,"column":0},"end":{"line":87,"column":108}},"89":{"start":{"line":90,"column":0},"end":{"line":90,"column":35}},"90":{"start":{"line":91,"column":0},"end":{"line":91,"column":115}},"91":{"start":{"line":92,"column":0},"end":{"line":92,"column":42}},"92":{"start":{"line":93,"column":0},"end":{"line":93,"column":22}},"96":{"start":{"line":97,"column":0},"end":{"line":97,"column":45}},"97":{"start":{"line":98,"column":0},"end":{"line":98,"column":28}},"98":{"start":{"line":99,"column":0},"end":{"line":99,"column":50}},"99":{"start":{"line":100,"column":0},"end":{"line":100,"column":29}},"100":{"start":{"line":101,"column":0},"end":{"line":101,"column":46}},"101":{"start":{"line":102,"column":0},"end":{"line":102,"column":51}},"102":{"start":{"line":103,"column":0},"end":{"line":103,"column":44}},"103":{"start":{"line":104,"column":0},"end":{"line":104,"column":39}},"104":{"start":{"line":105,"column":0},"end":{"line":105,"column":18}},"105":{"start":{"line":106,"column":0},"end":{"line":106,"column":17}},"106":{"start":{"line":107,"column":0},"end":{"line":107,"column":18}},"107":{"start":{"line":108,"column":0},"end":{"line":108,"column":13}},"108":{"start":{"line":109,"column":0},"end":{"line":109,"column":14}},"109":{"start":{"line":110,"column":0},"end":{"line":110,"column":12}},"114":{"start":{"line":115,"column":0},"end":{"line":115,"column":71}},"115":{"start":{"line":116,"column":0},"end":{"line":116,"column":102}},"116":{"start":{"line":117,"column":0},"end":{"line":117,"column":88}},"117":{"start":{"line":118,"column":0},"end":{"line":118,"column":27}},"118":{"start":{"line":119,"column":0},"end":{"line":119,"column":25}},"119":{"start":{"line":120,"column":0},"end":{"line":120,"column":26}},"120":{"start":{"line":121,"column":0},"end":{"line":121,"column":26}},"121":{"start":{"line":122,"column":0},"end":{"line":122,"column":13}},"122":{"start":{"line":123,"column":0},"end":{"line":123,"column":12}},"123":{"start":{"line":124,"column":0},"end":{"line":124,"column":10}},"125":{"start":{"line":126,"column":0},"end":{"line":126,"column":2}},"127":{"start":{"line":128,"column":0},"end":{"line":128,"column":28}}},"s":{"0":1,"1":1,"2":1,"3":1,"14":1,"15":25,"16":25,"17":25,"18":25,"19":25,"20":25,"21":25,"22":2,"23":2,"26":23,"27":23,"30":23,"31":924,"32":924,"35":23,"36":924,"37":840,"38":924,"41":23,"42":25,"43":132,"44":132,"47":23,"48":18,"49":18,"50":18,"51":18,"52":18,"53":18,"55":23,"56":23,"58":23,"61":25,"63":25,"64":3,"66":3,"70":25,"71":154,"72":154,"73":154,"75":154,"76":154,"77":154,"78":25,"79":25,"82":25,"83":25,"84":132,"85":132,"86":132,"89":132,"90":18,"91":18,"92":18,"96":132,"97":924,"98":924,"99":924,"100":924,"101":924,"102":924,"103":924,"104":924,"105":132,"106":132,"107":25,"108":25,"109":25,"114":25,"115":25,"116":25,"117":21,"118":21,"119":21,"120":21,"121":21,"122":25,"123":25,"125":25,"127":1},"branchMap":{"0":{"type":"branch","line":15,"loc":{"start":{"line":15,"column":21},"end":{"line":126,"column":2}},"locations":[{"start":{"line":15,"column":21},"end":{"line":126,"column":2}}]},"1":{"type":"branch","line":22,"loc":{"start":{"line":22,"column":20},"end":{"line":24,"column":3}},"locations":[{"start":{"line":22,"column":20},"end":{"line":24,"column":3}}]},"2":{"type":"branch","line":24,"loc":{"start":{"line":24,"column":2},"end":{"line":43,"column":51}},"locations":[{"start":{"line":24,"column":2},"end":{"line":43,"column":51}}]},"3":{"type":"branch","line":43,"loc":{"start":{"line":43,"column":51},"end":{"line":45,"column":3}},"locations":[{"start":{"line":43,"column":51},"end":{"line":45,"column":3}}]},"4":{"type":"branch","line":45,"loc":{"start":{"line":45,"column":2},"end":{"line":62,"column":50}},"locations":[{"start":{"line":45,"column":2},"end":{"line":62,"column":50}}]},"5":{"type":"branch","line":62,"loc":{"start":{"line":62,"column":32},"end":{"line":62,"column":66}},"locations":[{"start":{"line":62,"column":32},"end":{"line":62,"column":66}}]},"6":{"type":"branch","line":62,"loc":{"start":{"line":62,"column":50},"end":{"line":62,"column":79}},"locations":[{"start":{"line":62,"column":50},"end":{"line":62,"column":79}}]},"7":{"type":"branch","line":64,"loc":{"start":{"line":64,"column":11},"end":{"line":67,"column":18}},"locations":[{"start":{"line":64,"column":11},"end":{"line":67,"column":18}}]},"8":{"type":"branch","line":117,"loc":{"start":{"line":117,"column":9},"end":{"line":122,"column":13}},"locations":[{"start":{"line":117,"column":9},"end":{"line":122,"column":13}}]},"9":{"type":"branch","line":31,"loc":{"start":{"line":31,"column":25},"end":{"line":33,"column":4}},"locations":[{"start":{"line":31,"column":25},"end":{"line":33,"column":4}}]},"10":{"type":"branch","line":36,"loc":{"start":{"line":36,"column":25},"end":{"line":39,"column":4}},"locations":[{"start":{"line":36,"column":25},"end":{"line":39,"column":4}}]},"11":{"type":"branch","line":37,"loc":{"start":{"line":37,"column":23},"end":{"line":37,"column":36}},"locations":[{"start":{"line":37,"column":23},"end":{"line":37,"column":36}}]},"12":{"type":"branch","line":37,"loc":{"start":{"line":37,"column":30},"end":{"line":38,"column":63}},"locations":[{"start":{"line":37,"column":30},"end":{"line":38,"column":63}}]},"13":{"type":"branch","line":48,"loc":{"start":{"line":48,"column":24},"end":{"line":54,"column":4}},"locations":[{"start":{"line":48,"column":24},"end":{"line":54,"column":4}}]},"14":{"type":"branch","line":71,"loc":{"start":{"line":71,"column":24},"end":{"line":78,"column":18}},"locations":[{"start":{"line":71,"column":24},"end":{"line":78,"column":18}}]},"15":{"type":"branch","line":84,"loc":{"start":{"line":84,"column":21},"end":{"line":107,"column":18}},"locations":[{"start":{"line":84,"column":21},"end":{"line":107,"column":18}}]},"16":{"type":"branch","line":87,"loc":{"start":{"line":87,"column":33},"end":{"line":87,"column":67}},"locations":[{"start":{"line":87,"column":33},"end":{"line":87,"column":67}}]},"17":{"type":"branch","line":87,"loc":{"start":{"line":87,"column":51},"end":{"line":87,"column":80}},"locations":[{"start":{"line":87,"column":51},"end":{"line":87,"column":80}}]},"18":{"type":"branch","line":90,"loc":{"start":{"line":90,"column":15},"end":{"line":93,"column":22}},"locations":[{"start":{"line":90,"column":15},"end":{"line":93,"column":22}}]},"19":{"type":"branch","line":97,"loc":{"start":{"line":97,"column":24},"end":{"line":105,"column":18}},"locations":[{"start":{"line":97,"column":24},"end":{"line":105,"column":18}}]}},"b":{"0":[25],"1":[2],"2":[23],"3":[132],"4":[23],"5":[3],"6":[20],"7":[3],"8":[21],"9":[924],"10":[924],"11":[84],"12":[840],"13":[18],"14":[154],"15":[132],"16":[18],"17":[114],"18":[18],"19":[924]},"fnMap":{"0":{"name":"CalendarGrid","decl":{"start":{"line":15,"column":21},"end":{"line":126,"column":2}},"loc":{"start":{"line":15,"column":21},"end":{"line":126,"column":2}},"line":15},"1":{"name":"getTodosForDay","decl":{"start":{"line":31,"column":25},"end":{"line":33,"column":4}},"loc":{"start":{"line":31,"column":25},"end":{"line":33,"column":4}},"line":31},"2":{"name":"isDateSelected","decl":{"start":{"line":36,"column":25},"end":{"line":39,"column":4}},"loc":{"start":{"line":36,"column":25},"end":{"line":39,"column":4}},"line":36},"3":{"name":"getWeekNumber","decl":{"start":{"line":48,"column":24},"end":{"line":54,"column":4}},"loc":{"start":{"line":48,"column":24},"end":{"line":54,"column":4}},"line":48}},"f":{"0":25,"1":924,"2":924,"3":18}}
,"C:\\badkitten18\\dev\\todo-calendar-webapp\\src\\components\\Calendar\\CalendarHeader.jsx": {"path":"C:\\badkitten18\\dev\\todo-calendar-webapp\\src\\components\\Calendar\\CalendarHeader.jsx","all":false,"statementMap":{"0":{"start":{"line":1,"column":0},"end":{"line":1,"column":26}},"1":{"start":{"line":2,"column":0},"end":{"line":2,"column":31}},"2":{"start":{"line":3,"column":0},"end":{"line":3,"column":88}},"14":{"start":{"line":15,"column":0},"end":{"line":15,"column":25}},"15":{"start":{"line":16,"column":0},"end":{"line":16,"column":14}},"16":{"start":{"line":17,"column":0},"end":{"line":17,"column":14}},"17":{"start":{"line":18,"column":0},"end":{"line":18,"column":14}},"18":{"start":{"line":19,"column":0},"end":{"line":19,"column":19}},"19":{"start":{"line":20,"column":0},"end":{"line":20,"column":19}},"20":{"start":{"line":21,"column":0},"end":{"line":21,"column":14}},"21":{"start":{"line":22,"column":0},"end":{"line":22,"column":7}},"22":{"start":{"line":23,"column":0},"end":{"line":23,"column":21}},"23":{"start":{"line":24,"column":0},"end":{"line":24,"column":16}},"24":{"start":{"line":25,"column":0},"end":{"line":25,"column":3}},"27":{"start":{"line":28,"column":0},"end":{"line":28,"column":33}},"28":{"start":{"line":29,"column":0},"end":{"line":29,"column":35}},"29":{"start":{"line":30,"column":0},"end":{"line":30,"column":20}},"30":{"start":{"line":31,"column":0},"end":{"line":31,"column":5}},"31":{"start":{"line":32,"column":0},"end":{"line":32,"column":4}},"33":{"start":{"line":34,"column":0},"end":{"line":34,"column":33}},"34":{"start":{"line":35,"column":0},"end":{"line":35,"column":35}},"35":{"start":{"line":36,"column":0},"end":{"line":36,"column":20}},"36":{"start":{"line":37,"column":0},"end":{"line":37,"column":5}},"37":{"start":{"line":38,"column":0},"end":{"line":38,"column":4}},"39":{"start":{"line":40,"column":0},"end":{"line":40,"column":34}},"40":{"start":{"line":41,"column":0},"end":{"line":41,"column":36}},"41":{"start":{"line":42,"column":0},"end":{"line":42,"column":21}},"42":{"start":{"line":43,"column":0},"end":{"line":43,"column":5}},"43":{"start":{"line":44,"column":0},"end":{"line":44,"column":4}},"46":{"start":{"line":47,"column":0},"end":{"line":47,"column":40}},"47":{"start":{"line":48,"column":0},"end":{"line":48,"column":60}},"48":{"start":{"line":49,"column":0},"end":{"line":49,"column":25}},"49":{"start":{"line":50,"column":0},"end":{"line":50,"column":15}},"50":{"start":{"line":51,"column":0},"end":{"line":51,"column":5}},"51":{"start":{"line":52,"column":0},"end":{"line":52,"column":4}},"54":{"start":{"line":55,"column":0},"end":{"line":55,"column":51}},"55":{"start":{"line":56,"column":0},"end":{"line":56,"column":51}},"58":{"start":{"line":59,"column":0},"end":{"line":59,"column":53}},"61":{"start":{"line":62,"column":0},"end":{"line":62,"column":27}},"62":{"start":{"line":63,"column":0},"end":{"line":63,"column":72}},"63":{"start":{"line":64,"column":0},"end":{"line":64,"column":75}},"65":{"start":{"line":66,"column":0},"end":{"line":66,"column":10}},"66":{"start":{"line":67,"column":0},"end":{"line":67,"column":93}},"68":{"start":{"line":69,"column":0},"end":{"line":69,"column":41}},"69":{"start":{"line":70,"column":0},"end":{"line":70,"column":15}},"70":{"start":{"line":71,"column":0},"end":{"line":71,"column":25}},"71":{"start":{"line":72,"column":0},"end":{"line":72,"column":19}},"72":{"start":{"line":73,"column":0},"end":{"line":73,"column":35}},"73":{"start":{"line":74,"column":0},"end":{"line":74,"column":62}},"74":{"start":{"line":75,"column":0},"end":{"line":75,"column":37}},"75":{"start":{"line":76,"column":0},"end":{"line":76,"column":87}},"76":{"start":{"line":77,"column":0},"end":{"line":77,"column":80}},"78":{"start":{"line":79,"column":0},"end":{"line":79,"column":14}},"79":{"start":{"line":80,"column":0},"end":{"line":80,"column":45}},"80":{"start":{"line":81,"column":0},"end":{"line":81,"column":23}},"81":{"start":{"line":82,"column":0},"end":{"line":82,"column":33}},"82":{"start":{"line":83,"column":0},"end":{"line":83,"column":31}},"83":{"start":{"line":84,"column":0},"end":{"line":84,"column":46}},"85":{"start":{"line":86,"column":0},"end":{"line":86,"column":17}},"86":{"start":{"line":87,"column":0},"end":{"line":87,"column":35}},"87":{"start":{"line":88,"column":0},"end":{"line":88,"column":36}},"88":{"start":{"line":89,"column":0},"end":{"line":89,"column":29}},"89":{"start":{"line":90,"column":0},"end":{"line":90,"column":33}},"90":{"start":{"line":91,"column":0},"end":{"line":91,"column":14}},"91":{"start":{"line":92,"column":0},"end":{"line":92,"column":16}},"92":{"start":{"line":93,"column":0},"end":{"line":93,"column":17}},"93":{"start":{"line":94,"column":0},"end":{"line":94,"column":12}},"96":{"start":{"line":97,"column":0},"end":{"line":97,"column":63}},"97":{"start":{"line":98,"column":0},"end":{"line":98,"column":95}},"98":{"start":{"line":99,"column":0},"end":{"line":99,"column":25}},"99":{"start":{"line":100,"column":0},"end":{"line":100,"column":13}},"100":{"start":{"line":101,"column":0},"end":{"line":101,"column":12}},"103":{"start":{"line":104,"column":0},"end":{"line":104,"column":51}},"105":{"start":{"line":106,"column":0},"end":{"line":106,"column":58}},"106":{"start":{"line":107,"column":0},"end":{"line":107,"column":17}},"107":{"start":{"line":108,"column":0},"end":{"line":108,"column":31}},"108":{"start":{"line":109,"column":0},"end":{"line":109,"column":21}},"109":{"start":{"line":110,"column":0},"end":{"line":110,"column":38}},"110":{"start":{"line":111,"column":0},"end":{"line":111,"column":65}},"111":{"start":{"line":112,"column":0},"end":{"line":112,"column":31}},"112":{"start":{"line":113,"column":0},"end":{"line":113,"column":65}},"113":{"start":{"line":114,"column":0},"end":{"line":114,"column":44}},"114":{"start":{"line":115,"column":0},"end":{"line":115,"column":11}},"116":{"start":{"line":117,"column":0},"end":{"line":117,"column":19}},"120":{"start":{"line":121,"column":0},"end":{"line":121,"column":15}},"121":{"start":{"line":122,"column":0},"end":{"line":122,"column":25}},"122":{"start":{"line":123,"column":0},"end":{"line":123,"column":19}},"123":{"start":{"line":124,"column":0},"end":{"line":124,"column":35}},"124":{"start":{"line":125,"column":0},"end":{"line":125,"column":62}},"125":{"start":{"line":126,"column":0},"end":{"line":126,"column":37}},"126":{"start":{"line":127,"column":0},"end":{"line":127,"column":87}},"127":{"start":{"line":128,"column":0},"end":{"line":128,"column":76}},"129":{"start":{"line":130,"column":0},"end":{"line":130,"column":14}},"130":{"start":{"line":131,"column":0},"end":{"line":131,"column":45}},"131":{"start":{"line":132,"column":0},"end":{"line":132,"column":23}},"132":{"start":{"line":133,"column":0},"end":{"line":133,"column":33}},"133":{"start":{"line":134,"column":0},"end":{"line":134,"column":31}},"134":{"start":{"line":135,"column":0},"end":{"line":135,"column":46}},"136":{"start":{"line":137,"column":0},"end":{"line":137,"column":17}},"137":{"start":{"line":138,"column":0},"end":{"line":138,"column":35}},"138":{"start":{"line":139,"column":0},"end":{"line":139,"column":36}},"139":{"start":{"line":140,"column":0},"end":{"line":140,"column":29}},"140":{"start":{"line":141,"column":0},"end":{"line":141,"column":30}},"141":{"start":{"line":142,"column":0},"end":{"line":142,"column":14}},"142":{"start":{"line":143,"column":0},"end":{"line":143,"column":16}},"143":{"start":{"line":144,"column":0},"end":{"line":144,"column":17}},"144":{"start":{"line":145,"column":0},"end":{"line":145,"column":12}},"147":{"start":{"line":148,"column":0},"end":{"line":148,"column":56}},"148":{"start":{"line":149,"column":0},"end":{"line":149,"column":87}},"149":{"start":{"line":150,"column":0},"end":{"line":150,"column":17}},"150":{"start":{"line":151,"column":0},"end":{"line":151,"column":31}},"151":{"start":{"line":152,"column":0},"end":{"line":152,"column":21}},"152":{"start":{"line":153,"column":0},"end":{"line":153,"column":38}},"153":{"start":{"line":154,"column":0},"end":{"line":154,"column":31}},"154":{"start":{"line":155,"column":0},"end":{"line":155,"column":41}},"155":{"start":{"line":156,"column":0},"end":{"line":156,"column":11}},"157":{"start":{"line":158,"column":0},"end":{"line":158,"column":19}},"158":{"start":{"line":159,"column":0},"end":{"line":159,"column":14}},"162":{"start":{"line":163,"column":0},"end":{"line":163,"column":82}},"163":{"start":{"line":164,"column":0},"end":{"line":164,"column":41}},"164":{"start":{"line":165,"column":0},"end":{"line":165,"column":12}},"165":{"start":{"line":166,"column":0},"end":{"line":166,"column":10}},"167":{"start":{"line":168,"column":0},"end":{"line":168,"column":2}},"169":{"start":{"line":170,"column":0},"end":{"line":170,"column":30}}},"s":{"0":1,"1":1,"2":1,"14":1,"15":25,"16":25,"17":25,"18":25,"19":25,"20":25,"21":25,"22":25,"23":2,"24":2,"27":23,"28":2,"29":2,"30":2,"31":2,"33":23,"34":2,"35":2,"36":2,"37":2,"39":23,"40":1,"41":1,"42":1,"43":1,"46":23,"47":2,"48":2,"49":2,"50":2,"51":2,"54":25,"55":25,"58":25,"61":25,"62":25,"63":0,"65":25,"66":25,"68":25,"69":25,"70":25,"71":25,"72":25,"73":25,"74":25,"75":25,"76":25,"78":25,"79":25,"80":25,"81":25,"82":25,"83":25,"85":25,"86":25,"87":25,"88":25,"89":25,"90":25,"91":25,"92":25,"93":25,"96":25,"97":25,"98":25,"99":25,"100":25,"103":25,"105":25,"106":5,"107":5,"108":5,"109":5,"110":5,"111":5,"112":5,"113":5,"114":5,"116":5,"120":25,"121":25,"122":25,"123":25,"124":25,"125":25,"126":25,"127":25,"129":25,"130":25,"131":25,"132":25,"133":25,"134":25,"136":25,"137":25,"138":25,"139":25,"140":25,"141":25,"142":25,"143":25,"144":25,"147":25,"148":5,"149":5,"150":5,"151":5,"152":5,"153":5,"154":5,"155":5,"157":5,"158":5,"162":25,"163":25,"164":25,"165":25,"167":25,"169":1},"branchMap":{"0":{"type":"branch","line":15,"loc":{"start":{"line":15,"column":23},"end":{"line":168,"column":2}},"locations":[{"start":{"line":15,"column":23},"end":{"line":168,"column":2}}]},"1":{"type":"branch","line":23,"loc":{"start":{"line":23,"column":20},"end":{"line":25,"column":3}},"locations":[{"start":{"line":23,"column":20},"end":{"line":25,"column":3}}]},"2":{"type":"branch","line":25,"loc":{"start":{"line":25,"column":2},"end":{"line":55,"column":39}},"locations":[{"start":{"line":25,"column":2},"end":{"line":55,"column":39}}]},"3":{"type":"branch","line":55,"loc":{"start":{"line":55,"column":27},"end":{"line":55,"column":51}},"locations":[{"start":{"line":55,"column":27},"end":{"line":55,"column":51}}]},"4":{"type":"branch","line":56,"loc":{"start":{"line":56,"column":27},"end":{"line":56,"column":51}},"locations":[{"start":{"line":56,"column":27},"end":{"line":56,"column":51}}]},"5":{"type":"branch","line":63,"loc":{"start":{"line":63,"column":67},"end":{"line":64,"column":75}},"locations":[{"start":{"line":63,"column":67},"end":{"line":64,"column":75}}]},"6":{"type":"branch","line":106,"loc":{"start":{"line":106,"column":9},"end":{"line":106,"column":38}},"locations":[{"start":{"line":106,"column":9},"end":{"line":106,"column":38}}]},"7":{"type":"branch","line":106,"loc":{"start":{"line":106,"column":22},"end":{"line":106,"column":58}},"locations":[{"start":{"line":106,"column":22},"end":{"line":106,"column":58}}]},"8":{"type":"branch","line":106,"loc":{"start":{"line":106,"column":39},"end":{"line":117,"column":19}},"locations":[{"start":{"line":106,"column":39},"end":{"line":117,"column":19}}]},"9":{"type":"branch","line":148,"loc":{"start":{"line":148,"column":7},"end":{"line":148,"column":36}},"locations":[{"start":{"line":148,"column":7},"end":{"line":148,"column":36}}]},"10":{"type":"branch","line":148,"loc":{"start":{"line":148,"column":20},"end":{"line":148,"column":56}},"locations":[{"start":{"line":148,"column":20},"end":{"line":148,"column":56}}]},"11":{"type":"branch","line":148,"loc":{"start":{"line":148,"column":37},"end":{"line":159,"column":14}},"locations":[{"start":{"line":148,"column":37},"end":{"line":159,"column":14}}]},"12":{"type":"branch","line":28,"loc":{"start":{"line":28,"column":26},"end":{"line":32,"column":4}},"locations":[{"start":{"line":28,"column":26},"end":{"line":32,"column":4}}]},"13":{"type":"branch","line":34,"loc":{"start":{"line":34,"column":26},"end":{"line":38,"column":4}},"locations":[{"start":{"line":34,"column":26},"end":{"line":38,"column":4}}]},"14":{"type":"branch","line":40,"loc":{"start":{"line":40,"column":27},"end":{"line":44,"column":4}},"locations":[{"start":{"line":40,"column":27},"end":{"line":44,"column":4}}]},"15":{"type":"branch","line":47,"loc":{"start":{"line":47,"column":24},"end":{"line":52,"column":4}},"locations":[{"start":{"line":47,"column":24},"end":{"line":52,"column":4}}]},"16":{"type":"branch","line":48,"loc":{"start":{"line":48,"column":19},"end":{"line":48,"column":48}},"locations":[{"start":{"line":48,"column":19},"end":{"line":48,"column":48}}]},"17":{"type":"branch","line":74,"loc":{"start":{"line":74,"column":21},"end":{"line":74,"column":62}},"locations":[{"start":{"line":74,"column":21},"end":{"line":74,"column":62}}]},"18":{"type":"branch","line":125,"loc":{"start":{"line":125,"column":21},"end":{"line":125,"column":62}},"locations":[{"start":{"line":125,"column":21},"end":{"line":125,"column":62}}]}},"b":{"0":[25],"1":[2],"2":[23],"3":[20],"4":[20],"5":[0],"6":[22],"7":[5],"8":[5],"9":[22],"10":[5],"11":[5],"12":[2],"13":[2],"14":[1],"15":[2],"16":[1],"17":[1],"18":[1]},"fnMap":{"0":{"name":"CalendarHeader","decl":{"start":{"line":15,"column":23},"end":{"line":168,"column":2}},"loc":{"start":{"line":15,"column":23},"end":{"line":168,"column":2}},"line":15},"1":{"name":"handlePrevMonth","decl":{"start":{"line":28,"column":26},"end":{"line":32,"column":4}},"loc":{"start":{"line":28,"column":26},"end":{"line":32,"column":4}},"line":28},"2":{"name":"handleNextMonth","decl":{"start":{"line":34,"column":26},"end":{"line":38,"column":4}},"loc":{"start":{"line":34,"column":26},"end":{"line":38,"column":4}},"line":34},"3":{"name":"handleTodayClick","decl":{"start":{"line":40,"column":27},"end":{"line":44,"column":4}},"loc":{"start":{"line":40,"column":27},"end":{"line":44,"column":4}},"line":40},"4":{"name":"handleKeyDown","decl":{"start":{"line":47,"column":24},"end":{"line":52,"column":4}},"loc":{"start":{"line":47,"column":24},"end":{"line":52,"column":4}},"line":47},"5":{"name":"onKeyDown","decl":{"start":{"line":74,"column":21},"end":{"line":74,"column":62}},"loc":{"start":{"line":74,"column":21},"end":{"line":74,"column":62}},"line":74},"6":{"name":"onKeyDown","decl":{"start":{"line":111,"column":23},"end":{"line":111,"column":65}},"loc":{"start":{"line":111,"column":23},"end":{"line":111,"column":65}},"line":111},"7":{"name":"onKeyDown","decl":{"start":{"line":125,"column":21},"end":{"line":125,"column":62}},"loc":{"start":{"line":125,"column":21},"end":{"line":125,"column":62}},"line":125}},"f":{"0":25,"1":2,"2":2,"3":1,"4":2,"5":1,"6":0,"7":1}}
,"C:\\badkitten18\\dev\\todo-calendar-webapp\\src\\components\\Todo\\TodoForm.jsx": {"path":"C:\\badkitten18\\dev\\todo-calendar-webapp\\src\\components\\Todo\\TodoForm.jsx","all":false,"statementMap":{"0":{"start":{"line":1,"column":0},"end":{"line":1,"column":51}},"1":{"start":{"line":2,"column":0},"end":{"line":2,"column":59}},"2":{"start":{"line":3,"column":0},"end":{"line":3,"column":55}},"3":{"start":{"line":4,"column":0},"end":{"line":4,"column":75}},"4":{"start":{"line":5,"column":0},"end":{"line":5,"column":55}},"15":{"start":{"line":16,"column":0},"end":{"line":16,"column":19}},"16":{"start":{"line":17,"column":0},"end":{"line":17,"column":14}},"17":{"start":{"line":18,"column":0},"end":{"line":18,"column":15}},"18":{"start":{"line":19,"column":0},"end":{"line":19,"column":11}},"19":{"start":{"line":20,"column":0},"end":{"line":20,"column":11}},"20":{"start":{"line":21,"column":0},"end":{"line":21,"column":19}},"21":{"start":{"line":22,"column":0},"end":{"line":22,"column":7}},"22":{"start":{"line":23,"column":0},"end":{"line":23,"column":44}},"23":{"start":{"line":24,"column":0},"end":{"line":24,"column":14}},"24":{"start":{"line":25,"column":0},"end":{"line":25,"column":19}},"25":{"start":{"line":26,"column":0},"end":{"line":26,"column":5}},"26":{"start":{"line":27,"column":0},"end":{"line":27,"column":43}},"27":{"start":{"line":28,"column":0},"end":{"line":28,"column":45}},"28":{"start":{"line":29,"column":0},"end":{"line":29,"column":55}},"31":{"start":{"line":32,"column":0},"end":{"line":32,"column":37}},"34":{"start":{"line":35,"column":0},"end":{"line":35,"column":19}},"35":{"start":{"line":36,"column":0},"end":{"line":36,"column":15}},"36":{"start":{"line":37,"column":0},"end":{"line":37,"column":19}},"37":{"start":{"line":38,"column":0},"end":{"line":38,"column":32}},"38":{"start":{"line":39,"column":0},"end":{"line":39,"column":43}},"39":{"start":{"line":40,"column":0},"end":{"line":40,"column":9}},"40":{"start":{"line":41,"column":0},"end":{"line":41,"column":12}},"41":{"start":{"line":42,"column":0},"end":{"line":42,"column":19}},"42":{"start":{"line":43,"column":0},"end":{"line":43,"column":18}},"43":{"start":{"line":44,"column":0},"end":{"line":44,"column":23}},"44":{"start":{"line":45,"column":0},"end":{"line":45,"column":9}},"45":{"start":{"line":46,"column":0},"end":{"line":46,"column":5}},"46":{"start":{"line":47,"column":0},"end":{"line":47,"column":18}},"47":{"start":{"line":48,"column":0},"end":{"line":48,"column":19}},"48":{"start":{"line":49,"column":0},"end":{"line":49,"column":25}},"49":{"start":{"line":50,"column":0},"end":{"line":50,"column":13}},"52":{"start":{"line":53,"column":0},"end":{"line":53,"column":27}},"53":{"start":{"line":54,"column":0},"end":{"line":54,"column":
[...]
:48,"column":24},"end":{"line":50,"column":3}}]},"11":{"type":"branch","line":50,"loc":{"start":{"line":50,"column":2},"end":{"line":55,"column":35}},"locations":[{"start":{"line":50,"column":2},"end":{"line":55,"column":35}}]},"12":{"type":"branch","line":55,"loc":{"start":{"line":55,"column":35},"end":{"line":60,"column":3}},"locations":[{"start":{"line":55,"column":35},"end":{"line":60,"column":3}}]},"13":{"type":"branch","line":56,"loc":{"start":{"line":56,"column":42},"end":{"line":56,"column":78}},"locations":[{"start":{"line":56,"column":42},"end":{"line":56,"column":78}}]},"14":{"type":"branch","line":56,"loc":{"start":{"line":56,"column":80},"end":{"line":58,"column":5}},"locations":[{"start":{"line":56,"column":80},"end":{"line":58,"column":5}}]},"15":{"type":"branch","line":58,"loc":{"start":{"line":58,"column":4},"end":{"line":60,"column":3}},"locations":[{"start":{"line":58,"column":4},"end":{"line":60,"column":3}}]},"16":{"type":"branch","line":60,"loc":{"start":{"line":60,"column":2},"end":{"line":63,"column":41}},"locations":[{"start":{"line":60,"column":2},"end":{"line":63,"column":41}}]},"17":{"type":"branch","line":63,"loc":{"start":{"line":63,"column":41},"end":{"line":65,"column":3}},"locations":[{"start":{"line":63,"column":41},"end":{"line":65,"column":3}}]},"18":{"type":"branch","line":64,"loc":{"start":{"line":64,"column":99},"end":{"line":64,"column":103}},"locations":[{"start":{"line":64,"column":99},"end":{"line":64,"column":103}}]},"19":{"type":"branch","line":65,"loc":{"start":{"line":65,"column":2},"end":{"line":68,"column":39}},"locations":[{"start":{"line":65,"column":2},"end":{"line":68,"column":39}}]},"20":{"type":"branch","line":68,"loc":{"start":{"line":68,"column":39},"end":{"line":70,"column":3}},"locations":[{"start":{"line":68,"column":39},"end":{"line":70,"column":3}}]},"21":{"type":"branch","line":70,"loc":{"start":{"line":70,"column":2},"end":{"line":73,"column":34}},"locations":[{"start":{"line":70,"column":2},"end":{"line":73,"column":34}}]},"22":{"type":"branch","line":73,"loc":{"start":{"line":73,"column":34},"end":{"line":78,"column":3}},"locations":[{"start":{"line":73,"column":34},"end":{"line":78,"column":3}}]},"23":{"type":"branch","line":74,"loc":{"start":{"line":74,"column":41},"end":{"line":76,"column":5}},"locations":[{"start":{"line":74,"column":41},"end":{"line":76,"column":5}}]},"24":{"type":"branch","line":76,"loc":{"start":{"line":76,"column":4},"end":{"line":78,"column":3}},"locations":[{"start":{"line":76,"column":4},"end":{"line":78,"column":3}}]},"25":{"type":"branch","line":78,"loc":{"start":{"line":78,"column":2},"end":{"line":84,"column":2}},"locations":[{"start":{"line":78,"column":2},"end":{"line":84,"column":2}}]},"26":{"type":"branch","line":91,"loc":{"start":{"line":91,"column":34},"end":{"line":93,"column":2}},"locations":[{"start":{"line":91,"column":34},"end":{"line":93,"column":2}}]},"27":{"type":"branch","line":100,"loc":{"start":{"line":100,"column":28},"end":{"line":133,"column":2}},"locations":[{"start":{"line":100,"column":28},"end":{"line":133,"column":2}}]},"28":{"type":"branch","line":101,"loc":{"start":{"line":101,"column":12},"end":{"line":101,"column":39}},"locations":[{"start":{"line":101,"column":12},"end":{"line":101,"column":39}}]},"29":{"type":"branch","line":101,"loc":{"start":{"line":101,"column":41},"end":{"line":103,"column":3}},"locations":[{"start":{"line":101,"column":41},"end":{"line":103,"column":3}}]},"30":{"type":"branch","line":103,"loc":{"start":{"line":103,"column":2},"end":{"line":108,"column":32}},"locations":[{"start":{"line":103,"column":2},"end":{"line":108,"column":32}}]},"31":{"type":"branch","line":108,"loc":{"start":{"line":108,"column":32},"end":{"line":110,"column":3}},"locations":[{"start":{"line":108,"column":32},"end":{"line":110,"column":3}}]},"32":{"type":"branch","line":110,"loc":{"start":{"line":110,"column":2},"end":{"line":112,"column":57}},"locations":[{"start":{"line":110,"column":2},"end":{"line":112,"column":57}}]},"33":{"type":"branch","line":112,"loc":{"start":{"line":112,"column":59},"end":{"line":114,"column":3}},"locations":[{"start":{"line":112,"column":59},"end":{"line":114,"column":3}}]},"34":{"type":"branch","line":114,"loc":{"start":{"line":114,"column":2},"end":{"line":116,"column":70}},"locations":[{"start":{"line":114,"column":2},"end":{"line":116,"column":70}}]},"35":{"type":"branch","line":116,"loc":{"start":{"line":116,"column":72},"end":{"line":118,"column":3}},"locations":[{"start":{"line":116,"column":72},"end":{"line":118,"column":3}}]},"36":{"type":"branch","line":118,"loc":{"start":{"line":118,"column":2},"end":{"line":120,"column":43}},"locations":[{"start":{"line":118,"column":2},"end":{"line":120,"column":43}}]},"37":{"type":"branch","line":120,"loc":{"start":{"line":120,"column":43},"end":{"line":122,"column":3}},"locations":[{"start":{"line":120,"column":43},"end":{"line":122,"column":3}}]},"38":{"type":"branch","line":122,"loc":{"start":{"line":122,"column":2},"end":{"line":124,"column":83}},"locations":[{"start":{"line":122,"column":2},"end":{"line":124,"column":83}}]},"39":{"type":"branch","line":124,"loc":{"start":{"line":124,"column":85},"end":{"line":126,"column":3}},"locations":[{"start":{"line":124,"column":85},"end":{"line":126,"column":3}}]},"40":{"type":"branch","line":126,"loc":{"start":{"line":126,"column":2},"end":{"line":128,"column":44}},"locations":[{"start":{"line":126,"column":2},"end":{"line":128,"column":44}}]},"41":{"type":"branch","line":128,"loc":{"start":{"line":128,"column":44},"end":{"line":130,"column":3}},"locations":[{"start":{"line":128,"column":44},"end":{"line":130,"column":3}}]},"42":{"type":"branch","line":130,"loc":{"start":{"line":130,"column":2},"end":{"line":133,"column":2}},"locations":[{"start":{"line":130,"column":2},"end":{"line":133,"column":2}}]},"43":{"type":"branch","line":106,"loc":{"start":{"line":106,"column":46},"end":{"line":106,"column":71}},"locations":[{"start":{"line":106,"column":46},"end":{"line":106,"column":71}}]},"44":{"type":"branch","line":141,"loc":{"start":{"line":141,"column":35},"end":{"line":160,"column":2}},"locations":[{"start":{"line":141,"column":35},"end":{"line":160,"column":2}}]},"45":{"type":"branch","line":147,"loc":{"start":{"line":147,"column":35},"end":{"line":149,"column":3}},"locations":[{"start":{"line":147,"column":35},"end":{"line":149,"column":3}}]},"46":{"type":"branch","line":149,"loc":{"start":{"line":149,"column":2},"end":{"line":153,"column":28}},"locations":[{"start":{"line":149,"column":2},"end":{"line":153,"column":28}}]},"47":{"type":"branch","line":153,"loc":{"start":{"line":153,"column":28},"end":{"line":155,"column":3}},"locations":[{"start":{"line":153,"column":28},"end":{"line":155,"column":3}}]},"48":{"type":"branch","line":155,"loc":{"start":{"line":155,"column":2},"end":{"line":160,"column":2}},"locations":[{"start":{"line":155,"column":2},"end":{"line":160,"column":2}}]},"49":{"type":"branch","line":152,"loc":{"start":{"line":152,"column":61},"end":{"line":152,"column":82}},"locations":[{"start":{"line":152,"column":61},"end":{"line":152,"column":82}}]},"50":{"type":"branch","line":169,"loc":{"start":{"line":169,"column":38},"end":{"line":208,"column":2}},"locations":[{"start":{"line":169,"column":38},"end":{"line":208,"column":2}}]},"51":{"type":"branch","line":176,"loc":{"start":{"line":176,"column":43},"end":{"line":194,"column":3}},"locations":[{"start":{"line":176,"column":43},"end":{"line":194,"column":3}}]},"52":{"type":"branch","line":178,"loc":{"start":{"line":178,"column":26},"end":{"line":193,"column":5}},"locations":[{"start":{"line":178,"column":26},"end":{"line":193,"column":5}}]},"53":{"type":"branch","line":196,"loc":{"start":{"line":196,"column":18},"end":{"line":198,"column":3}},"locations":[{"start":{"line":196,"column":18},"end":{"line":198,"column":3}}]},"54":{"type":"branch","line":198,"loc":{"start":{"line":198,"column":2},"end":{"line":208,"column":2}},"locations":[{"start":{"line":198,"column":2},"end":{"line":208,"column":2}}]},"55":{"type":"branch","line":177,"loc":{"start":{"line":177,"column":59},"end":{"line":177,"column":79}},"locations":[{"start":{"line":177,"column":59},"end":{"line":177,"column":79}}]},"56":{"type":"branch","line":185,"loc":{"start":{"line":185,"column":69},"end":{"line":185,"column":89}},"locations":[{"start":{"line":185,"column":69},"end":{"line":185,"column":89}}]},"57":{"type":"branch","line":216,"loc":{"start":{"line":216,"column":40},"end":{"line":240,"column":2}},"locations":[{"start":{"line":216,"column":40},"end":{"line":240,"column":2}}]},"58":{"type":"branch","line":220,"loc":{"start":{"line":220,"column":43},"end":{"line":233,"column":3}},"locations":[{"start":{"line":220,"column":43},"end":{"line":233,"column":3}}]},"59":{"type":"branch","line":222,"loc":{"start":{"line":222,"column":26},"end":{"line":232,"column":5}},"locations":[{"start":{"line":222,"column":26},"end":{"line":232,"column":5}}]},"60":{"type":"branch","line":235,"loc":{"start":{"line":235,"column":18},"end":{"line":240,"column":2}},"locations":[{"start":{"line":235,"column":18},"end":{"line":240,"column":2}}]},"61":{"type":"branch","line":235,"loc":{"start":{"line":235,"column":18},"end":{"line":237,"column":3}},"locations":[{"start":{"line":235,"column":18},"end":{"line":237,"column":3}}]},"62":{"type":"branch","line":237,"loc":{"start":{"line":237,"column":2},"end":{"line":240,"column":2}},"locations":[{"start":{"line":237,"column":2},"end":{"line":240,"column":2}}]},"63":{"type":"branch","line":221,"loc":{"start":{"line":221,"column":59},"end":{"line":221,"column":79}},"locations":[{"start":{"line":221,"column":59},"end":{"line":221,"column":79}}]},"64":{"type":"branch","line":224,"loc":{"start":{"line":224,"column":69},"end":{"line":224,"column":89}},"locations":[{"start":{"line":224,"column":69},"end":{"line":224,"column":89}}]},"65":{"type":"branch","line":248,"loc":{"start":{"line":248,"column":31},"end":{"line":251,"column":2}},"locations":[{"start":{"line":248,"column":31},"end":{"line":251,"column":2}}]},"66":{"type":"branch","line":249,"loc":{"start":{"line":249,"column":43},"end":{"line":249,"column":49}},"locations":[{"start":{"line":249,"column":43},"end":{"line":249,"column":49}}]},"67":{"type":"branch","line":249,"loc":{"start":{"line":249,"column":50},"end":{"line":249,"column":71}},"locations":[{"start":{"line":249,"column":50},"end":{"line":249,"column":71}}]},"68":{"type":"branch","line":250,"loc":{"start":{"line":250,"column":34},"end":{"line":250,"column":39}},"locations":[{"start":{"line":250,"column":34},"end":{"line":250,"column":39}}]},"69":{"type":"branch","line":258,"loc":{"start":{"line":258,"column":27},"end":{"line":264,"column":2}},"locations":[{"start":{"line":258,"column":27},"end":{"line":264,"column":2}}]},"70":{"type":"branch","line":260,"loc":{"start":{"line":260,"column":41},"end":{"line":262,"column":3}},"locations":[{"start":{"line":260,"column":41},"end":{"line":262,"column":3}}]},"71":{"type":"branch","line":271,"loc":{"start":{"line":271,"column":28},"end":{"line":282,"column":2}},"locations":[{"start":{"line":271,"column":28},"end":{"line":282,"column":2}}]},"72":{"type":"branch","line":280,"loc":{"start":{"line":280,"column":40},"end":{"line":280,"column":84}},"locations":[{"start":{"line":280,"column":40},"end":{"line":280,"column":84}}]},"73":{"type":"branch","line":280,"loc":{"start":{"line":280,"column":85},"end":{"line":280,"column":88}},"locations":[{"start":{"line":280,"column":85},"end":{"line":280,"column":88}}]},"74":{"type":"branch","line":273,"loc":{"start":{"line":273,"column":36},"end":{"line":273,"column":58}},"locations":[{"start":{"line":273,"column":36},"end":{"line":273,"column":58}}]},"75":{"type":"branch","line":274,"loc":{"start":{"line":274,"column":34},"end":{"line":274,"column":57}},"locations":[{"start":{"line":274,"column":34},"end":{"line":274,"column":57}}]},"76":{"type":"branch","line":290,"loc":{"start":{"line":290,"column":35},"end":{"line":301,"column":2}},"locations":[{"start":{"line":290,"column":35},"end":{"line":301,"column":2}}]},"77":{"type":"branch","line":293,"loc":{"start":{"line":293,"column":41},"end":{"line":298,"column":3}},"locations":[{"start":{"line":293,"column":41},"end":{"line":298,"column":3}}]},"78":{"type":"branch","line":295,"loc":{"start":{"line":295,"column":34},"end":{"line":297,"column":5}},"locations":[{"start":{"line":295,"column":34},"end":{"line":297,"column":5}}]},"79":{"type":"branch","line":294,"loc":{"start":{"line":294,"column":58},"end":{"line":294,"column":94}},"locations":[{"start":{"line":294,"column":58},"end":{"line":294,"column":94}}]},"80":{"type":"branch","line":309,"loc":{"start":{"line":309,"column":27},"end":{"line":329,"column":2}},"locations":[{"start":{"line":309,"column":27},"end":{"line":329,"column":2}}]},"81":{"type":"branch","line":310,"loc":{"start":{"line":310,"column":18},"end":{"line":310,"column":51}},"locations":[{"start":{"line":310,"column":18},"end":{"line":310,"column":51}}]},"82":{"type":"branch","line":310,"loc":{"start":{"line":310,"column":53},"end":{"line":312,"column":3}},"locations":[{"start":{"line":310,"column":53},"end":{"line":312,"column":3}}]},"83":{"type":"branch","line":312,"loc":{"start":{"line":312,"column":2},"end":{"line":317,"column":41}},"locations":[{"start":{"line":312,"column":2},"end":{"line":317,"column":41}}]},"84":{"type":"branch","line":317,"loc":{"start":{"line":317,"column":41},"end":{"line":326,"column":3}},"locations":[{"start":{"line":317,"column":41},"end":{"line":326,"column":3}}]},"85":{"type":"branch","line":326,"loc":{"start":{"line":326,"column":2},"end":{"line":329,"column":2}},"locations":[{"start":{"line":326,"column":2},"end":{"line":329,"column":2}}]},"86":{"type":"branch","line":318,"loc":{"start":{"line":318,"column":58},"end":{"line":320,"column":51}},"locations":[{"start":{"line":318,"column":58},"end":{"line":320,"column":51}}]},"87":{"type":"branch","line":319,"loc":{"start":{"line":319,"column":46},"end":{"line":320,"column":51}},"locations":[{"start":{"line":319,"column":46},"end":{"line":320,"column":51}}]},"88":{"type":"branch","line":323,"loc":{"start":{"line":323,"column":26},"end":{"line":325,"column":5}},"locations":[{"start":{"line":323,"column":26},"end":{"line":325,"column":5}}]},"89":{"type":"branch","line":338,"loc":{"start":{"line":338,"column":37},"end":{"line":367,"column":2}},"locations":[{"start":{"line":338,"column":37},"end":{"line":367,"column":2}}]},"90":{"type":"branch","line":341,"loc":{"start":{"line":341,"column":41},"end":{"line":364,"column":3}},"locations":[{"start":{"line":341,"column":41},"end":{"line":364,"column":3}}]},"91":{"type":"branch","line":344,"loc":{"start":{"line":344,"column":15},"end":{"line":361,"column":5}},"locations":[{"start":{"line":344,"column":15},"end":{"line":361,"column":5}}]},"92":{"type":"branch","line":348,"loc":{"start":{"line":348,"column":8},"end":{"line":350,"column":16}},"locations":[{"start":{"line":348,"column":8},"end":{"line":350,"column":16}}]},"93":{"type":"branch","line":351,"loc":{"start":{"line":351,"column":8},"end":{"line":353,"column":16}},"locations":[{"start":{"line":351,"column":8},"end":{"line":353,"column":16}}]},"94":{"type":"branch","line":352,"loc":{"start":{"line":352,"column":51},"end":{"line":352,"column":54}},"locations":[{"start":{"line":352,"column":51},"end":{"line":352,"column":54}}]},"95":{"type":"branch","line":352,"loc":{"start":{"line":352,"column":73},"end":{"line":352,"column":77}},"locations":[{"start":{"line":352,"column":73},"end":{"line":352,"column":77}}]},"96":{"type":"branch","line":354,"loc":{"start":{"line":354,"column":8},"end":{"line":354,"column":23}},"locations":[{"start":{"line":354,"column":8},"end":{"line":354,"column":23}}]},"97":{"type":"branch","line":355,"loc":{"start":{"line":355,"column":8},"end":{"line":357,"column":16}},"locations":[{"start":{"line":355,"column":8},"end":{"line":357,"column":16}}]},"98":{"type":"branch","line":360,"loc":{"start":{"line":360,"column":30},"end":{"line":360,"column":43}},"locations":[{"start":{"line":360,"column":30},"end":{"line":360,"column":43}}]},"99":{"type":"branch","line":360,"loc":{"start":{"line":360,"column":44},"end":{"line":360,"column":56}},"locations":[{"start":{"line":360,"column":44},"end":{"line":360,"column":56}}]}},"b":{"0":[14],"1":[19],"2":[15],"3":[13],"4":[7],"5":[12],"6":[19],"7":[18],"8":[1],"9":[18],"10":[1],"11":[17],"12":[6],"13":[5],"14":[2],"15":[4],"16":[15],"17":[2],"18":[0],"19":[15],"20":[8],"21":[15],"22":[3],"23":[1],"24":[2],"25":[14],"26":[3],"27":[18],"28":[17],"29":[2],"30":[16],"31":[2],"32":[14],"33":[0],"34":[14],"35":[0],"36":[14],"37":[1],"38":[13],"39":[1],"40":[12],"41":[0],"42":[12],"43":[96],"44":[11],"45":[5],"46":[10],"47":[1],"48":[9],"49":[5],"50":[9],"51":[12],"52":[6],"53":[3],"54":[6],"55":[12],"56":[6],"57":[6],"58":[8],"59":[4],"60":[5],"61":[2],"62":[4],"63":[8],"64":[4],"65":[13],"66":[11],"67":[2],"68":[3],"69":[13],"70":[22],"71":[3],"72":[2],"73":[1],"74":[4],"75":[4],"76":[4],"77":[8],"78":[4],"79":[8],"80":[8],"81":[5],"82":[3],"83":[5],"84":[10],"85":[5],"86":[10],"87":[7],"88":[4],"89":[5],"90":[6],"91":[4],"92":[1],"93":[1],"94":[0],"95":[0],"96":[2],"97":[2],"98":[1],"99":[3]},"fnMap":{"0":{"name":"generateTodoId","decl":{"start":{"line":7,"column":30},"end":{"line":9,"column":2}},"loc":{"start":{"line":7,"column":30},"end":{"line":9,"column":2}},"line":7},"1":{"name":"createTodo","decl":{"start":{"line":18,"column":26},"end":{"line":35,"column":2}},"loc":{"start":{"line":18,"column":26},"end":{"line":35,"column":2}},"line":18},"2":{"name":"updateTodo","decl":{"start":{"line":43,"column":26},"end":{"line":84,"column":2}},"loc":{"start":{"line":43,"column":26},"end":{"line":84,"column":2}},"line":43},"3":{"name":"toggleTodoComplete","decl":{"start":{"line":91,"column":34},"end":{"line":93,"column":2}},"loc":{"start":{"line":91,"column":34},"end":{"line":93,"column":2}},"line":91},"4":{"name":"validateTodo","decl":{"start":{"line":100,"column":28},"end":{"line":133,"column":2}},"loc":{"start":{"line":100,"column":28},"end":{"line":133,"column":2}},"line":100},"5":{"name":"addTodoToCollection","decl":{"start":{"line":141,"column":35},"end":{"line":160,"column":2}},"loc":{"start":{"line":141,"column":35},"end":{"line":160,"column":2}},"line":141},"6":{"name":"updateTodoInCollection","decl":{"start":{"line":169,"column":38},"end":{"line":208,"column":2}},"loc":{"start":{"line":169,"column":38},"end":{"line":208,"column":2}},"line":169},"7":{"name":"removeTodoFromCollection","decl":{"start":{"line":216,"column":40},"end":{"line":240,"column":2}},"loc":{"start":{"line":216,"column":40},"end":{"line":240,"column":2}},"line":216},"8":{"name":"getTodosForDate","decl":{"start":{"line":248,"column":31},"end":{"line":251,"column":2}},"loc":{"start":{"line":248,"column":31},"end":{"line":251,"column":2}},"line":248},"9":{"name":"getAllTodos","decl":{"start":{"line":258,"column":27},"end":{"line":264,"column":2}},"loc":{"start":{"line":258,"column":27},"end":{"line":264,"column":2}},"line":258},"10":{"name":"getTodoStats","decl":{"start":{"line":271,"column":28},"end":{"line":282,"column":2}},"loc":{"start":{"line":271,"column":28},"end":{"line":282,"column":2}},"line":271},"11":{"name":"filterTodosByStatus","decl":{"start":{"line":290,"column":35},"end":{"line":301,"column":2}},"loc":{"start":{"line":290,"column":35},"end":{"line":301,"column":2}},"line":290},"12":{"name":"searchTodos","decl":{"start":{"line":309,"column":27},"end":{"line":329,"column":2}},"loc":{"start":{"line":309,"column":27},"end":{"line":329,"column":2}},"line":309},"13":{"name":"sortTodosInCollection","decl":{"start":{"line":338,"column":37},"end":{"line":367,"column":2}},"loc":{"start":{"line":338,"column":37},"end":{"line":367,"column":2}},"line":338}},"f":{"0":14,"1":19,"2":19,"3":3,"4":18,"5":11,"6":9,"7":6,"8":13,"9":13,"10":3,"11":4,"12":8,"13":5}}
}
